[0.050s] Invoking command in '/home/a/ws_nhk/build/moveit_resources_fanuc_moveit_config': AMENT_PREFIX_PATH=/home/a/ws_nhk/install/moveit_resources_fanuc_description:${AMENT_PREFIX_PATH} CMAKE_PREFIX_PATH=/home/a/ws_nhk/install/moveit_resources_fanuc_description:/home/a/install/field_description_test:/opt/ros/humble /usr/bin/cmake --build /home/a/ws_nhk/build/moveit_resources_fanuc_moveit_config -- -j22 -l22
[0.077s] Invoked command in '/home/a/ws_nhk/build/moveit_resources_fanuc_moveit_config' returned '0': AMENT_PREFIX_PATH=/home/a/ws_nhk/install/moveit_resources_fanuc_description:${AMENT_PREFIX_PATH} CMAKE_PREFIX_PATH=/home/a/ws_nhk/install/moveit_resources_fanuc_description:/home/a/install/field_description_test:/opt/ros/humble /usr/bin/cmake --build /home/a/ws_nhk/build/moveit_resources_fanuc_moveit_config -- -j22 -l22
[0.078s] Invoking command in '/home/a/ws_nhk/build/moveit_resources_fanuc_moveit_config': AMENT_PREFIX_PATH=/home/a/ws_nhk/install/moveit_resources_fanuc_description:${AMENT_PREFIX_PATH} CMAKE_PREFIX_PATH=/home/a/ws_nhk/install/moveit_resources_fanuc_description:/home/a/install/field_description_test:/opt/ros/humble /usr/bin/cmake --install /home/a/ws_nhk/build/moveit_resources_fanuc_moveit_config
[0.083s] -- Install configuration: "Release"
[0.083s] -- Up-to-date: /home/a/ws_nhk/install/moveit_resources_fanuc_moveit_config/share/ament_index/resource_index/package_run_dependencies/moveit_resources_fanuc_moveit_config
[0.083s] -- Up-to-date: /home/a/ws_nhk/install/moveit_resources_fanuc_moveit_config/share/ament_index/resource_index/parent_prefix_path/moveit_resources_fanuc_moveit_config
[0.083s] -- Up-to-date: /home/a/ws_nhk/install/moveit_resources_fanuc_moveit_config/share/moveit_resources_fanuc_moveit_config/environment/ament_prefix_path.sh
[0.083s] -- Up-to-date: /home/a/ws_nhk/install/moveit_resources_fanuc_moveit_config/share/moveit_resources_fanuc_moveit_config/environment/ament_prefix_path.dsv
[0.083s] -- Up-to-date: /home/a/ws_nhk/install/moveit_resources_fanuc_moveit_config/share/moveit_resources_fanuc_moveit_config/environment/path.sh
[0.083s] -- Up-to-date: /home/a/ws_nhk/install/moveit_resources_fanuc_moveit_config/share/moveit_resources_fanuc_moveit_config/environment/path.dsv
[0.083s] -- Up-to-date: /home/a/ws_nhk/install/moveit_resources_fanuc_moveit_config/share/moveit_resources_fanuc_moveit_config/local_setup.bash
[0.084s] -- Up-to-date: /home/a/ws_nhk/install/moveit_resources_fanuc_moveit_config/share/moveit_resources_fanuc_moveit_config/local_setup.sh
[0.084s] -- Up-to-date: /home/a/ws_nhk/install/moveit_resources_fanuc_moveit_config/share/moveit_resources_fanuc_moveit_config/local_setup.zsh
[0.084s] -- Up-to-date: /home/a/ws_nhk/install/moveit_resources_fanuc_moveit_config/share/moveit_resources_fanuc_moveit_config/local_setup.dsv
[0.084s] -- Installing: /home/a/ws_nhk/install/moveit_resources_fanuc_moveit_config/share/moveit_resources_fanuc_moveit_config/package.dsv
[0.084s] -- Up-to-date: /home/a/ws_nhk/install/moveit_resources_fanuc_moveit_config/share/ament_index/resource_index/packages/moveit_resources_fanuc_moveit_config
[0.084s] -- Up-to-date: /home/a/ws_nhk/install/moveit_resources_fanuc_moveit_config/share/moveit_resources_fanuc_moveit_config/cmake/moveit_resources_fanuc_moveit_configConfig.cmake
[0.084s] -- Up-to-date: /home/a/ws_nhk/install/moveit_resources_fanuc_moveit_config/share/moveit_resources_fanuc_moveit_config/cmake/moveit_resources_fanuc_moveit_configConfig-version.cmake
[0.085s] -- Up-to-date: /home/a/ws_nhk/install/moveit_resources_fanuc_moveit_config/share/moveit_resources_fanuc_moveit_config/package.xml
[0.085s] -- Up-to-date: /home/a/ws_nhk/install/moveit_resources_fanuc_moveit_config/share/moveit_resources_fanuc_moveit_config/launch
[0.085s] -- Up-to-date: /home/a/ws_nhk/install/moveit_resources_fanuc_moveit_config/share/moveit_resources_fanuc_moveit_config/launch/demo.launch.py
[0.085s] -- Up-to-date: /home/a/ws_nhk/install/moveit_resources_fanuc_moveit_config/share/moveit_resources_fanuc_moveit_config/launch/moveit.rviz
[0.085s] -- Up-to-date: /home/a/ws_nhk/install/moveit_resources_fanuc_moveit_config/share/moveit_resources_fanuc_moveit_config/config
[0.085s] -- Up-to-date: /home/a/ws_nhk/install/moveit_resources_fanuc_moveit_config/share/moveit_resources_fanuc_moveit_config/config/ompl_planning.yaml
[0.085s] -- Up-to-date: /home/a/ws_nhk/install/moveit_resources_fanuc_moveit_config/share/moveit_resources_fanuc_moveit_config/config/pilz_cartesian_limits.yaml
[0.085s] -- Up-to-date: /home/a/ws_nhk/install/moveit_resources_fanuc_moveit_config/share/moveit_resources_fanuc_moveit_config/config/fanuc.srdf
[0.085s] -- Up-to-date: /home/a/ws_nhk/install/moveit_resources_fanuc_moveit_config/share/moveit_resources_fanuc_moveit_config/config/kinematics.yaml
[0.086s] -- Up-to-date: /home/a/ws_nhk/install/moveit_resources_fanuc_moveit_config/share/moveit_resources_fanuc_moveit_config/config/ros2_controllers.yaml
[0.087s] -- Up-to-date: /home/a/ws_nhk/install/moveit_resources_fanuc_moveit_config/share/moveit_resources_fanuc_moveit_config/config/joint_limits.yaml
[0.087s] -- Up-to-date: /home/a/ws_nhk/install/moveit_resources_fanuc_moveit_config/share/moveit_resources_fanuc_moveit_config/config/moveit_controllers.yaml
[0.087s] -- Up-to-date: /home/a/ws_nhk/install/moveit_resources_fanuc_moveit_config/share/moveit_resources_fanuc_moveit_config/config/sensors_3d.yaml
[0.087s] -- Up-to-date: /home/a/ws_nhk/install/moveit_resources_fanuc_moveit_config/share/moveit_resources_fanuc_moveit_config/config/chomp_planning.yaml
[0.087s] -- Up-to-date: /home/a/ws_nhk/install/moveit_resources_fanuc_moveit_config/share/moveit_resources_fanuc_moveit_config/config/fanuc.ros2_control.xacro
[0.087s] -- Up-to-date: /home/a/ws_nhk/install/moveit_resources_fanuc_moveit_config/share/moveit_resources_fanuc_moveit_config/config/fanuc.urdf.xacro
[0.089s] -- Up-to-date: /home/a/ws_nhk/install/moveit_resources_fanuc_moveit_config/share/moveit_resources_fanuc_moveit_config/config/initial_positions.yaml
[0.089s] -- Up-to-date: /home/a/ws_nhk/install/moveit_resources_fanuc_moveit_config/share/moveit_resources_fanuc_moveit_config/.setup_assistant
[0.089s] Invoked command in '/home/a/ws_nhk/build/moveit_resources_fanuc_moveit_config' returned '0': AMENT_PREFIX_PATH=/home/a/ws_nhk/install/moveit_resources_fanuc_description:${AMENT_PREFIX_PATH} CMAKE_PREFIX_PATH=/home/a/ws_nhk/install/moveit_resources_fanuc_description:/home/a/install/field_description_test:/opt/ros/humble /usr/bin/cmake --install /home/a/ws_nhk/build/moveit_resources_fanuc_moveit_config
