[0.016s] Invoking command in '/home/a/ws_nhk/build/dynamixel_controller': AMENT_PREFIX_PATH=/home/a/ws_nhk/install/dynamixel_sdk:${AMENT_PREFIX_PATH} CMAKE_PREFIX_PATH=/home/a/ws_nhk/install/dynamixel_sdk:/home/a/ws_nhk/install/moveit_runtime:/home/a/ws_nhk/install/moveit_config:/home/a/ws_nhk/install/moveit2_tutorials:/home/a/ws_nhk/install/moveit:/home/a/ws_nhk/install/moveit_planners:/home/a/ws_nhk/install/pilz_industrial_motion_planner:/home/a/ws_nhk/install/moveit_task_constructor_visualization:/home/a/ws_nhk/install/moveit_task_constructor_demo:/home/a/ws_nhk/install/moveit_task_constructor_capabilities:/home/a/ws_nhk/install/moveit_task_constructor_core:/home/a/ws_nhk/install/moveit_setup_assistant:/home/a/ws_nhk/install/moveit_setup_srdf_plugins:/home/a/ws_nhk/install/moveit_setup_core_plugins:/home/a/ws_nhk/install/moveit_setup_controllers:/home/a/ws_nhk/install/moveit_setup_app_plugins:/home/a/ws_nhk/install/moveit_setup_framework:/home/a/ws_nhk/install/moveit_servo:/home/a/ws_nhk/install/moveit_ros:/home/a/ws_nhk/install/moveit_ros_visualization:/home/a/ws_nhk/install/moveit_hybrid_planning:/home/a/ws_nhk/install/moveit_ros_planning_interface:/home/a/ws_nhk/install/moveit_resources_prbt_pg70_support:/home/a/ws_nhk/install/moveit_resources_prbt_moveit_config:/home/a/ws_nhk/install/moveit_ros_move_group:/home/a/ws_nhk/install/moveit_kinematics:/home/a/ws_nhk/install/trac_ik:/home/a/ws_nhk/install/trac_ik_kinematics_plugin:/home/a/ws_nhk/install/trac_ik_lib:/home/a/ws_nhk/install/pilz_industrial_motion_planner_testutils:/home/a/ws_nhk/install/moveit_visual_tools:/home/a/ws_nhk/install/moveit_ros_control_interface:/home/a/ws_nhk/install/moveit_plugins:/home/a/ws_nhk/install/moveit_simple_controller_manager:/home/a/ws_nhk/install/moveit_ros_benchmarks:/home/a/ws_nhk/install/moveit_ros_warehouse:/home/a/ws_nhk/install/moveit_ros_robot_interaction:/home/a/ws_nhk/install/moveit_ros_perception:/home/a/ws_nhk/install/moveit_planners_ompl:/home/a/ws_nhk/install/moveit_ros_planning:/home/a/ws_nhk/install/moveit_ros_occupancy_map_monitor:/home/a/ws_nhk/install/moveit_resources_prbt_ikfast_manipulator_plugin:/home/a/ws_nhk/install/moveit_planners_chomp:/home/a/ws_nhk/install/moveit_chomp_optimizer_adapter:/home/a/ws_nhk/install/chomp_motion_planner:/home/a/ws_nhk/install/moveit_core:/home/a/ws_nhk/install/srdfdom:/home/a/ws_nhk/install/rviz_marker_tools:/home/a/ws_nhk/install/rosparam_shortcuts:/home/a/ws_nhk/install/moveit_task_constructor_msgs:/home/a/ws_nhk/install/moveit_resources_prbt_support:/home/a/ws_nhk/install/moveit_resources:/home/a/ws_nhk/install/moveit_resources_pr2_description:/home/a/ws_nhk/install/moveit_resources_panda_moveit_config:/home/a/ws_nhk/install/moveit_resources_panda_description:/home/a/ws_nhk/install/moveit_resources_fanuc_moveit_config:/home/a/ws_nhk/install/moveit_resources_fanuc_description:/home/a/ws_nhk/install/moveit_common:/home/a/ws_nhk/install/arm_v20_description:/home/a/install/field_description_test:/home/a/ws_nhk/install/moveit_configs_utils:/home/a/ws_nhk/install/launch_param_builder:/opt/ros/humble LD_LIBRARY_PATH=/home/a/ws_nhk/install/dynamixel_sdk/lib:${LD_LIBRARY_PATH} /usr/bin/cmake /home/a/ws_nhk/src/dynamixel_ros2/dynamixel_controller -DCMAKE_INSTALL_PREFIX=/home/a/ws_nhk/install/dynamixel_controller
[0.065s] -- The C compiler identification is GNU 11.4.0
[0.109s] -- The CXX compiler identification is GNU 11.4.0
[0.115s] -- Detecting C compiler ABI info
[0.179s] -- Detecting C compiler ABI info - done
[0.184s] -- Check for working C compiler: /usr/bin/cc - skipped
[0.185s] -- Detecting C compile features
[0.185s] -- Detecting C compile features - done
[0.190s] -- Detecting CXX compiler ABI info
[0.257s] -- Detecting CXX compiler ABI info - done
[0.262s] -- Check for working CXX compiler: /usr/bin/c++ - skipped
[0.262s] -- Detecting CXX compile features
[0.262s] -- Detecting CXX compile features - done
[0.266s] -- Found ament_cmake: 1.3.12 (/opt/ros/humble/share/ament_cmake/cmake)
[0.387s] -- Found Python3: /usr/bin/python3 (found version "3.10.12") found components: Interpreter 
[0.491s] -- Found rclcpp: 16.0.15 (/opt/ros/humble/share/rclcpp/cmake)
[0.557s] -- Found rosidl_generator_c: 3.1.7 (/opt/ros/humble/share/rosidl_generator_c/cmake)
[0.565s] -- Found rosidl_adapter: 3.1.7 (/opt/ros/humble/share/rosidl_adapter/cmake)
[0.577s] -- Found rosidl_generator_cpp: 3.1.7 (/opt/ros/humble/share/rosidl_generator_cpp/cmake)
[0.594s] -- Using all available rosidl_typesupport_c: rosidl_typesupport_fastrtps_c;rosidl_typesupport_introspection_c
[0.630s] -- Using all available rosidl_typesupport_cpp: rosidl_typesupport_fastrtps_cpp;rosidl_typesupport_introspection_cpp
[0.709s] -- Found rmw_implementation_cmake: 6.1.2 (/opt/ros/humble/share/rmw_implementation_cmake/cmake)
[0.716s] -- Found rmw_fastrtps_cpp: 6.2.8 (/opt/ros/humble/share/rmw_fastrtps_cpp/cmake)
[0.874s] -- Found OpenSSL: /usr/lib/x86_64-linux-gnu/libcrypto.so (found version "3.0.2")  
[0.929s] -- Found FastRTPS: /opt/ros/humble/include  
[0.981s] -- Using RMW implementation 'rmw_fastrtps_cpp' as default
[0.996s] -- Looking for pthread.h
[1.051s] -- Looking for pthread.h - found
[1.051s] -- Performing Test CMAKE_HAVE_LIBC_PTHREAD
[1.141s] -- Performing Test CMAKE_HAVE_LIBC_PTHREAD - Success
[1.143s] -- Found Threads: TRUE  
[1.238s] -- Found rosidl_default_generators: 1.2.0 (/opt/ros/humble/share/rosidl_default_generators/cmake)
[1.258s] -- Found dynamixel_sdk: 3.7.60 (/home/a/ws_nhk/install/dynamixel_sdk/share/dynamixel_sdk/cmake)
[1.680s] -- Found ament_cmake_ros: 0.10.0 (/opt/ros/humble/share/ament_cmake_ros/cmake)
[2.743s] -- Using all available rosidl_typesupport_c: rosidl_typesupport_fastrtps_c;rosidl_typesupport_introspection_c
[3.209s] -- Using all available rosidl_typesupport_cpp: rosidl_typesupport_fastrtps_cpp;rosidl_typesupport_introspection_cpp
[3.299s] -- Found PythonInterp: /usr/bin/python3 (found suitable version "3.10.12", minimum required is "3.6") 
[3.324s] -- Found python_cmake_module: 0.10.0 (/opt/ros/humble/share/python_cmake_module/cmake)
[3.432s] -- Found PythonLibs: /usr/lib/x86_64-linux-gnu/libpython3.10.so (found suitable version "3.10.12", minimum required is "3.5") 
[3.433s] -- Using PYTHON_EXECUTABLE: /usr/bin/python3
[3.433s] -- Using PYTHON_INCLUDE_DIRS: /usr/include/python3.10
[3.433s] -- Using PYTHON_LIBRARIES: /usr/lib/x86_64-linux-gnu/libpython3.10.so
[3.518s] -- Found PythonExtra: .so  
[4.012s] -- Configuring done
[4.190s] -- Generating done
[4.251s] -- Build files have been written to: /home/a/ws_nhk/build/dynamixel_controller
[4.323s] Invoked command in '/home/a/ws_nhk/build/dynamixel_controller' returned '0': AMENT_PREFIX_PATH=/home/a/ws_nhk/install/dynamixel_sdk:${AMENT_PREFIX_PATH} CMAKE_PREFIX_PATH=/home/a/ws_nhk/install/dynamixel_sdk:/home/a/ws_nhk/install/moveit_runtime:/home/a/ws_nhk/install/moveit_config:/home/a/ws_nhk/install/moveit2_tutorials:/home/a/ws_nhk/install/moveit:/home/a/ws_nhk/install/moveit_planners:/home/a/ws_nhk/install/pilz_industrial_motion_planner:/home/a/ws_nhk/install/moveit_task_constructor_visualization:/home/a/ws_nhk/install/moveit_task_constructor_demo:/home/a/ws_nhk/install/moveit_task_constructor_capabilities:/home/a/ws_nhk/install/moveit_task_constructor_core:/home/a/ws_nhk/install/moveit_setup_assistant:/home/a/ws_nhk/install/moveit_setup_srdf_plugins:/home/a/ws_nhk/install/moveit_setup_core_plugins:/home/a/ws_nhk/install/moveit_setup_controllers:/home/a/ws_nhk/install/moveit_setup_app_plugins:/home/a/ws_nhk/install/moveit_setup_framework:/home/a/ws_nhk/install/moveit_servo:/home/a/ws_nhk/install/moveit_ros:/home/a/ws_nhk/install/moveit_ros_visualization:/home/a/ws_nhk/install/moveit_hybrid_planning:/home/a/ws_nhk/install/moveit_ros_planning_interface:/home/a/ws_nhk/install/moveit_resources_prbt_pg70_support:/home/a/ws_nhk/install/moveit_resources_prbt_moveit_config:/home/a/ws_nhk/install/moveit_ros_move_group:/home/a/ws_nhk/install/moveit_kinematics:/home/a/ws_nhk/install/trac_ik:/home/a/ws_nhk/install/trac_ik_kinematics_plugin:/home/a/ws_nhk/install/trac_ik_lib:/home/a/ws_nhk/install/pilz_industrial_motion_planner_testutils:/home/a/ws_nhk/install/moveit_visual_tools:/home/a/ws_nhk/install/moveit_ros_control_interface:/home/a/ws_nhk/install/moveit_plugins:/home/a/ws_nhk/install/moveit_simple_controller_manager:/home/a/ws_nhk/install/moveit_ros_benchmarks:/home/a/ws_nhk/install/moveit_ros_warehouse:/home/a/ws_nhk/install/moveit_ros_robot_interaction:/home/a/ws_nhk/install/moveit_ros_perception:/home/a/ws_nhk/install/moveit_planners_ompl:/home/a/ws_nhk/install/moveit_ros_planning:/home/a/ws_nhk/install/moveit_ros_occupancy_map_monitor:/home/a/ws_nhk/install/moveit_resources_prbt_ikfast_manipulator_plugin:/home/a/ws_nhk/install/moveit_planners_chomp:/home/a/ws_nhk/install/moveit_chomp_optimizer_adapter:/home/a/ws_nhk/install/chomp_motion_planner:/home/a/ws_nhk/install/moveit_core:/home/a/ws_nhk/install/srdfdom:/home/a/ws_nhk/install/rviz_marker_tools:/home/a/ws_nhk/install/rosparam_shortcuts:/home/a/ws_nhk/install/moveit_task_constructor_msgs:/home/a/ws_nhk/install/moveit_resources_prbt_support:/home/a/ws_nhk/install/moveit_resources:/home/a/ws_nhk/install/moveit_resources_pr2_description:/home/a/ws_nhk/install/moveit_resources_panda_moveit_config:/home/a/ws_nhk/install/moveit_resources_panda_description:/home/a/ws_nhk/install/moveit_resources_fanuc_moveit_config:/home/a/ws_nhk/install/moveit_resources_fanuc_description:/home/a/ws_nhk/install/moveit_common:/home/a/ws_nhk/install/arm_v20_description:/home/a/install/field_description_test:/home/a/ws_nhk/install/moveit_configs_utils:/home/a/ws_nhk/install/launch_param_builder:/opt/ros/humble LD_LIBRARY_PATH=/home/a/ws_nhk/install/dynamixel_sdk/lib:${LD_LIBRARY_PATH} /usr/bin/cmake /home/a/ws_nhk/src/dynamixel_ros2/dynamixel_controller -DCMAKE_INSTALL_PREFIX=/home/a/ws_nhk/install/dynamixel_controller
[4.336s] Invoking command in '/home/a/ws_nhk/build/dynamixel_controller': AMENT_PREFIX_PATH=/home/a/ws_nhk/install/dynamixel_sdk:${AMENT_PREFIX_PATH} CMAKE_PREFIX_PATH=/home/a/ws_nhk/install/dynamixel_sdk:/home/a/ws_nhk/install/moveit_runtime:/home/a/ws_nhk/install/moveit_config:/home/a/ws_nhk/install/moveit2_tutorials:/home/a/ws_nhk/install/moveit:/home/a/ws_nhk/install/moveit_planners:/home/a/ws_nhk/install/pilz_industrial_motion_planner:/home/a/ws_nhk/install/moveit_task_constructor_visualization:/home/a/ws_nhk/install/moveit_task_constructor_demo:/home/a/ws_nhk/install/moveit_task_constructor_capabilities:/home/a/ws_nhk/install/moveit_task_constructor_core:/home/a/ws_nhk/install/moveit_setup_assistant:/home/a/ws_nhk/install/moveit_setup_srdf_plugins:/home/a/ws_nhk/install/moveit_setup_core_plugins:/home/a/ws_nhk/install/moveit_setup_controllers:/home/a/ws_nhk/install/moveit_setup_app_plugins:/home/a/ws_nhk/install/moveit_setup_framework:/home/a/ws_nhk/install/moveit_servo:/home/a/ws_nhk/install/moveit_ros:/home/a/ws_nhk/install/moveit_ros_visualization:/home/a/ws_nhk/install/moveit_hybrid_planning:/home/a/ws_nhk/install/moveit_ros_planning_interface:/home/a/ws_nhk/install/moveit_resources_prbt_pg70_support:/home/a/ws_nhk/install/moveit_resources_prbt_moveit_config:/home/a/ws_nhk/install/moveit_ros_move_group:/home/a/ws_nhk/install/moveit_kinematics:/home/a/ws_nhk/install/trac_ik:/home/a/ws_nhk/install/trac_ik_kinematics_plugin:/home/a/ws_nhk/install/trac_ik_lib:/home/a/ws_nhk/install/pilz_industrial_motion_planner_testutils:/home/a/ws_nhk/install/moveit_visual_tools:/home/a/ws_nhk/install/moveit_ros_control_interface:/home/a/ws_nhk/install/moveit_plugins:/home/a/ws_nhk/install/moveit_simple_controller_manager:/home/a/ws_nhk/install/moveit_ros_benchmarks:/home/a/ws_nhk/install/moveit_ros_warehouse:/home/a/ws_nhk/install/moveit_ros_robot_interaction:/home/a/ws_nhk/install/moveit_ros_perception:/home/a/ws_nhk/install/moveit_planners_ompl:/home/a/ws_nhk/install/moveit_ros_planning:/home/a/ws_nhk/install/moveit_ros_occupancy_map_monitor:/home/a/ws_nhk/install/moveit_resources_prbt_ikfast_manipulator_plugin:/home/a/ws_nhk/install/moveit_planners_chomp:/home/a/ws_nhk/install/moveit_chomp_optimizer_adapter:/home/a/ws_nhk/install/chomp_motion_planner:/home/a/ws_nhk/install/moveit_core:/home/a/ws_nhk/install/srdfdom:/home/a/ws_nhk/install/rviz_marker_tools:/home/a/ws_nhk/install/rosparam_shortcuts:/home/a/ws_nhk/install/moveit_task_constructor_msgs:/home/a/ws_nhk/install/moveit_resources_prbt_support:/home/a/ws_nhk/install/moveit_resources:/home/a/ws_nhk/install/moveit_resources_pr2_description:/home/a/ws_nhk/install/moveit_resources_panda_moveit_config:/home/a/ws_nhk/install/moveit_resources_panda_description:/home/a/ws_nhk/install/moveit_resources_fanuc_moveit_config:/home/a/ws_nhk/install/moveit_resources_fanuc_description:/home/a/ws_nhk/install/moveit_common:/home/a/ws_nhk/install/arm_v20_description:/home/a/install/field_description_test:/home/a/ws_nhk/install/moveit_configs_utils:/home/a/ws_nhk/install/launch_param_builder:/opt/ros/humble LD_LIBRARY_PATH=/home/a/ws_nhk/install/dynamixel_sdk/lib:${LD_LIBRARY_PATH} /usr/bin/cmake --build /home/a/ws_nhk/build/dynamixel_controller -- -j22 -l22
[4.504s] [  2%] [34m[1mGenerating C code for ROS interfaces[0m
[4.561s] [  4%] [34m[1mGenerating C++ code for ROS interfaces[0m
[4.592s] [  4%] Built target ament_cmake_python_copy_dynamixel_controller
[5.724s] running egg_info
[5.727s] creating dynamixel_controller.egg-info
[5.729s] writing dynamixel_controller.egg-info/PKG-INFO
[5.730s] writing dependency_links to dynamixel_controller.egg-info/dependency_links.txt
[5.732s] writing top-level names to dynamixel_controller.egg-info/top_level.txt
[5.733s] writing manifest file 'dynamixel_controller.egg-info/SOURCES.txt'
[5.744s] reading manifest file 'dynamixel_controller.egg-info/SOURCES.txt'
[5.746s] writing manifest file 'dynamixel_controller.egg-info/SOURCES.txt'
[5.885s] [  4%] Built target ament_cmake_python_build_dynamixel_controller_egg
[8.795s] [  4%] Built target dynamixel_controller__cpp
[8.823s] [  6%] [34m[1mGenerating C++ type support for eProsima Fast-RTPS[0m
[8.824s] [  8%] [34m[1mGenerating C++ type support dispatch for ROS interfaces[0m
[8.827s] [ 10%] [34m[1mGenerating C++ introspection for ROS interfaces[0m
[8.921s] [ 12%] [32mBuilding C object CMakeFiles/dynamixel_controller__rosidl_generator_c.dir/rosidl_generator_c/dynamixel_controller/msg/detail/dynamixel_controller__functions.c.o[0m
[8.925s] [ 14%] [32mBuilding C object CMakeFiles/dynamixel_controller__rosidl_generator_c.dir/rosidl_generator_c/dynamixel_controller/msg/detail/dynamixel_command__functions.c.o[0m
[8.929s] [ 16%] [32mBuilding C object CMakeFiles/dynamixel_controller__rosidl_generator_c.dir/rosidl_generator_c/dynamixel_controller/msg/detail/dynamixel_response__functions.c.o[0m
[9.049s] [ 18%] [32m[1mLinking C shared library libdynamixel_controller__rosidl_generator_c.so[0m
[9.153s] [ 18%] Built target dynamixel_controller__rosidl_generator_c
[9.190s] [ 20%] [34m[1mGenerating C type support for eProsima Fast-RTPS[0m
[9.190s] [ 22%] [34m[1mGenerating C introspection for ROS interfaces[0m
[9.192s] [ 24%] [34m[1mGenerating C type support dispatch for ROS interfaces[0m
[13.099s] [ 26%] [32mBuilding CXX object CMakeFiles/dynamixel_controller__rosidl_typesupport_cpp.dir/rosidl_typesupport_cpp/dynamixel_controller/msg/dynamixel_command__type_support.cpp.o[0m
[13.100s] [ 28%] [32mBuilding CXX object CMakeFiles/dynamixel_controller__rosidl_typesupport_cpp.dir/rosidl_typesupport_cpp/dynamixel_controller/msg/dynamixel_response__type_support.cpp.o[0m
[13.118s] [ 30%] [32mBuilding CXX object CMakeFiles/dynamixel_controller__rosidl_typesupport_cpp.dir/rosidl_typesupport_cpp/dynamixel_controller/msg/dynamixel_controller__type_support.cpp.o[0m
[13.354s] [ 32%] [32mBuilding CXX object CMakeFiles/dynamixel_controller__rosidl_typesupport_introspection_cpp.dir/rosidl_typesupport_introspection_cpp/dynamixel_controller/msg/detail/dynamixel_response__type_support.cpp.o[0m
[13.354s] [ 34%] [32mBuilding CXX object CMakeFiles/dynamixel_controller__rosidl_typesupport_introspection_cpp.dir/rosidl_typesupport_introspection_cpp/dynamixel_controller/msg/detail/dynamixel_command__type_support.cpp.o[0m
[13.359s] [ 36%] [32mBuilding CXX object CMakeFiles/dynamixel_controller__rosidl_typesupport_introspection_cpp.dir/rosidl_typesupport_introspection_cpp/dynamixel_controller/msg/detail/dynamixel_controller__type_support.cpp.o[0m
[14.584s] [ 38%] [32mBuilding CXX object CMakeFiles/dynamixel_controller__rosidl_typesupport_fastrtps_cpp.dir/rosidl_typesupport_fastrtps_cpp/dynamixel_controller/msg/detail/dds_fastrtps/dynamixel_controller__type_support.cpp.o[0m
[14.585s] [ 40%] [32mBuilding CXX object CMakeFiles/dynamixel_controller__rosidl_typesupport_fastrtps_cpp.dir/rosidl_typesupport_fastrtps_cpp/dynamixel_controller/msg/detail/dds_fastrtps/dynamixel_command__type_support.cpp.o[0m
[14.610s] [ 42%] [32mBuilding CXX object CMakeFiles/dynamixel_controller__rosidl_typesupport_fastrtps_cpp.dir/rosidl_typesupport_fastrtps_cpp/dynamixel_controller/msg/detail/dds_fastrtps/dynamixel_response__type_support.cpp.o[0m
[14.850s] [ 44%] [32mBuilding C object CMakeFiles/dynamixel_controller__rosidl_typesupport_introspection_c.dir/rosidl_typesupport_introspection_c/dynamixel_controller/msg/detail/dynamixel_command__type_support.c.o[0m
[14.875s] [ 46%] [32mBuilding C object CMakeFiles/dynamixel_controller__rosidl_typesupport_introspection_c.dir/rosidl_typesupport_introspection_c/dynamixel_controller/msg/detail/dynamixel_response__type_support.c.o[0m
[14.896s] [ 48%] [32mBuilding C object CMakeFiles/dynamixel_controller__rosidl_typesupport_introspection_c.dir/rosidl_typesupport_introspection_c/dynamixel_controller/msg/detail/dynamixel_controller__type_support.c.o[0m
[15.080s] [ 51%] [32m[1mLinking CXX shared library libdynamixel_controller__rosidl_typesupport_cpp.so[0m
[15.245s] [ 53%] [32m[1mLinking C shared library libdynamixel_controller__rosidl_typesupport_introspection_c.so[0m
[15.348s] [ 55%] [32mBuilding CXX object CMakeFiles/dynamixel_controller__rosidl_typesupport_c.dir/rosidl_typesupport_c/dynamixel_controller/msg/dynamixel_controller__type_support.cpp.o[0m
[15.356s] [ 57%] [32mBuilding CXX object CMakeFiles/dynamixel_controller__rosidl_typesupport_c.dir/rosidl_typesupport_c/dynamixel_controller/msg/dynamixel_command__type_support.cpp.o[0m
[15.370s] [ 59%] [32mBuilding CXX object CMakeFiles/dynamixel_controller__rosidl_typesupport_c.dir/rosidl_typesupport_c/dynamixel_controller/msg/dynamixel_response__type_support.cpp.o[0m
[15.376s] [ 59%] Built target dynamixel_controller__rosidl_typesupport_cpp
[15.513s] [ 59%] Built target dynamixel_controller__rosidl_typesupport_introspection_c
[15.543s] [ 61%] [32mBuilding CXX object CMakeFiles/dynamixel_controller_node.dir/src/dynamixel_controller.cpp.o[0m
[15.583s] [ 63%] [32m[1mLinking CXX shared library libdynamixel_controller__rosidl_typesupport_c.so[0m
[15.651s] [ 65%] [32mBuilding CXX object CMakeFiles/dynamixel_controller__rosidl_typesupport_fastrtps_c.dir/rosidl_typesupport_fastrtps_c/dynamixel_controller/msg/detail/dynamixel_response__type_support_c.cpp.o[0m
[15.671s] [ 67%] [32mBuilding CXX object CMakeFiles/dynamixel_controller__rosidl_typesupport_fastrtps_c.dir/rosidl_typesupport_fastrtps_c/dynamixel_controller/msg/detail/dynamixel_controller__type_support_c.cpp.o[0m
[15.671s] [ 69%] [32mBuilding CXX object CMakeFiles/dynamixel_controller__rosidl_typesupport_fastrtps_c.dir/rosidl_typesupport_fastrtps_c/dynamixel_controller/msg/detail/dynamixel_command__type_support_c.cpp.o[0m
[15.796s] [ 71%] [32m[1mLinking CXX shared library libdynamixel_controller__rosidl_typesupport_introspection_cpp.so[0m
[15.870s] [ 71%] Built target dynamixel_controller__rosidl_typesupport_c
[16.372s] [ 71%] Built target dynamixel_controller__rosidl_typesupport_introspection_cpp
[17.095s] [ 73%] [32m[1mLinking CXX shared library libdynamixel_controller__rosidl_typesupport_fastrtps_cpp.so[0m
[17.455s] [ 73%] Built target dynamixel_controller__rosidl_typesupport_fastrtps_cpp
[17.626s] [ 75%] [32m[1mLinking CXX shared library libdynamixel_controller__rosidl_typesupport_fastrtps_c.so[0m
[17.958s] [ 75%] Built target dynamixel_controller__rosidl_typesupport_fastrtps_c
[18.104s] [ 75%] Built target dynamixel_controller
[18.297s] [ 77%] [34m[1mGenerating Python code for ROS interfaces[0m
[33.710s] [ 77%] Built target dynamixel_controller__py
[33.881s] [ 79%] [32mBuilding C object CMakeFiles/dynamixel_controller__rosidl_generator_py.dir/rosidl_generator_py/dynamixel_controller/msg/_dynamixel_command_s.c.o[0m
[33.888s] [ 81%] [32mBuilding C object CMakeFiles/dynamixel_controller__rosidl_generator_py.dir/rosidl_generator_py/dynamixel_controller/msg/_dynamixel_response_s.c.o[0m
[33.893s] [ 83%] [32mBuilding C object CMakeFiles/dynamixel_controller__rosidl_generator_py.dir/rosidl_generator_py/dynamixel_controller/msg/_dynamixel_controller_s.c.o[0m
[34.586s] [ 85%] [32m[1mLinking C shared library rosidl_generator_py/dynamixel_controller/libdynamixel_controller__rosidl_generator_py.so[0m
[34.849s] [ 85%] Built target dynamixel_controller__rosidl_generator_py
[35.002s] [ 87%] [32mBuilding C object CMakeFiles/dynamixel_controller__rosidl_typesupport_introspection_c__pyext.dir/rosidl_generator_py/dynamixel_controller/_dynamixel_controller_s.ep.rosidl_typesupport_introspection_c.c.o[0m
[35.004s] [ 89%] [32mBuilding C object CMakeFiles/dynamixel_controller__rosidl_typesupport_fastrtps_c__pyext.dir/rosidl_generator_py/dynamixel_controller/_dynamixel_controller_s.ep.rosidl_typesupport_fastrtps_c.c.o[0m
[35.019s] [ 91%] [32mBuilding C object CMakeFiles/dynamixel_controller__rosidl_typesupport_c__pyext.dir/rosidl_generator_py/dynamixel_controller/_dynamixel_controller_s.ep.rosidl_typesupport_c.c.o[0m
[35.696s] [ 93%] [32m[1mLinking C shared library rosidl_generator_py/dynamixel_controller/dynamixel_controller_s__rosidl_typesupport_c.cpython-310-x86_64-linux-gnu.so[0m
[35.723s] [ 95%] [32m[1mLinking C shared library rosidl_generator_py/dynamixel_controller/dynamixel_controller_s__rosidl_typesupport_introspection_c.cpython-310-x86_64-linux-gnu.so[0m
[35.733s] [ 97%] [32m[1mLinking C shared library rosidl_generator_py/dynamixel_controller/dynamixel_controller_s__rosidl_typesupport_fastrtps_c.cpython-310-x86_64-linux-gnu.so[0m
[35.996s] [ 97%] Built target dynamixel_controller__rosidl_typesupport_introspection_c__pyext
[35.997s] [ 97%] Built target dynamixel_controller__rosidl_typesupport_fastrtps_c__pyext
[36.000s] [ 97%] Built target dynamixel_controller__rosidl_typesupport_c__pyext
[47.012s] [100%] [32m[1mLinking CXX executable dynamixel_controller_node[0m
[48.050s] [100%] Built target dynamixel_controller_node
[48.105s] Invoked command in '/home/a/ws_nhk/build/dynamixel_controller' returned '0': AMENT_PREFIX_PATH=/home/a/ws_nhk/install/dynamixel_sdk:${AMENT_PREFIX_PATH} CMAKE_PREFIX_PATH=/home/a/ws_nhk/install/dynamixel_sdk:/home/a/ws_nhk/install/moveit_runtime:/home/a/ws_nhk/install/moveit_config:/home/a/ws_nhk/install/moveit2_tutorials:/home/a/ws_nhk/install/moveit:/home/a/ws_nhk/install/moveit_planners:/home/a/ws_nhk/install/pilz_industrial_motion_planner:/home/a/ws_nhk/install/moveit_task_constructor_visualization:/home/a/ws_nhk/install/moveit_task_constructor_demo:/home/a/ws_nhk/install/moveit_task_constructor_capabilities:/home/a/ws_nhk/install/moveit_task_constructor_core:/home/a/ws_nhk/install/moveit_setup_assistant:/home/a/ws_nhk/install/moveit_setup_srdf_plugins:/home/a/ws_nhk/install/moveit_setup_core_plugins:/home/a/ws_nhk/install/moveit_setup_controllers:/home/a/ws_nhk/install/moveit_setup_app_plugins:/home/a/ws_nhk/install/moveit_setup_framework:/home/a/ws_nhk/install/moveit_servo:/home/a/ws_nhk/install/moveit_ros:/home/a/ws_nhk/install/moveit_ros_visualization:/home/a/ws_nhk/install/moveit_hybrid_planning:/home/a/ws_nhk/install/moveit_ros_planning_interface:/home/a/ws_nhk/install/moveit_resources_prbt_pg70_support:/home/a/ws_nhk/install/moveit_resources_prbt_moveit_config:/home/a/ws_nhk/install/moveit_ros_move_group:/home/a/ws_nhk/install/moveit_kinematics:/home/a/ws_nhk/install/trac_ik:/home/a/ws_nhk/install/trac_ik_kinematics_plugin:/home/a/ws_nhk/install/trac_ik_lib:/home/a/ws_nhk/install/pilz_industrial_motion_planner_testutils:/home/a/ws_nhk/install/moveit_visual_tools:/home/a/ws_nhk/install/moveit_ros_control_interface:/home/a/ws_nhk/install/moveit_plugins:/home/a/ws_nhk/install/moveit_simple_controller_manager:/home/a/ws_nhk/install/moveit_ros_benchmarks:/home/a/ws_nhk/install/moveit_ros_warehouse:/home/a/ws_nhk/install/moveit_ros_robot_interaction:/home/a/ws_nhk/install/moveit_ros_perception:/home/a/ws_nhk/install/moveit_planners_ompl:/home/a/ws_nhk/install/moveit_ros_planning:/home/a/ws_nhk/install/moveit_ros_occupancy_map_monitor:/home/a/ws_nhk/install/moveit_resources_prbt_ikfast_manipulator_plugin:/home/a/ws_nhk/install/moveit_planners_chomp:/home/a/ws_nhk/install/moveit_chomp_optimizer_adapter:/home/a/ws_nhk/install/chomp_motion_planner:/home/a/ws_nhk/install/moveit_core:/home/a/ws_nhk/install/srdfdom:/home/a/ws_nhk/install/rviz_marker_tools:/home/a/ws_nhk/install/rosparam_shortcuts:/home/a/ws_nhk/install/moveit_task_constructor_msgs:/home/a/ws_nhk/install/moveit_resources_prbt_support:/home/a/ws_nhk/install/moveit_resources:/home/a/ws_nhk/install/moveit_resources_pr2_description:/home/a/ws_nhk/install/moveit_resources_panda_moveit_config:/home/a/ws_nhk/install/moveit_resources_panda_description:/home/a/ws_nhk/install/moveit_resources_fanuc_moveit_config:/home/a/ws_nhk/install/moveit_resources_fanuc_description:/home/a/ws_nhk/install/moveit_common:/home/a/ws_nhk/install/arm_v20_description:/home/a/install/field_description_test:/home/a/ws_nhk/install/moveit_configs_utils:/home/a/ws_nhk/install/launch_param_builder:/opt/ros/humble LD_LIBRARY_PATH=/home/a/ws_nhk/install/dynamixel_sdk/lib:${LD_LIBRARY_PATH} /usr/bin/cmake --build /home/a/ws_nhk/build/dynamixel_controller -- -j22 -l22
[48.111s] Invoking command in '/home/a/ws_nhk/build/dynamixel_controller': AMENT_PREFIX_PATH=/home/a/ws_nhk/install/dynamixel_sdk:${AMENT_PREFIX_PATH} CMAKE_PREFIX_PATH=/home/a/ws_nhk/install/dynamixel_sdk:/home/a/ws_nhk/install/moveit_runtime:/home/a/ws_nhk/install/moveit_config:/home/a/ws_nhk/install/moveit2_tutorials:/home/a/ws_nhk/install/moveit:/home/a/ws_nhk/install/moveit_planners:/home/a/ws_nhk/install/pilz_industrial_motion_planner:/home/a/ws_nhk/install/moveit_task_constructor_visualization:/home/a/ws_nhk/install/moveit_task_constructor_demo:/home/a/ws_nhk/install/moveit_task_constructor_capabilities:/home/a/ws_nhk/install/moveit_task_constructor_core:/home/a/ws_nhk/install/moveit_setup_assistant:/home/a/ws_nhk/install/moveit_setup_srdf_plugins:/home/a/ws_nhk/install/moveit_setup_core_plugins:/home/a/ws_nhk/install/moveit_setup_controllers:/home/a/ws_nhk/install/moveit_setup_app_plugins:/home/a/ws_nhk/install/moveit_setup_framework:/home/a/ws_nhk/install/moveit_servo:/home/a/ws_nhk/install/moveit_ros:/home/a/ws_nhk/install/moveit_ros_visualization:/home/a/ws_nhk/install/moveit_hybrid_planning:/home/a/ws_nhk/install/moveit_ros_planning_interface:/home/a/ws_nhk/install/moveit_resources_prbt_pg70_support:/home/a/ws_nhk/install/moveit_resources_prbt_moveit_config:/home/a/ws_nhk/install/moveit_ros_move_group:/home/a/ws_nhk/install/moveit_kinematics:/home/a/ws_nhk/install/trac_ik:/home/a/ws_nhk/install/trac_ik_kinematics_plugin:/home/a/ws_nhk/install/trac_ik_lib:/home/a/ws_nhk/install/pilz_industrial_motion_planner_testutils:/home/a/ws_nhk/install/moveit_visual_tools:/home/a/ws_nhk/install/moveit_ros_control_interface:/home/a/ws_nhk/install/moveit_plugins:/home/a/ws_nhk/install/moveit_simple_controller_manager:/home/a/ws_nhk/install/moveit_ros_benchmarks:/home/a/ws_nhk/install/moveit_ros_warehouse:/home/a/ws_nhk/install/moveit_ros_robot_interaction:/home/a/ws_nhk/install/moveit_ros_perception:/home/a/ws_nhk/install/moveit_planners_ompl:/home/a/ws_nhk/install/moveit_ros_planning:/home/a/ws_nhk/install/moveit_ros_occupancy_map_monitor:/home/a/ws_nhk/install/moveit_resources_prbt_ikfast_manipulator_plugin:/home/a/ws_nhk/install/moveit_planners_chomp:/home/a/ws_nhk/install/moveit_chomp_optimizer_adapter:/home/a/ws_nhk/install/chomp_motion_planner:/home/a/ws_nhk/install/moveit_core:/home/a/ws_nhk/install/srdfdom:/home/a/ws_nhk/install/rviz_marker_tools:/home/a/ws_nhk/install/rosparam_shortcuts:/home/a/ws_nhk/install/moveit_task_constructor_msgs:/home/a/ws_nhk/install/moveit_resources_prbt_support:/home/a/ws_nhk/install/moveit_resources:/home/a/ws_nhk/install/moveit_resources_pr2_description:/home/a/ws_nhk/install/moveit_resources_panda_moveit_config:/home/a/ws_nhk/install/moveit_resources_panda_description:/home/a/ws_nhk/install/moveit_resources_fanuc_moveit_config:/home/a/ws_nhk/install/moveit_resources_fanuc_description:/home/a/ws_nhk/install/moveit_common:/home/a/ws_nhk/install/arm_v20_description:/home/a/install/field_description_test:/home/a/ws_nhk/install/moveit_configs_utils:/home/a/ws_nhk/install/launch_param_builder:/opt/ros/humble LD_LIBRARY_PATH=/home/a/ws_nhk/install/dynamixel_sdk/lib:${LD_LIBRARY_PATH} /usr/bin/cmake --install /home/a/ws_nhk/build/dynamixel_controller
[48.147s] -- Install configuration: ""
[48.148s] -- Installing: /home/a/ws_nhk/install/dynamixel_controller/share/ament_index/resource_index/rosidl_interfaces/dynamixel_controller
[48.148s] -- Installing: /home/a/ws_nhk/install/dynamixel_controller/include/dynamixel_controller/dynamixel_controller
[48.149s] -- Installing: /home/a/ws_nhk/install/dynamixel_controller/include/dynamixel_controller/dynamixel_controller/msg
[48.150s] -- Installing: /home/a/ws_nhk/install/dynamixel_controller/include/dynamixel_controller/dynamixel_controller/msg/rosidl_generator_c__visibility_control.h
[48.150s] -- Installing: /home/a/ws_nhk/install/dynamixel_controller/include/dynamixel_controller/dynamixel_controller/msg/dynamixel_controller.h
[48.150s] -- Installing: /home/a/ws_nhk/install/dynamixel_controller/include/dynamixel_controller/dynamixel_controller/msg/dynamixel_response.h
[48.152s] -- Installing: /home/a/ws_nhk/install/dynamixel_controller/include/dynamixel_controller/dynamixel_controller/msg/detail
[48.153s] -- Installing: /home/a/ws_nhk/install/dynamixel_controller/include/dynamixel_controller/dynamixel_controller/msg/detail/dynamixel_command__functions.c
[48.153s] -- Installing: /home/a/ws_nhk/install/dynamixel_controller/include/dynamixel_controller/dynamixel_controller/msg/detail/dynamixel_controller__functions.c
[48.154s] -- Installing: /home/a/ws_nhk/install/dynamixel_controller/include/dynamixel_controller/dynamixel_controller/msg/detail/dynamixel_controller__functions.h
[48.154s] -- Installing: /home/a/ws_nhk/install/dynamixel_controller/include/dynamixel_controller/dynamixel_controller/msg/detail/dynamixel_command__type_support.h
[48.154s] -- Installing: /home/a/ws_nhk/install/dynamixel_controller/include/dynamixel_controller/dynamixel_controller/msg/detail/dynamixel_command__functions.h
[48.155s] -- Installing: /home/a/ws_nhk/install/dynamixel_controller/include/dynamixel_controller/dynamixel_controller/msg/detail/dynamixel_response__functions.h
[48.155s] -- Installing: /home/a/ws_nhk/install/dynamixel_controller/include/dynamixel_controller/dynamixel_controller/msg/detail/dynamixel_controller__type_support.h
[48.156s] -- Installing: /home/a/ws_nhk/install/dynamixel_controller/include/dynamixel_controller/dynamixel_controller/msg/detail/dynamixel_response__struct.h
[48.156s] -- Installing: /home/a/ws_nhk/install/dynamixel_controller/include/dynamixel_controller/dynamixel_controller/msg/detail/dynamixel_controller__struct.h
[48.156s] -- Installing: /home/a/ws_nhk/install/dynamixel_controller/include/dynamixel_controller/dynamixel_controller/msg/detail/dynamixel_response__type_support.h
[48.157s] -- Installing: /home/a/ws_nhk/install/dynamixel_controller/include/dynamixel_controller/dynamixel_controller/msg/detail/dynamixel_response__functions.c
[48.157s] -- Installing: /home/a/ws_nhk/install/dynamixel_controller/include/dynamixel_controller/dynamixel_controller/msg/detail/dynamixel_command__struct.h
[48.157s] -- Installing: /home/a/ws_nhk/install/dynamixel_controller/include/dynamixel_controller/dynamixel_controller/msg/dynamixel_command.h
[48.157s] -- Installing: /home/a/ws_nhk/install/dynamixel_controller/share/dynamixel_controller/environment/library_path.sh
[48.158s] -- Installing: /home/a/ws_nhk/install/dynamixel_controller/share/dynamixel_controller/environment/library_path.dsv
[48.158s] -- Installing: /home/a/ws_nhk/install/dynamixel_controller/lib/libdynamixel_controller__rosidl_generator_c.so
[48.159s] -- Set runtime path of "/home/a/ws_nhk/install/dynamixel_controller/lib/libdynamixel_controller__rosidl_generator_c.so" to ""
[48.159s] -- Up-to-date: /home/a/ws_nhk/install/dynamixel_controller/include/dynamixel_controller/dynamixel_controller
[48.160s] -- Up-to-date: /home/a/ws_nhk/install/dynamixel_controller/include/dynamixel_controller/dynamixel_controller/msg
[48.160s] -- Installing: /home/a/ws_nhk/install/dynamixel_controller/include/dynamixel_controller/dynamixel_controller/msg/rosidl_typesupport_fastrtps_c__visibility_control.h
[48.160s] -- Up-to-date: /home/a/ws_nhk/install/dynamixel_controller/include/dynamixel_controller/dynamixel_controller/msg/detail
[48.160s] -- Installing: /home/a/ws_nhk/install/dynamixel_controller/include/dynamixel_controller/dynamixel_controller/msg/detail/dynamixel_controller__rosidl_typesupport_fastrtps_c.h
[48.161s] -- Installing: /home/a/ws_nhk/install/dynamixel_controller/include/dynamixel_controller/dynamixel_controller/msg/detail/dynamixel_response__rosidl_typesupport_fastrtps_c.h
[48.161s] -- Installing: /home/a/ws_nhk/install/dynamixel_controller/include/dynamixel_controller/dynamixel_controller/msg/detail/dynamixel_command__rosidl_typesupport_fastrtps_c.h
[48.161s] -- Installing: /home/a/ws_nhk/install/dynamixel_controller/lib/libdynamixel_controller__rosidl_typesupport_fastrtps_c.so
[48.162s] -- Set runtime path of "/home/a/ws_nhk/install/dynamixel_controller/lib/libdynamixel_controller__rosidl_typesupport_fastrtps_c.so" to ""
[48.162s] -- Up-to-date: /home/a/ws_nhk/install/dynamixel_controller/include/dynamixel_controller/dynamixel_controller
[48.162s] -- Up-to-date: /home/a/ws_nhk/install/dynamixel_controller/include/dynamixel_controller/dynamixel_controller/msg
[48.163s] -- Installing: /home/a/ws_nhk/install/dynamixel_controller/include/dynamixel_controller/dynamixel_controller/msg/dynamixel_command.hpp
[48.163s] -- Installing: /home/a/ws_nhk/install/dynamixel_controller/include/dynamixel_controller/dynamixel_controller/msg/dynamixel_response.hpp
[48.163s] -- Installing: /home/a/ws_nhk/install/dynamixel_controller/include/dynamixel_controller/dynamixel_controller/msg/rosidl_generator_cpp__visibility_control.hpp
[48.164s] -- Installing: /home/a/ws_nhk/install/dynamixel_controller/include/dynamixel_controller/dynamixel_controller/msg/dynamixel_controller.hpp
[48.164s] -- Up-to-date: /home/a/ws_nhk/install/dynamixel_controller/include/dynamixel_controller/dynamixel_controller/msg/detail
[48.164s] -- Installing: /home/a/ws_nhk/install/dynamixel_controller/include/dynamixel_controller/dynamixel_controller/msg/detail/dynamixel_controller__type_support.hpp
[48.165s] -- Installing: /home/a/ws_nhk/install/dynamixel_controller/include/dynamixel_controller/dynamixel_controller/msg/detail/dynamixel_response__struct.hpp
[48.166s] -- Installing: /home/a/ws_nhk/install/dynamixel_controller/include/dynamixel_controller/dynamixel_controller/msg/detail/dynamixel_controller__struct.hpp
[48.166s] -- Installing: /home/a/ws_nhk/install/dynamixel_controller/include/dynamixel_controller/dynamixel_controller/msg/detail/dynamixel_controller__builder.hpp
[48.167s] -- Installing: /home/a/ws_nhk/install/dynamixel_controller/include/dynamixel_controller/dynamixel_controller/msg/detail/dynamixel_response__builder.hpp
[48.167s] -- Installing: /home/a/ws_nhk/install/dynamixel_controller/include/dynamixel_controller/dynamixel_controller/msg/detail/dynamixel_response__traits.hpp
[48.167s] -- Installing: /home/a/ws_nhk/install/dynamixel_controller/include/dynamixel_controller/dynamixel_controller/msg/detail/dynamixel_command__type_support.hpp
[48.168s] -- Installing: /home/a/ws_nhk/install/dynamixel_controller/include/dynamixel_controller/dynamixel_controller/msg/detail/dynamixel_command__traits.hpp
[48.168s] -- Installing: /home/a/ws_nhk/install/dynamixel_controller/include/dynamixel_controller/dynamixel_controller/msg/detail/dynamixel_command__builder.hpp
[48.168s] -- Installing: /home/a/ws_nhk/install/dynamixel_controller/include/dynamixel_controller/dynamixel_controller/msg/detail/dynamixel_command__struct.hpp
[48.170s] -- Installing: /home/a/ws_nhk/install/dynamixel_controller/include/dynamixel_controller/dynamixel_controller/msg/detail/dynamixel_response__type_support.hpp
[48.170s] -- Installing: /home/a/ws_nhk/install/dynamixel_controller/include/dynamixel_controller/dynamixel_controller/msg/detail/dynamixel_controller__traits.hpp
[48.171s] -- Up-to-date: /home/a/ws_nhk/install/dynamixel_controller/include/dynamixel_controller/dynamixel_controller
[48.171s] -- Up-to-date: /home/a/ws_nhk/install/dynamixel_controller/include/dynamixel_controller/dynamixel_controller/msg
[48.172s] -- Up-to-date: /home/a/ws_nhk/install/dynamixel_controller/include/dynamixel_controller/dynamixel_controller/msg/detail
[48.172s] -- Installing: /home/a/ws_nhk/install/dynamixel_controller/include/dynamixel_controller/dynamixel_controller/msg/detail/dynamixel_command__rosidl_typesupport_fastrtps_cpp.hpp
[48.172s] -- Installing: /home/a/ws_nhk/install/dynamixel_controller/include/dynamixel_controller/dynamixel_controller/msg/detail/dynamixel_controller__rosidl_typesupport_fastrtps_cpp.hpp
[48.173s] -- Installing: /home/a/ws_nhk/install/dynamixel_controller/include/dynamixel_controller/dynamixel_controller/msg/detail/dynamixel_response__rosidl_typesupport_fastrtps_cpp.hpp
[48.173s] -- Installing: /home/a/ws_nhk/install/dynamixel_controller/include/dynamixel_controller/dynamixel_controller/msg/detail/dds_fastrtps
[48.173s] -- Installing: /home/a/ws_nhk/install/dynamixel_controller/include/dynamixel_controller/dynamixel_controller/msg/rosidl_typesupport_fastrtps_cpp__visibility_control.h
[48.174s] -- Installing: /home/a/ws_nhk/install/dynamixel_controller/lib/libdynamixel_controller__rosidl_typesupport_fastrtps_cpp.so
[48.174s] -- Set runtime path of "/home/a/ws_nhk/install/dynamixel_controller/lib/libdynamixel_controller__rosidl_typesupport_fastrtps_cpp.so" to ""
[48.175s] -- Up-to-date: /home/a/ws_nhk/install/dynamixel_controller/include/dynamixel_controller/dynamixel_controller
[48.175s] -- Up-to-date: /home/a/ws_nhk/install/dynamixel_controller/include/dynamixel_controller/dynamixel_controller/msg
[48.176s] -- Installing: /home/a/ws_nhk/install/dynamixel_controller/include/dynamixel_controller/dynamixel_controller/msg/rosidl_typesupport_introspection_c__visibility_control.h
[48.176s] -- Up-to-date: /home/a/ws_nhk/install/dynamixel_controller/include/dynamixel_controller/dynamixel_controller/msg/detail
[48.176s] -- Installing: /home/a/ws_nhk/install/dynamixel_controller/include/dynamixel_controller/dynamixel_controller/msg/detail/dynamixel_response__type_support.c
[48.177s] -- Installing: /home/a/ws_nhk/install/dynamixel_controller/include/dynamixel_controller/dynamixel_controller/msg/detail/dynamixel_command__type_support.c
[48.177s] -- Installing: /home/a/ws_nhk/install/dynamixel_controller/include/dynamixel_controller/dynamixel_controller/msg/detail/dynamixel_controller__type_support.c
[48.177s] -- Installing: /home/a/ws_nhk/install/dynamixel_controller/include/dynamixel_controller/dynamixel_controller/msg/detail/dynamixel_controller__rosidl_typesupport_introspection_c.h
[48.178s] -- Installing: /home/a/ws_nhk/install/dynamixel_controller/include/dynamixel_controller/dynamixel_controller/msg/detail/dynamixel_command__rosidl_typesupport_introspection_c.h
[48.178s] -- Installing: /home/a/ws_nhk/install/dynamixel_controller/include/dynamixel_controller/dynamixel_controller/msg/detail/dynamixel_response__rosidl_typesupport_introspection_c.h
[48.179s] -- Installing: /home/a/ws_nhk/install/dynamixel_controller/lib/libdynamixel_controller__rosidl_typesupport_introspection_c.so
[48.179s] -- Set runtime path of "/home/a/ws_nhk/install/dynamixel_controller/lib/libdynamixel_controller__rosidl_typesupport_introspection_c.so" to ""
[48.179s] -- Installing: /home/a/ws_nhk/install/dynamixel_controller/lib/libdynamixel_controller__rosidl_typesupport_c.so
[48.180s] -- Set runtime path of "/home/a/ws_nhk/install/dynamixel_controller/lib/libdynamixel_controller__rosidl_typesupport_c.so" to ""
[48.180s] -- Up-to-date: /home/a/ws_nhk/install/dynamixel_controller/include/dynamixel_controller/dynamixel_controller
[48.180s] -- Up-to-date: /home/a/ws_nhk/install/dynamixel_controller/include/dynamixel_controller/dynamixel_controller/msg
[48.181s] -- Up-to-date: /home/a/ws_nhk/install/dynamixel_controller/include/dynamixel_controller/dynamixel_controller/msg/detail
[48.181s] -- Installing: /home/a/ws_nhk/install/dynamixel_controller/include/dynamixel_controller/dynamixel_controller/msg/detail/dynamixel_controller__type_support.cpp
[48.181s] -- Installing: /home/a/ws_nhk/install/dynamixel_controller/include/dynamixel_controller/dynamixel_controller/msg/detail/dynamixel_response__type_support.cpp
[48.182s] -- Installing: /home/a/ws_nhk/install/dynamixel_controller/include/dynamixel_controller/dynamixel_controller/msg/detail/dynamixel_response__rosidl_typesupport_introspection_cpp.hpp
[48.182s] -- Installing: /home/a/ws_nhk/install/dynamixel_controller/include/dynamixel_controller/dynamixel_controller/msg/detail/dynamixel_command__type_support.cpp
[48.182s] -- Installing: /home/a/ws_nhk/install/dynamixel_controller/include/dynamixel_controller/dynamixel_controller/msg/detail/dynamixel_controller__rosidl_typesupport_introspection_cpp.hpp
[48.183s] -- Installing: /home/a/ws_nhk/install/dynamixel_controller/include/dynamixel_controller/dynamixel_controller/msg/detail/dynamixel_command__rosidl_typesupport_introspection_cpp.hpp
[48.183s] -- Installing: /home/a/ws_nhk/install/dynamixel_controller/lib/libdynamixel_controller__rosidl_typesupport_introspection_cpp.so
[48.183s] -- Set runtime path of "/home/a/ws_nhk/install/dynamixel_controller/lib/libdynamixel_controller__rosidl_typesupport_introspection_cpp.so" to ""
[48.184s] -- Installing: /home/a/ws_nhk/install/dynamixel_controller/lib/libdynamixel_controller__rosidl_typesupport_cpp.so
[48.185s] -- Set runtime path of "/home/a/ws_nhk/install/dynamixel_controller/lib/libdynamixel_controller__rosidl_typesupport_cpp.so" to ""
[48.187s] -- Installing: /home/a/ws_nhk/install/dynamixel_controller/share/dynamixel_controller/environment/pythonpath.sh
[48.187s] -- Installing: /home/a/ws_nhk/install/dynamixel_controller/share/dynamixel_controller/environment/pythonpath.dsv
[48.188s] -- Installing: /home/a/ws_nhk/install/dynamixel_controller/local/lib/python3.10/dist-packages/dynamixel_controller-0.0.0-py3.10.egg-info
[48.188s] -- Installing: /home/a/ws_nhk/install/dynamixel_controller/local/lib/python3.10/dist-packages/dynamixel_controller-0.0.0-py3.10.egg-info/top_level.txt
[48.189s] -- Installing: /home/a/ws_nhk/install/dynamixel_controller/local/lib/python3.10/dist-packages/dynamixel_controller-0.0.0-py3.10.egg-info/SOURCES.txt
[48.189s] -- Installing: /home/a/ws_nhk/install/dynamixel_controller/local/lib/python3.10/dist-packages/dynamixel_controller-0.0.0-py3.10.egg-info/PKG-INFO
[48.189s] -- Installing: /home/a/ws_nhk/install/dynamixel_controller/local/lib/python3.10/dist-packages/dynamixel_controller-0.0.0-py3.10.egg-info/dependency_links.txt
[48.190s] -- Installing: /home/a/ws_nhk/install/dynamixel_controller/local/lib/python3.10/dist-packages/dynamixel_controller
[48.190s] -- Installing: /home/a/ws_nhk/install/dynamixel_controller/local/lib/python3.10/dist-packages/dynamixel_controller/msg
[48.190s] -- Installing: /home/a/ws_nhk/install/dynamixel_controller/local/lib/python3.10/dist-packages/dynamixel_controller/msg/_dynamixel_response.py
[48.191s] -- Installing: /home/a/ws_nhk/install/dynamixel_controller/local/lib/python3.10/dist-packages/dynamixel_controller/msg/_dynamixel_controller_s.c
[48.191s] -- Installing: /home/a/ws_nhk/install/dynamixel_controller/local/lib/python3.10/dist-packages/dynamixel_controller/msg/_dynamixel_controller.py
[48.191s] -- Installing: /home/a/ws_nhk/install/dynamixel_controller/local/lib/python3.10/dist-packages/dynamixel_controller/msg/__init__.py
[48.192s] -- Installing: /home/a/ws_nhk/install/dynamixel_controller/local/lib/python3.10/dist-packages/dynamixel_controller/msg/_dynamixel_response_s.c
[48.194s] -- Installing: /home/a/ws_nhk/install/dynamixel_controller/local/lib/python3.10/dist-packages/dynamixel_controller/msg/_dynamixel_command.py
[48.194s] -- Installing: /home/a/ws_nhk/install/dynamixel_controller/local/lib/python3.10/dist-packages/dynamixel_controller/msg/_dynamixel_command_s.c
[48.194s] -- Installing: /home/a/ws_nhk/install/dynamixel_controller/local/lib/python3.10/dist-packages/dynamixel_controller/_dynamixel_controller_s.ep.rosidl_typesupport_introspection_c.c
[48.195s] -- Installing: /home/a/ws_nhk/install/dynamixel_controller/local/lib/python3.10/dist-packages/dynamixel_controller/dynamixel_controller_s__rosidl_typesupport_fastrtps_c.cpython-310-x86_64-linux-gnu.so
[48.195s] -- Installing: /home/a/ws_nhk/install/dynamixel_controller/local/lib/python3.10/dist-packages/dynamixel_controller/__init__.py
[48.195s] -- Installing: /home/a/ws_nhk/install/dynamixel_controller/local/lib/python3.10/dist-packages/dynamixel_controller/dynamixel_controller_s__rosidl_typesupport_introspection_c.cpython-310-x86_64-linux-gnu.so
[48.195s] -- Installing: /home/a/ws_nhk/install/dynamixel_controller/local/lib/python3.10/dist-packages/dynamixel_controller/_dynamixel_controller_s.ep.rosidl_typesupport_fastrtps_c.c
[48.195s] -- Installing: /home/a/ws_nhk/install/dynamixel_controller/local/lib/python3.10/dist-packages/dynamixel_controller/dynamixel_controller_s__rosidl_typesupport_c.cpython-310-x86_64-linux-gnu.so
[48.196s] -- Installing: /home/a/ws_nhk/install/dynamixel_controller/local/lib/python3.10/dist-packages/dynamixel_controller/_dynamixel_controller_s.ep.rosidl_typesupport_c.c
[48.196s] -- Installing: /home/a/ws_nhk/install/dynamixel_controller/local/lib/python3.10/dist-packages/dynamixel_controller/libdynamixel_controller__rosidl_generator_py.so
[48.364s] Listing '/home/a/ws_nhk/install/dynamixel_controller/local/lib/python3.10/dist-packages/dynamixel_controller'...
[48.364s] Compiling '/home/a/ws_nhk/install/dynamixel_controller/local/lib/python3.10/dist-packages/dynamixel_controller/__init__.py'...
[48.365s] Listing '/home/a/ws_nhk/install/dynamixel_controller/local/lib/python3.10/dist-packages/dynamixel_controller/msg'...
[48.365s] Compiling '/home/a/ws_nhk/install/dynamixel_controller/local/lib/python3.10/dist-packages/dynamixel_controller/msg/__init__.py'...
[48.366s] Compiling '/home/a/ws_nhk/install/dynamixel_controller/local/lib/python3.10/dist-packages/dynamixel_controller/msg/_dynamixel_command.py'...
[48.366s] Compiling '/home/a/ws_nhk/install/dynamixel_controller/local/lib/python3.10/dist-packages/dynamixel_controller/msg/_dynamixel_controller.py'...
[48.366s] Compiling '/home/a/ws_nhk/install/dynamixel_controller/local/lib/python3.10/dist-packages/dynamixel_controller/msg/_dynamixel_response.py'...
[48.393s] -- Installing: /home/a/ws_nhk/install/dynamixel_controller/local/lib/python3.10/dist-packages/dynamixel_controller/dynamixel_controller_s__rosidl_typesupport_fastrtps_c.cpython-310-x86_64-linux-gnu.so
[48.394s] -- Set runtime path of "/home/a/ws_nhk/install/dynamixel_controller/local/lib/python3.10/dist-packages/dynamixel_controller/dynamixel_controller_s__rosidl_typesupport_fastrtps_c.cpython-310-x86_64-linux-gnu.so" to ""
[48.395s] -- Installing: /home/a/ws_nhk/install/dynamixel_controller/local/lib/python3.10/dist-packages/dynamixel_controller/dynamixel_controller_s__rosidl_typesupport_introspection_c.cpython-310-x86_64-linux-gnu.so
[48.396s] -- Set runtime path of "/home/a/ws_nhk/install/dynamixel_controller/local/lib/python3.10/dist-packages/dynamixel_controller/dynamixel_controller_s__rosidl_typesupport_introspection_c.cpython-310-x86_64-linux-gnu.so" to ""
[48.397s] -- Installing: /home/a/ws_nhk/install/dynamixel_controller/local/lib/python3.10/dist-packages/dynamixel_controller/dynamixel_controller_s__rosidl_typesupport_c.cpython-310-x86_64-linux-gnu.so
[48.397s] -- Set runtime path of "/home/a/ws_nhk/install/dynamixel_controller/local/lib/python3.10/dist-packages/dynamixel_controller/dynamixel_controller_s__rosidl_typesupport_c.cpython-310-x86_64-linux-gnu.so" to ""
[48.398s] -- Installing: /home/a/ws_nhk/install/dynamixel_controller/lib/libdynamixel_controller__rosidl_generator_py.so
[48.399s] -- Set runtime path of "/home/a/ws_nhk/install/dynamixel_controller/lib/libdynamixel_controller__rosidl_generator_py.so" to ""
[48.400s] -- Installing: /home/a/ws_nhk/install/dynamixel_controller/share/dynamixel_controller/msg/DynamixelController.idl
[48.400s] -- Installing: /home/a/ws_nhk/install/dynamixel_controller/share/dynamixel_controller/msg/DynamixelCommand.idl
[48.401s] -- Installing: /home/a/ws_nhk/install/dynamixel_controller/share/dynamixel_controller/msg/DynamixelResponse.idl
[48.401s] -- Installing: /home/a/ws_nhk/install/dynamixel_controller/share/dynamixel_controller/msg/DynamixelController.msg
[48.401s] -- Installing: /home/a/ws_nhk/install/dynamixel_controller/share/dynamixel_controller/msg/DynamixelCommand.msg
[48.402s] -- Installing: /home/a/ws_nhk/install/dynamixel_controller/share/dynamixel_controller/msg/DynamixelResponse.msg
[48.402s] -- Installing: /home/a/ws_nhk/install/dynamixel_controller/lib/dynamixel_controller/dynamixel_controller_node
[48.411s] -- Set runtime path of "/home/a/ws_nhk/install/dynamixel_controller/lib/dynamixel_controller/dynamixel_controller_node" to ""
[48.411s] -- Installing: /home/a/ws_nhk/install/dynamixel_controller/share/dynamixel_controller/config
[48.411s] -- Installing: /home/a/ws_nhk/install/dynamixel_controller/share/dynamixel_controller/config/bus_config.yaml
[48.412s] -- Installing: /home/a/ws_nhk/install/dynamixel_controller/share/ament_index/resource_index/package_run_dependencies/dynamixel_controller
[48.412s] -- Installing: /home/a/ws_nhk/install/dynamixel_controller/share/ament_index/resource_index/parent_prefix_path/dynamixel_controller
[48.413s] -- Installing: /home/a/ws_nhk/install/dynamixel_controller/share/dynamixel_controller/environment/ament_prefix_path.sh
[48.413s] -- Installing: /home/a/ws_nhk/install/dynamixel_controller/share/dynamixel_controller/environment/ament_prefix_path.dsv
[48.414s] -- Installing: /home/a/ws_nhk/install/dynamixel_controller/share/dynamixel_controller/environment/path.sh
[48.414s] -- Installing: /home/a/ws_nhk/install/dynamixel_controller/share/dynamixel_controller/environment/path.dsv
[48.414s] -- Installing: /home/a/ws_nhk/install/dynamixel_controller/share/dynamixel_controller/local_setup.bash
[48.415s] -- Installing: /home/a/ws_nhk/install/dynamixel_controller/share/dynamixel_controller/local_setup.sh
[48.415s] -- Installing: /home/a/ws_nhk/install/dynamixel_controller/share/dynamixel_controller/local_setup.zsh
[48.416s] -- Installing: /home/a/ws_nhk/install/dynamixel_controller/share/dynamixel_controller/local_setup.dsv
[48.416s] -- Installing: /home/a/ws_nhk/install/dynamixel_controller/share/dynamixel_controller/package.dsv
[48.416s] -- Installing: /home/a/ws_nhk/install/dynamixel_controller/share/ament_index/resource_index/packages/dynamixel_controller
[48.417s] -- Installing: /home/a/ws_nhk/install/dynamixel_controller/share/dynamixel_controller/cmake/export_dynamixel_controller__rosidl_generator_cExport.cmake
[48.417s] -- Installing: /home/a/ws_nhk/install/dynamixel_controller/share/dynamixel_controller/cmake/export_dynamixel_controller__rosidl_generator_cExport-noconfig.cmake
[48.417s] -- Installing: /home/a/ws_nhk/install/dynamixel_controller/share/dynamixel_controller/cmake/export_dynamixel_controller__rosidl_typesupport_fastrtps_cExport.cmake
[48.418s] -- Installing: /home/a/ws_nhk/install/dynamixel_controller/share/dynamixel_controller/cmake/export_dynamixel_controller__rosidl_typesupport_fastrtps_cExport-noconfig.cmake
[48.418s] -- Installing: /home/a/ws_nhk/install/dynamixel_controller/share/dynamixel_controller/cmake/export_dynamixel_controller__rosidl_generator_cppExport.cmake
[48.419s] -- Installing: /home/a/ws_nhk/install/dynamixel_controller/share/dynamixel_controller/cmake/export_dynamixel_controller__rosidl_typesupport_fastrtps_cppExport.cmake
[48.419s] -- Installing: /home/a/ws_nhk/install/dynamixel_controller/share/dynamixel_controller/cmake/export_dynamixel_controller__rosidl_typesupport_fastrtps_cppExport-noconfig.cmake
[48.420s] -- Installing: /home/a/ws_nhk/install/dynamixel_controller/share/dynamixel_controller/cmake/dynamixel_controller__rosidl_typesupport_introspection_cExport.cmake
[48.420s] -- Installing: /home/a/ws_nhk/install/dynamixel_controller/share/dynamixel_controller/cmake/dynamixel_controller__rosidl_typesupport_introspection_cExport-noconfig.cmake
[48.420s] -- Installing: /home/a/ws_nhk/install/dynamixel_controller/share/dynamixel_controller/cmake/dynamixel_controller__rosidl_typesupport_cExport.cmake
[48.421s] -- Installing: /home/a/ws_nhk/install/dynamixel_controller/share/dynamixel_controller/cmake/dynamixel_controller__rosidl_typesupport_cExport-noconfig.cmake
[48.421s] -- Installing: /home/a/ws_nhk/install/dynamixel_controller/share/dynamixel_controller/cmake/dynamixel_controller__rosidl_typesupport_introspection_cppExport.cmake
[48.422s] -- Installing: /home/a/ws_nhk/install/dynamixel_controller/share/dynamixel_controller/cmake/dynamixel_controller__rosidl_typesupport_introspection_cppExport-noconfig.cmake
[48.422s] -- Installing: /home/a/ws_nhk/install/dynamixel_controller/share/dynamixel_controller/cmake/dynamixel_controller__rosidl_typesupport_cppExport.cmake
[48.422s] -- Installing: /home/a/ws_nhk/install/dynamixel_controller/share/dynamixel_controller/cmake/dynamixel_controller__rosidl_typesupport_cppExport-noconfig.cmake
[48.423s] -- Installing: /home/a/ws_nhk/install/dynamixel_controller/share/dynamixel_controller/cmake/export_dynamixel_controller__rosidl_generator_pyExport.cmake
[48.423s] -- Installing: /home/a/ws_nhk/install/dynamixel_controller/share/dynamixel_controller/cmake/export_dynamixel_controller__rosidl_generator_pyExport-noconfig.cmake
[48.423s] -- Installing: /home/a/ws_nhk/install/dynamixel_controller/share/dynamixel_controller/cmake/rosidl_cmake-extras.cmake
[48.424s] -- Installing: /home/a/ws_nhk/install/dynamixel_controller/share/dynamixel_controller/cmake/ament_cmake_export_dependencies-extras.cmake
[48.424s] -- Installing: /home/a/ws_nhk/install/dynamixel_controller/share/dynamixel_controller/cmake/ament_cmake_export_include_directories-extras.cmake
[48.425s] -- Installing: /home/a/ws_nhk/install/dynamixel_controller/share/dynamixel_controller/cmake/ament_cmake_export_libraries-extras.cmake
[48.425s] -- Installing: /home/a/ws_nhk/install/dynamixel_controller/share/dynamixel_controller/cmake/ament_cmake_export_targets-extras.cmake
[48.426s] -- Installing: /home/a/ws_nhk/install/dynamixel_controller/share/dynamixel_controller/cmake/rosidl_cmake_export_typesupport_targets-extras.cmake
[48.426s] -- Installing: /home/a/ws_nhk/install/dynamixel_controller/share/dynamixel_controller/cmake/rosidl_cmake_export_typesupport_libraries-extras.cmake
[48.427s] -- Installing: /home/a/ws_nhk/install/dynamixel_controller/share/dynamixel_controller/cmake/dynamixel_controllerConfig.cmake
[48.427s] -- Installing: /home/a/ws_nhk/install/dynamixel_controller/share/dynamixel_controller/cmake/dynamixel_controllerConfig-version.cmake
[48.427s] -- Installing: /home/a/ws_nhk/install/dynamixel_controller/share/dynamixel_controller/package.xml
[48.438s] Invoked command in '/home/a/ws_nhk/build/dynamixel_controller' returned '0': AMENT_PREFIX_PATH=/home/a/ws_nhk/install/dynamixel_sdk:${AMENT_PREFIX_PATH} CMAKE_PREFIX_PATH=/home/a/ws_nhk/install/dynamixel_sdk:/home/a/ws_nhk/install/moveit_runtime:/home/a/ws_nhk/install/moveit_config:/home/a/ws_nhk/install/moveit2_tutorials:/home/a/ws_nhk/install/moveit:/home/a/ws_nhk/install/moveit_planners:/home/a/ws_nhk/install/pilz_industrial_motion_planner:/home/a/ws_nhk/install/moveit_task_constructor_visualization:/home/a/ws_nhk/install/moveit_task_constructor_demo:/home/a/ws_nhk/install/moveit_task_constructor_capabilities:/home/a/ws_nhk/install/moveit_task_constructor_core:/home/a/ws_nhk/install/moveit_setup_assistant:/home/a/ws_nhk/install/moveit_setup_srdf_plugins:/home/a/ws_nhk/install/moveit_setup_core_plugins:/home/a/ws_nhk/install/moveit_setup_controllers:/home/a/ws_nhk/install/moveit_setup_app_plugins:/home/a/ws_nhk/install/moveit_setup_framework:/home/a/ws_nhk/install/moveit_servo:/home/a/ws_nhk/install/moveit_ros:/home/a/ws_nhk/install/moveit_ros_visualization:/home/a/ws_nhk/install/moveit_hybrid_planning:/home/a/ws_nhk/install/moveit_ros_planning_interface:/home/a/ws_nhk/install/moveit_resources_prbt_pg70_support:/home/a/ws_nhk/install/moveit_resources_prbt_moveit_config:/home/a/ws_nhk/install/moveit_ros_move_group:/home/a/ws_nhk/install/moveit_kinematics:/home/a/ws_nhk/install/trac_ik:/home/a/ws_nhk/install/trac_ik_kinematics_plugin:/home/a/ws_nhk/install/trac_ik_lib:/home/a/ws_nhk/install/pilz_industrial_motion_planner_testutils:/home/a/ws_nhk/install/moveit_visual_tools:/home/a/ws_nhk/install/moveit_ros_control_interface:/home/a/ws_nhk/install/moveit_plugins:/home/a/ws_nhk/install/moveit_simple_controller_manager:/home/a/ws_nhk/install/moveit_ros_benchmarks:/home/a/ws_nhk/install/moveit_ros_warehouse:/home/a/ws_nhk/install/moveit_ros_robot_interaction:/home/a/ws_nhk/install/moveit_ros_perception:/home/a/ws_nhk/install/moveit_planners_ompl:/home/a/ws_nhk/install/moveit_ros_planning:/home/a/ws_nhk/install/moveit_ros_occupancy_map_monitor:/home/a/ws_nhk/install/moveit_resources_prbt_ikfast_manipulator_plugin:/home/a/ws_nhk/install/moveit_planners_chomp:/home/a/ws_nhk/install/moveit_chomp_optimizer_adapter:/home/a/ws_nhk/install/chomp_motion_planner:/home/a/ws_nhk/install/moveit_core:/home/a/ws_nhk/install/srdfdom:/home/a/ws_nhk/install/rviz_marker_tools:/home/a/ws_nhk/install/rosparam_shortcuts:/home/a/ws_nhk/install/moveit_task_constructor_msgs:/home/a/ws_nhk/install/moveit_resources_prbt_support:/home/a/ws_nhk/install/moveit_resources:/home/a/ws_nhk/install/moveit_resources_pr2_description:/home/a/ws_nhk/install/moveit_resources_panda_moveit_config:/home/a/ws_nhk/install/moveit_resources_panda_description:/home/a/ws_nhk/install/moveit_resources_fanuc_moveit_config:/home/a/ws_nhk/install/moveit_resources_fanuc_description:/home/a/ws_nhk/install/moveit_common:/home/a/ws_nhk/install/arm_v20_description:/home/a/install/field_description_test:/home/a/ws_nhk/install/moveit_configs_utils:/home/a/ws_nhk/install/launch_param_builder:/opt/ros/humble LD_LIBRARY_PATH=/home/a/ws_nhk/install/dynamixel_sdk/lib:${LD_LIBRARY_PATH} /usr/bin/cmake --install /home/a/ws_nhk/build/dynamixel_controller
