[0.225s] Invoking command in '/home/a/ws_nhk/build/moveit_task_constructor_msgs': CMAKE_PREFIX_PATH=${CMAKE_PREFIX_PATH}:/opt/ros/humble /usr/bin/cmake --build /home/a/ws_nhk/build/moveit_task_constructor_msgs -- -j22 -l22
[0.286s] [  0%] Built target moveit_task_constructor_msgs__cpp
[0.313s] [  0%] Built target ament_cmake_python_copy_moveit_task_constructor_msgs
[0.316s] [ 12%] Built target moveit_task_constructor_msgs__rosidl_generator_c
[0.316s] [ 24%] Built target moveit_task_constructor_msgs__rosidl_typesupport_introspection_cpp
[0.317s] [ 43%] Built target moveit_task_constructor_msgs__rosidl_typesupport_cpp
[0.317s] [ 47%] Built target moveit_task_constructor_msgs__rosidl_typesupport_fastrtps_cpp
[0.332s] [ 63%] Built target moveit_task_constructor_msgs__rosidl_typesupport_c
[0.332s] [ 71%] Built target moveit_task_constructor_msgs__rosidl_typesupport_introspection_c
[0.335s] [ 83%] Built target moveit_task_constructor_msgs__rosidl_typesupport_fastrtps_c
[0.352s] [ 83%] Built target moveit_task_constructor_msgs
[0.369s] [ 84%] Built target moveit_task_constructor_msgs__py
[0.397s] [ 95%] Built target moveit_task_constructor_msgs__rosidl_generator_py
[0.421s] [ 97%] Built target moveit_task_constructor_msgs__rosidl_typesupport_introspection_c__pyext
[0.422s] [ 99%] Built target moveit_task_constructor_msgs__rosidl_typesupport_fastrtps_c__pyext
[0.424s] [100%] Built target moveit_task_constructor_msgs__rosidl_typesupport_c__pyext
[0.476s] running egg_info
[0.476s] writing moveit_task_constructor_msgs.egg-info/PKG-INFO
[0.476s] writing dependency_links to moveit_task_constructor_msgs.egg-info/dependency_links.txt
[0.477s] writing top-level names to moveit_task_constructor_msgs.egg-info/top_level.txt
[0.478s] reading manifest file 'moveit_task_constructor_msgs.egg-info/SOURCES.txt'
[0.478s] writing manifest file 'moveit_task_constructor_msgs.egg-info/SOURCES.txt'
[0.496s] [100%] Built target ament_cmake_python_build_moveit_task_constructor_msgs_egg
