[0.472s] Invoking command in '/home/a/ws_nhk/src/moveit2/moveit_configs_utils': AMENT_PREFIX_PATH=/home/a/ws_nhk/install/srdfdom:/home/a/ws_nhk/install/launch_param_builder:${AMENT_PREFIX_PATH} CMAKE_PREFIX_PATH=/home/a/ws_nhk/install/srdfdom:${CMAKE_PREFIX_PATH} LD_LIBRARY_PATH=/home/a/ws_nhk/install/srdfdom/lib:${LD_LIBRARY_PATH} PYTHONPATH=/home/a/ws_nhk/build/moveit_configs_utils/prefix_override:/usr/lib/python3/dist-packages/colcon_core/task/python/colcon_distutils_commands:/home/a/ws_nhk/install/moveit_configs_utils/lib/python3.10/site-packages:/home/a/ws_nhk/install/srdfdom/local/lib/python3.10/dist-packages:/home/a/ws_nhk/install/launch_param_builder/lib/python3.10/site-packages:${PYTHONPATH} /usr/bin/python3 -W ignore:setup.py install is deprecated -W ignore:easy_install command is deprecated setup.py egg_info --egg-base ../../../build/moveit_configs_utils build --build-base /home/a/ws_nhk/build/moveit_configs_utils/build install --record /home/a/ws_nhk/build/moveit_configs_utils/install.log --single-version-externally-managed install_data
[0.651s] running egg_info
[0.651s] writing ../../../build/moveit_configs_utils/moveit_configs_utils.egg-info/PKG-INFO
[0.651s] writing dependency_links to ../../../build/moveit_configs_utils/moveit_configs_utils.egg-info/dependency_links.txt
[0.651s] writing entry points to ../../../build/moveit_configs_utils/moveit_configs_utils.egg-info/entry_points.txt
[0.652s] writing requirements to ../../../build/moveit_configs_utils/moveit_configs_utils.egg-info/requires.txt
[0.652s] writing top-level names to ../../../build/moveit_configs_utils/moveit_configs_utils.egg-info/top_level.txt
[0.653s] reading manifest file '../../../build/moveit_configs_utils/moveit_configs_utils.egg-info/SOURCES.txt'
[0.653s] writing manifest file '../../../build/moveit_configs_utils/moveit_configs_utils.egg-info/SOURCES.txt'
[0.653s] running build
[0.653s] running build_py
[0.654s] running install
[0.654s] running install_lib
[0.655s] running install_data
[0.655s] running install_egg_info
[0.656s] removing '/home/a/ws_nhk/install/moveit_configs_utils/lib/python3.10/site-packages/moveit_configs_utils-2.5.9-py3.10.egg-info' (and everything under it)
[0.657s] Copying ../../../build/moveit_configs_utils/moveit_configs_utils.egg-info to /home/a/ws_nhk/install/moveit_configs_utils/lib/python3.10/site-packages/moveit_configs_utils-2.5.9-py3.10.egg-info
[0.657s] running install_scripts
[0.673s] writing list of installed files to '/home/a/ws_nhk/build/moveit_configs_utils/install.log'
[0.687s] Invoked command in '/home/a/ws_nhk/src/moveit2/moveit_configs_utils' returned '0': AMENT_PREFIX_PATH=/home/a/ws_nhk/install/srdfdom:/home/a/ws_nhk/install/launch_param_builder:${AMENT_PREFIX_PATH} CMAKE_PREFIX_PATH=/home/a/ws_nhk/install/srdfdom:${CMAKE_PREFIX_PATH} LD_LIBRARY_PATH=/home/a/ws_nhk/install/srdfdom/lib:${LD_LIBRARY_PATH} PYTHONPATH=/home/a/ws_nhk/build/moveit_configs_utils/prefix_override:/usr/lib/python3/dist-packages/colcon_core/task/python/colcon_distutils_commands:/home/a/ws_nhk/install/moveit_configs_utils/lib/python3.10/site-packages:/home/a/ws_nhk/install/srdfdom/local/lib/python3.10/dist-packages:/home/a/ws_nhk/install/launch_param_builder/lib/python3.10/site-packages:${PYTHONPATH} /usr/bin/python3 -W ignore:setup.py install is deprecated -W ignore:easy_install command is deprecated setup.py egg_info --egg-base ../../../build/moveit_configs_utils build --build-base /home/a/ws_nhk/build/moveit_configs_utils/build install --record /home/a/ws_nhk/build/moveit_configs_utils/install.log --single-version-externally-managed install_data
