[  2%] Built target moveit_butterworth_parameters
[  3%] Built target moveit_version
[  4%] Built target moveit_exceptions
[  7%] Built target moveit_smoothing_base
[  7%] Built target gtest
[  7%] Built target gtest_main
[  9%] Built target gmock
[ 12%] Built target moveit_utils
[ 13%] Built target gmock_main
[ 14%] Built target moveit_transforms
[ 15%] Built target moveit_kinematics_base
[ 18%] Built target moveit_distance_field
[ 19%] Built target test_transforms
[ 25%] Built target moveit_robot_model
[ 26%] Built target test_voxel_grid
[ 27%] Built target test_distance_field
[ 28%] Built target moveit_butterworth_filter
[ 31%] Built target moveit_robot_state
[ 33%] Built target moveit_test_utils
[ 34%] Built target test_butterworth_filter
[ 35%] Built target test_robot_model
[ 36%] Built target moveit_kinematics_metrics
[ 37%] Built target test_robot_state_benchmark
[ 38%] Built target moveit_dynamics_solver
[ 40%] Built target test_robot_state
[ 41%] Built target moveit_robot_trajectory
[ 42%] Built target test_robot_state_complex
[ 43%] Built target test_aabb
[ 44%] Built target test_cartesian_interpolator
[ 49%] Built target moveit_collision_detection
[ 50%] Built target test_robot_trajectory
[ 52%] Built target moveit_planning_interface
[ 54%] Built target test_all_valid
[ 55%] Built target test_world_diff
[ 58%] Built target moveit_trajectory_processing
[ 59%] Built target test_world
[ 61%] Built target moveit_collision_detection_fcl
[ 66%] Built target moveit_collision_detection_bullet
[ 67%] Built target test_time_parameterization
[ 69%] Built target test_time_optimal_trajectory_generation
[ 70%] Built target test_ruckig_traj_smoothing
[ 72%] Built target test_fcl_collision_detection_panda
[ 73%] Built target test_bullet_continuous_collision_checking
[ 74%] Built target test_bullet_collision_detection
[ 76%] Built target moveit_kinematic_constraints
[ 78%] Built target test_bullet_collision_detection_panda
[ 79%] Built target test_fcl_collision_detection
[ 80%] Built target test_fcl_collision_env
[ 81%] Built target test_orientation_constraints
[ 82%] Built target test_constraints
[ 84%] Built target moveit_planning_scene
[ 87%] Built target test_multi_threaded
[ 87%] Built target test_collision_objects
[ 87%] Built target test_planning_scene
[ 88%] Built target collision_detector_fcl_plugin
[ 89%] Built target collision_detector_bullet_plugin
[ 90%] Built target moveit_planning_request_adapter
[ 93%] Built target moveit_collision_distance_field
[ 96%] Built target moveit_constraint_samplers
[ 97%] Built target test_collision_distance_field
[100%] Built target test_constraint_samplers
