[0.032s] Invoking command in '/home/a/ws_nhk/build/moveit_core': AMENT_PREFIX_PATH=/home/a/ws_nhk/install/moveit_resources_panda_moveit_config:/home/a/ws_nhk/install/srdfdom:/home/a/ws_nhk/install/moveit_resources_pr2_description:/home/a/ws_nhk/install/moveit_resources_panda_description:/home/a/ws_nhk/install/moveit_common:${AMENT_PREFIX_PATH} CMAKE_PREFIX_PATH=/home/a/ws_nhk/install/moveit_resources_panda_moveit_config:/home/a/ws_nhk/install/srdfdom:/home/a/ws_nhk/install/moveit_resources_pr2_description:/home/a/ws_nhk/install/moveit_resources_panda_description:/home/a/ws_nhk/install/moveit_common:/home/a/install/field_description_test:/opt/ros/humble LD_LIBRARY_PATH=/home/a/ws_nhk/install/srdfdom/lib:${LD_LIBRARY_PATH} PYTHONPATH=/home/a/ws_nhk/install/srdfdom/local/lib/python3.10/dist-packages:${PYTHONPATH} /usr/bin/cmake --build /home/a/ws_nhk/build/moveit_core -- -j22 -l22
[0.086s] [  2%] Built target moveit_butterworth_parameters
[0.086s] [  3%] Built target moveit_version
[0.087s] [  4%] Built target moveit_exceptions
[0.089s] [  7%] Built target moveit_smoothing_base
[0.089s] [  7%] Built target gtest
[0.089s] [  7%] Built target gtest_main
[0.089s] [  9%] Built target gmock
[0.090s] [ 12%] Built target moveit_utils
[0.090s] [ 13%] Built target gmock_main
[0.095s] [ 14%] Built target moveit_transforms
[0.096s] [ 15%] Built target moveit_kinematics_base
[0.105s] [ 18%] Built target moveit_distance_field
[0.113s] [ 19%] Built target test_transforms
[0.122s] [ 25%] Built target moveit_robot_model
[0.129s] [ 26%] Built target test_voxel_grid
[0.130s] [ 27%] Built target test_distance_field
[0.144s] [ 28%] Built target moveit_butterworth_filter
[0.147s] [ 31%] Built target moveit_robot_state
[0.152s] [ 33%] Built target moveit_test_utils
[0.167s] [ 34%] Built target test_butterworth_filter
[0.168s] [ 35%] Built target test_robot_model
[0.170s] [ 36%] Built target moveit_kinematics_metrics
[0.170s] [ 37%] Built target test_robot_state_benchmark
[0.172s] [ 38%] Built target moveit_dynamics_solver
[0.173s] [ 40%] Built target test_robot_state
[0.173s] [ 41%] Built target moveit_robot_trajectory
[0.173s] [ 42%] Built target test_robot_state_complex
[0.174s] [ 43%] Built target test_aabb
[0.176s] [ 44%] Built target test_cartesian_interpolator
[0.182s] [ 49%] Built target moveit_collision_detection
[0.193s] [ 50%] Built target test_robot_trajectory
[0.197s] [ 52%] Built target moveit_planning_interface
[0.200s] [ 54%] Built target test_all_valid
[0.200s] [ 55%] Built target test_world_diff
[0.201s] [ 58%] Built target moveit_trajectory_processing
[0.201s] [ 59%] Built target test_world
[0.215s] [ 61%] Built target moveit_collision_detection_fcl
[0.216s] [ 66%] Built target moveit_collision_detection_bullet
[0.221s] [ 67%] Built target test_time_parameterization
[0.222s] [ 69%] Built target test_time_optimal_trajectory_generation
[0.226s] [ 70%] Built target test_ruckig_traj_smoothing
[0.237s] [ 72%] Built target test_fcl_collision_detection_panda
[0.239s] [ 73%] Built target test_bullet_continuous_collision_checking
[0.239s] [ 74%] Built target test_bullet_collision_detection
[0.240s] [ 76%] Built target moveit_kinematic_constraints
[0.240s] [ 78%] Built target test_bullet_collision_detection_panda
[0.240s] [ 79%] Built target test_fcl_collision_detection
[0.243s] [ 80%] Built target test_fcl_collision_env
[0.261s] [ 81%] Built target test_orientation_constraints
[0.263s] [ 82%] Built target test_constraints
[0.268s] [ 84%] Built target moveit_planning_scene
[0.291s] [ 87%] Built target test_multi_threaded
[0.291s] [ 87%] Built target test_collision_objects
[0.291s] [ 87%] Built target test_planning_scene
[0.291s] [ 88%] Built target collision_detector_fcl_plugin
[0.292s] [ 89%] Built target collision_detector_bullet_plugin
[0.292s] [ 90%] Built target moveit_planning_request_adapter
[0.297s] [ 93%] Built target moveit_collision_distance_field
[0.298s] [ 96%] Built target moveit_constraint_samplers
[0.317s] [ 97%] Built target test_collision_distance_field
[0.322s] [100%] Built target test_constraint_samplers
