[0.014s] Invoking command in '/home/a/ws_nhk/build/moveit_planners_chomp': AMENT_PREFIX_PATH=/home/a/ws_nhk/install/chomp_motion_planner:/home/a/ws_nhk/install/moveit_core:/home/a/ws_nhk/install/moveit_resources_panda_moveit_config:/home/a/ws_nhk/install/srdfdom:/home/a/ws_nhk/install/moveit_resources_pr2_description:/home/a/ws_nhk/install/moveit_resources_panda_description:/home/a/ws_nhk/install/moveit_common:${AMENT_PREFIX_PATH} CMAKE_PREFIX_PATH=/home/a/ws_nhk/install/chomp_motion_planner:/home/a/ws_nhk/install/moveit_core:/home/a/ws_nhk/install/moveit_resources_panda_moveit_config:/home/a/ws_nhk/install/srdfdom:/home/a/ws_nhk/install/moveit_resources_pr2_description:/home/a/ws_nhk/install/moveit_resources_panda_description:/home/a/ws_nhk/install/moveit_common:/home/a/install/field_description_test:/opt/ros/humble LD_LIBRARY_PATH=/home/a/ws_nhk/install/chomp_motion_planner/lib:/home/a/ws_nhk/install/moveit_core/lib:/home/a/ws_nhk/install/srdfdom/lib:${LD_LIBRARY_PATH} PATH=/home/a/ws_nhk/install/moveit_core/bin:${PATH} PYTHONPATH=/home/a/ws_nhk/install/srdfdom/local/lib/python3.10/dist-packages:${PYTHONPATH} /usr/bin/cmake --build /home/a/ws_nhk/build/moveit_planners_chomp -- -j22 -l22
[0.058s] [ 60%] Built target moveit_chomp_interface
[0.081s] [100%] Built target moveit_chomp_planner_plugin
[0.093s] Invoked command in '/home/a/ws_nhk/build/moveit_planners_chomp' returned '0': AMENT_PREFIX_PATH=/home/a/ws_nhk/install/chomp_motion_planner:/home/a/ws_nhk/install/moveit_core:/home/a/ws_nhk/install/moveit_resources_panda_moveit_config:/home/a/ws_nhk/install/srdfdom:/home/a/ws_nhk/install/moveit_resources_pr2_description:/home/a/ws_nhk/install/moveit_resources_panda_description:/home/a/ws_nhk/install/moveit_common:${AMENT_PREFIX_PATH} CMAKE_PREFIX_PATH=/home/a/ws_nhk/install/chomp_motion_planner:/home/a/ws_nhk/install/moveit_core:/home/a/ws_nhk/install/moveit_resources_panda_moveit_config:/home/a/ws_nhk/install/srdfdom:/home/a/ws_nhk/install/moveit_resources_pr2_description:/home/a/ws_nhk/install/moveit_resources_panda_description:/home/a/ws_nhk/install/moveit_common:/home/a/install/field_description_test:/opt/ros/humble LD_LIBRARY_PATH=/home/a/ws_nhk/install/chomp_motion_planner/lib:/home/a/ws_nhk/install/moveit_core/lib:/home/a/ws_nhk/install/srdfdom/lib:${LD_LIBRARY_PATH} PATH=/home/a/ws_nhk/install/moveit_core/bin:${PATH} PYTHONPATH=/home/a/ws_nhk/install/srdfdom/local/lib/python3.10/dist-packages:${PYTHONPATH} /usr/bin/cmake --build /home/a/ws_nhk/build/moveit_planners_chomp -- -j22 -l22
[0.094s] Invoking command in '/home/a/ws_nhk/build/moveit_planners_chomp': AMENT_PREFIX_PATH=/home/a/ws_nhk/install/chomp_motion_planner:/home/a/ws_nhk/install/moveit_core:/home/a/ws_nhk/install/moveit_resources_panda_moveit_config:/home/a/ws_nhk/install/srdfdom:/home/a/ws_nhk/install/moveit_resources_pr2_description:/home/a/ws_nhk/install/moveit_resources_panda_description:/home/a/ws_nhk/install/moveit_common:${AMENT_PREFIX_PATH} CMAKE_PREFIX_PATH=/home/a/ws_nhk/install/chomp_motion_planner:/home/a/ws_nhk/install/moveit_core:/home/a/ws_nhk/install/moveit_resources_panda_moveit_config:/home/a/ws_nhk/install/srdfdom:/home/a/ws_nhk/install/moveit_resources_pr2_description:/home/a/ws_nhk/install/moveit_resources_panda_description:/home/a/ws_nhk/install/moveit_common:/home/a/install/field_description_test:/opt/ros/humble LD_LIBRARY_PATH=/home/a/ws_nhk/install/chomp_motion_planner/lib:/home/a/ws_nhk/install/moveit_core/lib:/home/a/ws_nhk/install/srdfdom/lib:${LD_LIBRARY_PATH} PATH=/home/a/ws_nhk/install/moveit_core/bin:${PATH} PYTHONPATH=/home/a/ws_nhk/install/srdfdom/local/lib/python3.10/dist-packages:${PYTHONPATH} /usr/bin/cmake --install /home/a/ws_nhk/build/moveit_planners_chomp
[0.099s] -- Install configuration: "Release"
[0.099s] -- Up-to-date: /home/a/ws_nhk/install/moveit_planners_chomp/lib/libmoveit_chomp_interface.so.2.5.9
[0.099s] -- Up-to-date: /home/a/ws_nhk/install/moveit_planners_chomp/lib/libmoveit_chomp_interface.so
[0.099s] -- Up-to-date: /home/a/ws_nhk/install/moveit_planners_chomp/lib/libmoveit_chomp_planner_plugin.so
[0.099s] -- Up-to-date: /home/a/ws_nhk/install/moveit_planners_chomp/share/moveit_planners_chomp/environment/library_path.sh
[0.099s] -- Up-to-date: /home/a/ws_nhk/install/moveit_planners_chomp/share/moveit_planners_chomp/environment/library_path.dsv
[0.099s] -- Up-to-date: /home/a/ws_nhk/install/moveit_planners_chomp/share/moveit_planners_chomp/chomp_interface_plugin_description.xml
[0.099s] -- Up-to-date: /home/a/ws_nhk/install/moveit_planners_chomp/share/ament_index/resource_index/package_run_dependencies/moveit_planners_chomp
[0.099s] -- Up-to-date: /home/a/ws_nhk/install/moveit_planners_chomp/share/ament_index/resource_index/parent_prefix_path/moveit_planners_chomp
[0.099s] -- Up-to-date: /home/a/ws_nhk/install/moveit_planners_chomp/share/moveit_planners_chomp/environment/ament_prefix_path.sh
[0.099s] -- Up-to-date: /home/a/ws_nhk/install/moveit_planners_chomp/share/moveit_planners_chomp/environment/ament_prefix_path.dsv
[0.099s] -- Up-to-date: /home/a/ws_nhk/install/moveit_planners_chomp/share/moveit_planners_chomp/environment/path.sh
[0.099s] -- Up-to-date: /home/a/ws_nhk/install/moveit_planners_chomp/share/moveit_planners_chomp/environment/path.dsv
[0.099s] -- Up-to-date: /home/a/ws_nhk/install/moveit_planners_chomp/share/moveit_planners_chomp/local_setup.bash
[0.099s] -- Up-to-date: /home/a/ws_nhk/install/moveit_planners_chomp/share/moveit_planners_chomp/local_setup.sh
[0.099s] -- Up-to-date: /home/a/ws_nhk/install/moveit_planners_chomp/share/moveit_planners_chomp/local_setup.zsh
[0.099s] -- Up-to-date: /home/a/ws_nhk/install/moveit_planners_chomp/share/moveit_planners_chomp/local_setup.dsv
[0.099s] -- Installing: /home/a/ws_nhk/install/moveit_planners_chomp/share/moveit_planners_chomp/package.dsv
[0.099s] -- Up-to-date: /home/a/ws_nhk/install/moveit_planners_chomp/share/ament_index/resource_index/packages/moveit_planners_chomp
[0.099s] -- Up-to-date: /home/a/ws_nhk/install/moveit_planners_chomp/share/ament_index/resource_index/moveit_core__pluginlib__plugin/moveit_planners_chomp
[0.099s] -- Up-to-date: /home/a/ws_nhk/install/moveit_planners_chomp/share/moveit_planners_chomp/cmake/moveit_planners_chompTargetsExport.cmake
[0.100s] -- Up-to-date: /home/a/ws_nhk/install/moveit_planners_chomp/share/moveit_planners_chomp/cmake/moveit_planners_chompTargetsExport-release.cmake
[0.100s] -- Up-to-date: /home/a/ws_nhk/install/moveit_planners_chomp/share/moveit_planners_chomp/cmake/ament_cmake_export_targets-extras.cmake
[0.100s] -- Up-to-date: /home/a/ws_nhk/install/moveit_planners_chomp/share/moveit_planners_chomp/cmake/ament_cmake_export_dependencies-extras.cmake
[0.100s] -- Up-to-date: /home/a/ws_nhk/install/moveit_planners_chomp/share/moveit_planners_chomp/cmake/moveit_planners_chompConfig.cmake
[0.100s] -- Up-to-date: /home/a/ws_nhk/install/moveit_planners_chomp/share/moveit_planners_chomp/cmake/moveit_planners_chompConfig-version.cmake
[0.100s] -- Up-to-date: /home/a/ws_nhk/install/moveit_planners_chomp/share/moveit_planners_chomp/package.xml
[0.112s] Invoked command in '/home/a/ws_nhk/build/moveit_planners_chomp' returned '0': AMENT_PREFIX_PATH=/home/a/ws_nhk/install/chomp_motion_planner:/home/a/ws_nhk/install/moveit_core:/home/a/ws_nhk/install/moveit_resources_panda_moveit_config:/home/a/ws_nhk/install/srdfdom:/home/a/ws_nhk/install/moveit_resources_pr2_description:/home/a/ws_nhk/install/moveit_resources_panda_description:/home/a/ws_nhk/install/moveit_common:${AMENT_PREFIX_PATH} CMAKE_PREFIX_PATH=/home/a/ws_nhk/install/chomp_motion_planner:/home/a/ws_nhk/install/moveit_core:/home/a/ws_nhk/install/moveit_resources_panda_moveit_config:/home/a/ws_nhk/install/srdfdom:/home/a/ws_nhk/install/moveit_resources_pr2_description:/home/a/ws_nhk/install/moveit_resources_panda_description:/home/a/ws_nhk/install/moveit_common:/home/a/install/field_description_test:/opt/ros/humble LD_LIBRARY_PATH=/home/a/ws_nhk/install/chomp_motion_planner/lib:/home/a/ws_nhk/install/moveit_core/lib:/home/a/ws_nhk/install/srdfdom/lib:${LD_LIBRARY_PATH} PATH=/home/a/ws_nhk/install/moveit_core/bin:${PATH} PYTHONPATH=/home/a/ws_nhk/install/srdfdom/local/lib/python3.10/dist-packages:${PYTHONPATH} /usr/bin/cmake --install /home/a/ws_nhk/build/moveit_planners_chomp
