-- Install configuration: ""
-- Up-to-date: /home/a/ws_nhk/install/arm_v20_description/share/arm_v20_description/meshes
-- Up-to-date: /home/a/ws_nhk/install/arm_v20_description/share/arm_v20_description/meshes/link5_1.stl
-- Up-to-date: /home/a/ws_nhk/install/arm_v20_description/share/arm_v20_description/meshes/base_link.stl
-- Up-to-date: /home/a/ws_nhk/install/arm_v20_description/share/arm_v20_description/meshes/link1_1.stl
-- Up-to-date: /home/a/ws_nhk/install/arm_v20_description/share/arm_v20_description/meshes/link4_1.stl
-- Up-to-date: /home/a/ws_nhk/install/arm_v20_description/share/arm_v20_description/meshes/endeffector_1.stl
-- Up-to-date: /home/a/ws_nhk/install/arm_v20_description/share/arm_v20_description/meshes/link2_1.stl
-- Up-to-date: /home/a/ws_nhk/install/arm_v20_description/share/arm_v20_description/meshes/link3_1.stl
-- Up-to-date: /home/a/ws_nhk/install/arm_v20_description/share/arm_v20_description/urdf
-- Up-to-date: /home/a/ws_nhk/install/arm_v20_description/share/arm_v20_description/urdf/arm_v20.trans
-- Up-to-date: /home/a/ws_nhk/install/arm_v20_description/share/arm_v20_description/urdf/materials.xacro
-- Up-to-date: /home/a/ws_nhk/install/arm_v20_description/share/arm_v20_description/urdf/materials.urdf
-- Up-to-date: /home/a/ws_nhk/install/arm_v20_description/share/arm_v20_description/urdf/arm_v20.xacro
-- Up-to-date: /home/a/ws_nhk/install/arm_v20_description/share/arm_v20_description/urdf/arm_v20.urdf
-- Up-to-date: /home/a/ws_nhk/install/arm_v20_description/share/arm_v20_description/launch
-- Up-to-date: /home/a/ws_nhk/install/arm_v20_description/share/arm_v20_description/launch/robot_description.launch.py
-- Up-to-date: /home/a/ws_nhk/install/arm_v20_description/share/ament_index/resource_index/package_run_dependencies/arm_v20_description
-- Up-to-date: /home/a/ws_nhk/install/arm_v20_description/share/ament_index/resource_index/parent_prefix_path/arm_v20_description
-- Up-to-date: /home/a/ws_nhk/install/arm_v20_description/share/arm_v20_description/environment/ament_prefix_path.sh
-- Up-to-date: /home/a/ws_nhk/install/arm_v20_description/share/arm_v20_description/environment/ament_prefix_path.dsv
-- Up-to-date: /home/a/ws_nhk/install/arm_v20_description/share/arm_v20_description/environment/path.sh
-- Up-to-date: /home/a/ws_nhk/install/arm_v20_description/share/arm_v20_description/environment/path.dsv
-- Up-to-date: /home/a/ws_nhk/install/arm_v20_description/share/arm_v20_description/local_setup.bash
-- Up-to-date: /home/a/ws_nhk/install/arm_v20_description/share/arm_v20_description/local_setup.sh
-- Up-to-date: /home/a/ws_nhk/install/arm_v20_description/share/arm_v20_description/local_setup.zsh
-- Up-to-date: /home/a/ws_nhk/install/arm_v20_description/share/arm_v20_description/local_setup.dsv
-- Installing: /home/a/ws_nhk/install/arm_v20_description/share/arm_v20_description/package.dsv
-- Up-to-date: /home/a/ws_nhk/install/arm_v20_description/share/ament_index/resource_index/packages/arm_v20_description
-- Up-to-date: /home/a/ws_nhk/install/arm_v20_description/share/arm_v20_description/cmake/arm_v20_descriptionConfig.cmake
-- Up-to-date: /home/a/ws_nhk/install/arm_v20_description/share/arm_v20_description/cmake/arm_v20_descriptionConfig-version.cmake
-- Up-to-date: /home/a/ws_nhk/install/arm_v20_description/share/arm_v20_description/package.xml
