[0.202s] Invoking command in '/home/a/ws_nhk/build/mizukiArm_withDT35_3': /usr/bin/cmake /home/a/ws_nhk/src/mizukiArm_withDT35_3 -DCATKIN_INSTALL_INTO_PREFIX_ROOT=0 -DCMAKE_INSTALL_PREFIX=/home/a/ws_nhk/install/mizukiArm_withDT35_3
[0.207s] [0mCMake Deprecation Warning at CMakeLists.txt:1 (cmake_minimum_required):
[0.207s]   Compatibility with CMake < 2.8.12 will be removed from a future version of
[0.208s]   CMake.
[0.208s] 
[0.208s]   Update the VERSION argument <min> value or use a ...<max> suffix to tell
[0.208s]   CMake that the project does not need compatibility with older versions.
[0.208s] 
[0.208s] [0m
[0.215s] -- Configuring incomplete, errors occurred!
[0.216s] See also "/home/a/ws_nhk/build/mizukiArm_withDT35_3/CMakeFiles/CMakeOutput.log".
[0.216s] [31mCMake Error at CMakeLists.txt:5 (find_package):
[0.216s]   By not providing "Findcatkin.cmake" in CMAKE_MODULE_PATH this project has
[0.216s]   asked CMake to find a package configuration file provided by "catkin", but
[0.216s]   CMake did not find one.
[0.216s] 
[0.217s]   Could not find a package configuration file provided by "catkin" with any
[0.217s]   of the following names:
[0.217s] 
[0.217s]     catkinConfig.cmake
[0.217s]     catkin-config.cmake
[0.217s] 
[0.217s]   Add the installation prefix of "catkin" to CMAKE_PREFIX_PATH or set
[0.217s]   "catkin_DIR" to a directory containing one of the above files.  If "catkin"
[0.217s]   provides a separate development package or SDK, be sure it has been
[0.217s]   installed.
[0.217s] 
[0.217s] [0m
[0.262s] Invoked command in '/home/a/ws_nhk/build/mizukiArm_withDT35_3' returned '1': /usr/bin/cmake /home/a/ws_nhk/src/mizukiArm_withDT35_3 -DCATKIN_INSTALL_INTO_PREFIX_ROOT=0 -DCMAKE_INSTALL_PREFIX=/home/a/ws_nhk/install/mizukiArm_withDT35_3
