running egg_info
creating ../../../build/dynamixel_controller_client/dynamixel_controller_client.egg-info
writing ../../../build/dynamixel_controller_client/dynamixel_controller_client.egg-info/PKG-INFO
writing dependency_links to ../../../build/dynamixel_controller_client/dynamixel_controller_client.egg-info/dependency_links.txt
writing entry points to ../../../build/dynamixel_controller_client/dynamixel_controller_client.egg-info/entry_points.txt
writing requirements to ../../../build/dynamixel_controller_client/dynamixel_controller_client.egg-info/requires.txt
writing top-level names to ../../../build/dynamixel_controller_client/dynamixel_controller_client.egg-info/top_level.txt
writing manifest file '../../../build/dynamixel_controller_client/dynamixel_controller_client.egg-info/SOURCES.txt'
reading manifest file '../../../build/dynamixel_controller_client/dynamixel_controller_client.egg-info/SOURCES.txt'
writing manifest file '../../../build/dynamixel_controller_client/dynamixel_controller_client.egg-info/SOURCES.txt'
running build
running build_py
creating /home/a/ws_nhk/build/dynamixel_controller_client/build
creating /home/a/ws_nhk/build/dynamixel_controller_client/build/lib
creating /home/a/ws_nhk/build/dynamixel_controller_client/build/lib/dynamixel_controller_client
copying dynamixel_controller_client/dynamixel_controller_client_node.py -> /home/a/ws_nhk/build/dynamixel_controller_client/build/lib/dynamixel_controller_client
copying dynamixel_controller_client/__init__.py -> /home/a/ws_nhk/build/dynamixel_controller_client/build/lib/dynamixel_controller_client
running install
running install_lib
creating /home/a/ws_nhk/install/dynamixel_controller_client/lib/python3.10/site-packages/dynamixel_controller_client
copying /home/a/ws_nhk/build/dynamixel_controller_client/build/lib/dynamixel_controller_client/dynamixel_controller_client_node.py -> /home/a/ws_nhk/install/dynamixel_controller_client/lib/python3.10/site-packages/dynamixel_controller_client
copying /home/a/ws_nhk/build/dynamixel_controller_client/build/lib/dynamixel_controller_client/__init__.py -> /home/a/ws_nhk/install/dynamixel_controller_client/lib/python3.10/site-packages/dynamixel_controller_client
byte-compiling /home/a/ws_nhk/install/dynamixel_controller_client/lib/python3.10/site-packages/dynamixel_controller_client/dynamixel_controller_client_node.py to dynamixel_controller_client_node.cpython-310.pyc
byte-compiling /home/a/ws_nhk/install/dynamixel_controller_client/lib/python3.10/site-packages/dynamixel_controller_client/__init__.py to __init__.cpython-310.pyc
running install_data
creating /home/a/ws_nhk/install/dynamixel_controller_client/share/ament_index
creating /home/a/ws_nhk/install/dynamixel_controller_client/share/ament_index/resource_index
creating /home/a/ws_nhk/install/dynamixel_controller_client/share/ament_index/resource_index/packages
copying resource/dynamixel_controller_client -> /home/a/ws_nhk/install/dynamixel_controller_client/share/ament_index/resource_index/packages
copying package.xml -> /home/a/ws_nhk/install/dynamixel_controller_client/share/dynamixel_controller_client
running install_egg_info
Copying ../../../build/dynamixel_controller_client/dynamixel_controller_client.egg-info to /home/a/ws_nhk/install/dynamixel_controller_client/lib/python3.10/site-packages/dynamixel_controller_client-0.0.0-py3.10.egg-info
running install_scripts
Installing dynamixel_controller_client_node script to /home/a/ws_nhk/install/dynamixel_controller_client/lib/dynamixel_controller_client
writing list of installed files to '/home/a/ws_nhk/build/dynamixel_controller_client/install.log'
