[0.781s] Invoking command in '/home/a/ws_nhk/src/dynamixel_ros2/dynamixel_controller_client': PYTHONPATH=/home/a/ws_nhk/build/dynamixel_controller_client/prefix_override:/usr/lib/python3/dist-packages/colcon_core/task/python/colcon_distutils_commands:/home/a/ws_nhk/install/dynamixel_controller_client/lib/python3.10/site-packages:${PYTHONPATH} /usr/bin/python3 -W ignore:setup.py install is deprecated -W ignore:easy_install command is deprecated setup.py egg_info --egg-base ../../../build/dynamixel_controller_client build --build-base /home/a/ws_nhk/build/dynamixel_controller_client/build install --record /home/a/ws_nhk/build/dynamixel_controller_client/install.log --single-version-externally-managed install_data
[1.082s] running egg_info
[1.083s] creating ../../../build/dynamixel_controller_client/dynamixel_controller_client.egg-info
[1.083s] writing ../../../build/dynamixel_controller_client/dynamixel_controller_client.egg-info/PKG-INFO
[1.083s] writing dependency_links to ../../../build/dynamixel_controller_client/dynamixel_controller_client.egg-info/dependency_links.txt
[1.084s] writing entry points to ../../../build/dynamixel_controller_client/dynamixel_controller_client.egg-info/entry_points.txt
[1.084s] writing requirements to ../../../build/dynamixel_controller_client/dynamixel_controller_client.egg-info/requires.txt
[1.084s] writing top-level names to ../../../build/dynamixel_controller_client/dynamixel_controller_client.egg-info/top_level.txt
[1.084s] writing manifest file '../../../build/dynamixel_controller_client/dynamixel_controller_client.egg-info/SOURCES.txt'
[1.087s] reading manifest file '../../../build/dynamixel_controller_client/dynamixel_controller_client.egg-info/SOURCES.txt'
[1.088s] writing manifest file '../../../build/dynamixel_controller_client/dynamixel_controller_client.egg-info/SOURCES.txt'
[1.088s] running build
[1.088s] running build_py
[1.088s] creating /home/a/ws_nhk/build/dynamixel_controller_client/build
[1.088s] creating /home/a/ws_nhk/build/dynamixel_controller_client/build/lib
[1.088s] creating /home/a/ws_nhk/build/dynamixel_controller_client/build/lib/dynamixel_controller_client
[1.088s] copying dynamixel_controller_client/dynamixel_controller_client_node.py -> /home/a/ws_nhk/build/dynamixel_controller_client/build/lib/dynamixel_controller_client
[1.088s] copying dynamixel_controller_client/__init__.py -> /home/a/ws_nhk/build/dynamixel_controller_client/build/lib/dynamixel_controller_client
[1.088s] running install
[1.089s] running install_lib
[1.090s] creating /home/a/ws_nhk/install/dynamixel_controller_client/lib/python3.10/site-packages/dynamixel_controller_client
[1.090s] copying /home/a/ws_nhk/build/dynamixel_controller_client/build/lib/dynamixel_controller_client/dynamixel_controller_client_node.py -> /home/a/ws_nhk/install/dynamixel_controller_client/lib/python3.10/site-packages/dynamixel_controller_client
[1.090s] copying /home/a/ws_nhk/build/dynamixel_controller_client/build/lib/dynamixel_controller_client/__init__.py -> /home/a/ws_nhk/install/dynamixel_controller_client/lib/python3.10/site-packages/dynamixel_controller_client
[1.091s] byte-compiling /home/a/ws_nhk/install/dynamixel_controller_client/lib/python3.10/site-packages/dynamixel_controller_client/dynamixel_controller_client_node.py to dynamixel_controller_client_node.cpython-310.pyc
[1.092s] byte-compiling /home/a/ws_nhk/install/dynamixel_controller_client/lib/python3.10/site-packages/dynamixel_controller_client/__init__.py to __init__.cpython-310.pyc
[1.092s] running install_data
[1.092s] creating /home/a/ws_nhk/install/dynamixel_controller_client/share/ament_index
[1.092s] creating /home/a/ws_nhk/install/dynamixel_controller_client/share/ament_index/resource_index
[1.092s] creating /home/a/ws_nhk/install/dynamixel_controller_client/share/ament_index/resource_index/packages
[1.092s] copying resource/dynamixel_controller_client -> /home/a/ws_nhk/install/dynamixel_controller_client/share/ament_index/resource_index/packages
[1.093s] copying package.xml -> /home/a/ws_nhk/install/dynamixel_controller_client/share/dynamixel_controller_client
[1.093s] running install_egg_info
[1.095s] Copying ../../../build/dynamixel_controller_client/dynamixel_controller_client.egg-info to /home/a/ws_nhk/install/dynamixel_controller_client/lib/python3.10/site-packages/dynamixel_controller_client-0.0.0-py3.10.egg-info
[1.096s] running install_scripts
[1.121s] Installing dynamixel_controller_client_node script to /home/a/ws_nhk/install/dynamixel_controller_client/lib/dynamixel_controller_client
[1.121s] writing list of installed files to '/home/a/ws_nhk/build/dynamixel_controller_client/install.log'
[1.286s] Invoked command in '/home/a/ws_nhk/src/dynamixel_ros2/dynamixel_controller_client' returned '0': PYTHONPATH=/home/a/ws_nhk/build/dynamixel_controller_client/prefix_override:/usr/lib/python3/dist-packages/colcon_core/task/python/colcon_distutils_commands:/home/a/ws_nhk/install/dynamixel_controller_client/lib/python3.10/site-packages:${PYTHONPATH} /usr/bin/python3 -W ignore:setup.py install is deprecated -W ignore:easy_install command is deprecated setup.py egg_info --egg-base ../../../build/dynamixel_controller_client build --build-base /home/a/ws_nhk/build/dynamixel_controller_client/build install --record /home/a/ws_nhk/build/dynamixel_controller_client/install.log --single-version-externally-managed install_data
