[0.218s] Invoking command in '/home/a/ws_nhk/build/mizukiArm_withDT35_3': /usr/bin/cmake /home/a/ws_nhk/src/mizukiArm_withDT35_3 -DCATKIN_INSTALL_INTO_PREFIX_ROOT=0 -DCMAKE_INSTALL_PREFIX=/home/a/ws_nhk/install/mizukiArm_withDT35_3
[0.225s] [0mCMake Deprecation Warning at CMakeLists.txt:1 (cmake_minimum_required):
[0.225s]   Compatibility with CMake < 2.8.12 will be removed from a future version of
[0.227s]   CMake.
[0.227s] 
[0.227s]   Update the VERSION argument <min> value or use a ...<max> suffix to tell
[0.227s]   CMake that the project does not need compatibility with older versions.
[0.227s] 
[0.227s] [0m
[0.297s] -- The C compiler identification is GNU 11.4.0
[0.360s] -- The CXX compiler identification is GNU 11.4.0
[0.371s] -- Detecting C compiler ABI info
[0.432s] -- Detecting C compiler ABI info - done
[0.440s] -- Check for working C compiler: /usr/bin/cc - skipped
[0.440s] -- Detecting C compile features
[0.441s] -- Detecting C compile features - done
[0.444s] -- Detecting CXX compiler ABI info
[0.511s] -- Detecting CXX compiler ABI info - done
[0.514s] -- Check for working CXX compiler: /usr/bin/c++ - skipped
[0.514s] -- Detecting CXX compile features
[0.514s] -- Detecting CXX compile features - done
[0.520s] [31mCMake Error at CMakeLists.txt:5 (find_package):
[0.520s]   By not providing "Findcatkin.cmake" in CMAKE_MODULE_PATH this project has
[0.520s]   asked CMake to find a package configuration file provided by "catkin", but
[0.520s]   CMake did not find one.
[0.520s] 
[0.520s]   Could not find a package configuration file provided by "catkin" with any
[0.520s]   of the following names:
[0.520s] 
[0.520s]     catkinConfig.cmake
[0.520s]     catkin-config.cmake
[0.520s] 
[0.520s]   Add the installation prefix of "catkin" to CMAKE_PREFIX_PATH or set
[0.520s]   "catkin_DIR" to a directory containing one of the above files.  If "catkin"
[0.521s]   provides a separate development package or SDK, be sure it has been
[0.521s]   installed.
[0.521s] 
[0.521s] [0m
[0.521s] -- Configuring incomplete, errors occurred!
[0.521s] See also "/home/a/ws_nhk/build/mizukiArm_withDT35_3/CMakeFiles/CMakeOutput.log".
[0.524s] Invoked command in '/home/a/ws_nhk/build/mizukiArm_withDT35_3' returned '1': /usr/bin/cmake /home/a/ws_nhk/src/mizukiArm_withDT35_3 -DCATKIN_INSTALL_INTO_PREFIX_ROOT=0 -DCMAKE_INSTALL_PREFIX=/home/a/ws_nhk/install/mizukiArm_withDT35_3
