[0.043s] Invoking command in '/home/a/ws_nhk/build/moveit_resources_panda_description': CMAKE_PREFIX_PATH=${CMAKE_PREFIX_PATH}:/home/a/ws_nhk/install/moveit_configs_utils:/home/a/ws_nhk/install/launch_param_builder:/opt/ros/humble /usr/bin/cmake /home/a/ws_nhk/src/moveit_resources/panda_description -DCMAKE_INSTALL_PREFIX=/home/a/ws_nhk/install/moveit_resources_panda_description
[0.231s] -- Found ament_cmake: 1.3.12 (/opt/ros/humble/share/ament_cmake/cmake)
[0.231s] -- Configuring done
[0.231s] -- Generating done
[0.231s] -- Build files have been written to: /home/a/ws_nhk/build/moveit_resources_panda_description
[0.241s] Invoked command in '/home/a/ws_nhk/build/moveit_resources_panda_description' returned '0': CMAKE_PREFIX_PATH=${CMAKE_PREFIX_PATH}:/home/a/ws_nhk/install/moveit_configs_utils:/home/a/ws_nhk/install/launch_param_builder:/opt/ros/humble /usr/bin/cmake /home/a/ws_nhk/src/moveit_resources/panda_description -DCMAKE_INSTALL_PREFIX=/home/a/ws_nhk/install/moveit_resources_panda_description
[0.241s] Invoking command in '/home/a/ws_nhk/build/moveit_resources_panda_description': CMAKE_PREFIX_PATH=${CMAKE_PREFIX_PATH}:/home/a/ws_nhk/install/moveit_configs_utils:/home/a/ws_nhk/install/launch_param_builder:/opt/ros/humble /usr/bin/cmake --build /home/a/ws_nhk/build/moveit_resources_panda_description -- -j22 -l22
[0.287s] Invoked command in '/home/a/ws_nhk/build/moveit_resources_panda_description' returned '0': CMAKE_PREFIX_PATH=${CMAKE_PREFIX_PATH}:/home/a/ws_nhk/install/moveit_configs_utils:/home/a/ws_nhk/install/launch_param_builder:/opt/ros/humble /usr/bin/cmake --build /home/a/ws_nhk/build/moveit_resources_panda_description -- -j22 -l22
[0.288s] Invoking command in '/home/a/ws_nhk/build/moveit_resources_panda_description': CMAKE_PREFIX_PATH=${CMAKE_PREFIX_PATH}:/home/a/ws_nhk/install/moveit_configs_utils:/home/a/ws_nhk/install/launch_param_builder:/opt/ros/humble /usr/bin/cmake --install /home/a/ws_nhk/build/moveit_resources_panda_description
[0.316s] -- Install configuration: "Release"
[0.316s] -- Up-to-date: /home/a/ws_nhk/install/moveit_resources_panda_description/share/ament_index/resource_index/package_run_dependencies/moveit_resources_panda_description
[0.317s] -- Installing: /home/a/ws_nhk/install/moveit_resources_panda_description/share/ament_index/resource_index/parent_prefix_path/moveit_resources_panda_description
[0.317s] -- Up-to-date: /home/a/ws_nhk/install/moveit_resources_panda_description/share/moveit_resources_panda_description/environment/ament_prefix_path.sh
[0.317s] -- Installing: /home/a/ws_nhk/install/moveit_resources_panda_description/share/moveit_resources_panda_description/environment/ament_prefix_path.dsv
[0.319s] -- Up-to-date: /home/a/ws_nhk/install/moveit_resources_panda_description/share/moveit_resources_panda_description/environment/path.sh
[0.319s] -- Installing: /home/a/ws_nhk/install/moveit_resources_panda_description/share/moveit_resources_panda_description/environment/path.dsv
[0.319s] -- Up-to-date: /home/a/ws_nhk/install/moveit_resources_panda_description/share/moveit_resources_panda_description/local_setup.bash
[0.319s] -- Up-to-date: /home/a/ws_nhk/install/moveit_resources_panda_description/share/moveit_resources_panda_description/local_setup.sh
[0.319s] -- Up-to-date: /home/a/ws_nhk/install/moveit_resources_panda_description/share/moveit_resources_panda_description/local_setup.zsh
[0.319s] -- Installing: /home/a/ws_nhk/install/moveit_resources_panda_description/share/moveit_resources_panda_description/local_setup.dsv
[0.319s] -- Installing: /home/a/ws_nhk/install/moveit_resources_panda_description/share/moveit_resources_panda_description/package.dsv
[0.319s] -- Up-to-date: /home/a/ws_nhk/install/moveit_resources_panda_description/share/ament_index/resource_index/packages/moveit_resources_panda_description
[0.319s] -- Up-to-date: /home/a/ws_nhk/install/moveit_resources_panda_description/share/moveit_resources_panda_description/cmake/moveit_resources_panda_descriptionConfig.cmake
[0.320s] -- Up-to-date: /home/a/ws_nhk/install/moveit_resources_panda_description/share/moveit_resources_panda_description/cmake/moveit_resources_panda_descriptionConfig-version.cmake
[0.320s] -- Up-to-date: /home/a/ws_nhk/install/moveit_resources_panda_description/share/moveit_resources_panda_description/package.xml
[0.320s] -- Up-to-date: /home/a/ws_nhk/install/moveit_resources_panda_description/share/moveit_resources_panda_description/meshes
[0.320s] -- Up-to-date: /home/a/ws_nhk/install/moveit_resources_panda_description/share/moveit_resources_panda_description/meshes/collision
[0.320s] -- Up-to-date: /home/a/ws_nhk/install/moveit_resources_panda_description/share/moveit_resources_panda_description/meshes/collision/link3.stl
[0.320s] -- Up-to-date: /home/a/ws_nhk/install/moveit_resources_panda_description/share/moveit_resources_panda_description/meshes/collision/link4.stl
[0.320s] -- Up-to-date: /home/a/ws_nhk/install/moveit_resources_panda_description/share/moveit_resources_panda_description/meshes/collision/finger.stl
[0.320s] -- Up-to-date: /home/a/ws_nhk/install/moveit_resources_panda_description/share/moveit_resources_panda_description/meshes/collision/link5.stl
[0.320s] -- Up-to-date: /home/a/ws_nhk/install/moveit_resources_panda_description/share/moveit_resources_panda_description/meshes/collision/link7.stl
[0.320s] -- Up-to-date: /home/a/ws_nhk/install/moveit_resources_panda_description/share/moveit_resources_panda_description/meshes/collision/link6.stl
[0.320s] -- Up-to-date: /home/a/ws_nhk/install/moveit_resources_panda_description/share/moveit_resources_panda_description/meshes/collision/link2.stl
[0.320s] -- Up-to-date: /home/a/ws_nhk/install/moveit_resources_panda_description/share/moveit_resources_panda_description/meshes/collision/hand.stl
[0.320s] -- Up-to-date: /home/a/ws_nhk/install/moveit_resources_panda_description/share/moveit_resources_panda_description/meshes/collision/link1.stl
[0.320s] -- Up-to-date: /home/a/ws_nhk/install/moveit_resources_panda_description/share/moveit_resources_panda_description/meshes/collision/link0.stl
[0.320s] -- Up-to-date: /home/a/ws_nhk/install/moveit_resources_panda_description/share/moveit_resources_panda_description/meshes/visual
[0.320s] -- Up-to-date: /home/a/ws_nhk/install/moveit_resources_panda_description/share/moveit_resources_panda_description/meshes/visual/link7.dae
[0.320s] -- Up-to-date: /home/a/ws_nhk/install/moveit_resources_panda_description/share/moveit_resources_panda_description/meshes/visual/link0.dae
[0.320s] -- Up-to-date: /home/a/ws_nhk/install/moveit_resources_panda_description/share/moveit_resources_panda_description/meshes/visual/finger.dae
[0.320s] -- Up-to-date: /home/a/ws_nhk/install/moveit_resources_panda_description/share/moveit_resources_panda_description/meshes/visual/link6.dae
[0.320s] -- Up-to-date: /home/a/ws_nhk/install/moveit_resources_panda_description/share/moveit_resources_panda_description/meshes/visual/link5.dae
[0.320s] -- Up-to-date: /home/a/ws_nhk/install/moveit_resources_panda_description/share/moveit_resources_panda_description/meshes/visual/link3.dae
[0.320s] -- Up-to-date: /home/a/ws_nhk/install/moveit_resources_panda_description/share/moveit_resources_panda_description/meshes/visual/link2.dae
[0.320s] -- Up-to-date: /home/a/ws_nhk/install/moveit_resources_panda_description/share/moveit_resources_panda_description/meshes/visual/link1.dae
[0.320s] -- Up-to-date: /home/a/ws_nhk/install/moveit_resources_panda_description/share/moveit_resources_panda_description/meshes/visual/link4.dae
[0.320s] -- Up-to-date: /home/a/ws_nhk/install/moveit_resources_panda_description/share/moveit_resources_panda_description/meshes/visual/hand.dae
[0.320s] -- Up-to-date: /home/a/ws_nhk/install/moveit_resources_panda_description/share/moveit_resources_panda_description/urdf
[0.320s] -- Up-to-date: /home/a/ws_nhk/install/moveit_resources_panda_description/share/moveit_resources_panda_description/urdf/panda.urdf
[0.342s] Invoked command in '/home/a/ws_nhk/build/moveit_resources_panda_description' returned '0': CMAKE_PREFIX_PATH=${CMAKE_PREFIX_PATH}:/home/a/ws_nhk/install/moveit_configs_utils:/home/a/ws_nhk/install/launch_param_builder:/opt/ros/humble /usr/bin/cmake --install /home/a/ws_nhk/build/moveit_resources_panda_description
