[33mCMake Warning (dev) at CMakeLists.txt:5:
  Syntax Warning in cmake code at column 19

  Argument not separated from preceding token by whitespace.
This warning is for project developers.  Use -Wno-dev to suppress it.
[0m
[0mCMake Error: Could not find cmake module file: CMakeDetermine(Compiler.cmake[0m
[0mCMake Error: Error required internal CMake variable not set, cmake may not be built correctly.
Missing variable is:
CMAKE_(_COMPILER_ENV_VAR[0m
[0mCMake Error: Error required internal CMake variable not set, cmake may not be built correctly.
Missing variable is:
CMAKE_(_COMPILER[0m
[0mCMake Error: Could not find cmake module file: /home/a/ws_nhk/build/arm_v20_description/CMakeFiles/3.22.1/CMake(Compiler.cmake[0m
[0mCMake Error: Could not find cmake module file: CMakeDetermine2Compiler.cmake[0m
[0mCMake Error: Error required internal CMake variable not set, cmake may not be built correctly.
Missing variable is:
CMAKE_2_COMPILER_ENV_VAR[0m
[0mCMake Error: Error required internal CMake variable not set, cmake may not be built correctly.
Missing variable is:
CMAKE_2_COMPILER[0m
[0mCMake Error: Could not find cmake module file: /home/a/ws_nhk/build/arm_v20_description/CMakeFiles/3.22.1/CMake2Compiler.cmake[0m
[0mCMake Error: Could not find cmake module file: CMakeDetermine)Compiler.cmake[0m
[0mCMake Error: Error required internal CMake variable not set, cmake may not be built correctly.
Missing variable is:
CMAKE_)_COMPILER_ENV_VAR[0m
[0mCMake Error: Error required internal CMake variable not set, cmake may not be built correctly.
Missing variable is:
CMAKE_)_COMPILER[0m
[0mCMake Error: Could not find cmake module file: /home/a/ws_nhk/build/arm_v20_description/CMakeFiles/3.22.1/CMake)Compiler.cmake[0m
[0mCMake Error: Could not find cmake module file: CMakeDetermine_descriptionCompiler.cmake[0m
[0mCMake Error: Error required internal CMake variable not set, cmake may not be built correctly.
Missing variable is:
CMAKE__description_COMPILER_ENV_VAR[0m
[0mCMake Error: Error required internal CMake variable not set, cmake may not be built correctly.
Missing variable is:
CMAKE__description_COMPILER[0m
[0mCMake Error: Could not find cmake module file: /home/a/ws_nhk/build/arm_v20_description/CMakeFiles/3.22.1/CMake_descriptionCompiler.cmake[0m
-- Configuring incomplete, errors occurred!
See also "/home/a/ws_nhk/build/arm_v20_description/CMakeFiles/CMakeOutput.log".
[31mCMake Error at CMakeLists.txt:5 (project):
  No CMAKE_(_COMPILER could be found.

  Tell CMake where to find the compiler by setting the CMake cache entry
  CMAKE_(_COMPILER to the full path to the compiler, or to the compiler name
  if it is in the PATH.

[0m
[0mCMake Error: Could not find cmake module file: CMake(Information.cmake[0m
[31mCMake Error at CMakeLists.txt:5 (project):
  No CMAKE_2_COMPILER could be found.

  Tell CMake where to find the compiler by setting the CMake cache entry
  CMAKE_2_COMPILER to the full path to the compiler, or to the compiler name
  if it is in the PATH.

[0m
[0mCMake Error: Could not find cmake module file: CMake2Information.cmake[0m
[31mCMake Error at CMakeLists.txt:5 (project):
  No CMAKE_)_COMPILER could be found.

  Tell CMake where to find the compiler by setting the CMake cache entry
  CMAKE_)_COMPILER to the full path to the compiler, or to the compiler name
  if it is in the PATH.

[0m
[0mCMake Error: Could not find cmake module file: CMake)Information.cmake[0m
[31mCMake Error at CMakeLists.txt:5 (project):
  No CMAKE__description_COMPILER could be found.

  Tell CMake where to find the compiler by setting the CMake cache entry
  CMAKE__description_COMPILER to the full path to the compiler, or to the
  compiler name if it is in the PATH.

[0m
[0mCMake Error: Could not find cmake module file: CMake_descriptionInformation.cmake[0m
[0mCMake Error: CMAKE_(_COMPILER not set, after EnableLanguage[0m
[0mCMake Error: CMAKE_2_COMPILER not set, after EnableLanguage[0m
[0mCMake Error: CMAKE_)_COMPILER not set, after EnableLanguage[0m
[0mCMake Error: CMAKE__description_COMPILER not set, after EnableLanguage[0m
