[0.192s] Invoking command in '/home/a/ws_nhk/build/moveit_task_constructor_msgs': CMAKE_PREFIX_PATH=${CMAKE_PREFIX_PATH}:/opt/ros/humble /usr/bin/cmake --build /home/a/ws_nhk/build/moveit_task_constructor_msgs -- -j22 -l22
[0.248s] [  0%] Built target moveit_task_constructor_msgs__cpp
[0.261s] [  0%] Built target ament_cmake_python_copy_moveit_task_constructor_msgs
[0.261s] [ 12%] Built target moveit_task_constructor_msgs__rosidl_generator_c
[0.264s] [ 28%] Built target moveit_task_constructor_msgs__rosidl_typesupport_cpp
[0.264s] [ 35%] Built target moveit_task_constructor_msgs__rosidl_typesupport_fastrtps_cpp
[0.264s] [ 47%] Built target moveit_task_constructor_msgs__rosidl_typesupport_c
[0.264s] [ 59%] Built target moveit_task_constructor_msgs__rosidl_typesupport_introspection_cpp
[0.264s] [ 71%] Built target moveit_task_constructor_msgs__rosidl_typesupport_fastrtps_c
[0.264s] [ 83%] Built target moveit_task_constructor_msgs__rosidl_typesupport_introspection_c
[0.274s] [ 83%] Built target moveit_task_constructor_msgs
[0.291s] [ 84%] Built target moveit_task_constructor_msgs__py
[0.312s] [ 95%] Built target moveit_task_constructor_msgs__rosidl_generator_py
[0.330s] [ 97%] Built target moveit_task_constructor_msgs__rosidl_typesupport_introspection_c__pyext
[0.331s] [ 98%] Built target moveit_task_constructor_msgs__rosidl_typesupport_c__pyext
[0.332s] [100%] Built target moveit_task_constructor_msgs__rosidl_typesupport_fastrtps_c__pyext
[0.397s] running egg_info
[0.397s] writing moveit_task_constructor_msgs.egg-info/PKG-INFO
[0.397s] writing dependency_links to moveit_task_constructor_msgs.egg-info/dependency_links.txt
[0.397s] writing top-level names to moveit_task_constructor_msgs.egg-info/top_level.txt
[0.399s] reading manifest file 'moveit_task_constructor_msgs.egg-info/SOURCES.txt'
[0.399s] writing manifest file 'moveit_task_constructor_msgs.egg-info/SOURCES.txt'
[0.418s] [100%] Built target ament_cmake_python_build_moveit_task_constructor_msgs_egg
