[0.230s] Invoking command in '/home/a/ws_nhk/build/dynamixel_sdk': CMAKE_PREFIX_PATH=${CMAKE_PREFIX_PATH}:/home/a/ws_nhk/install/moveit_configs_utils:/home/a/ws_nhk/install/launch_param_builder:/opt/ros/humble /usr/bin/cmake /home/a/ws_nhk/src/dynamixel_ros2/DynamixelSDK/dynamixel_sdk -DCMAKE_INSTALL_PREFIX=/home/a/ws_nhk/install/dynamixel_sdk
[0.431s] -- The C compiler identification is GNU 11.4.0
[0.431s] -- The CXX compiler identification is GNU 11.4.0
[0.431s] -- Detecting C compiler ABI info
[0.431s] -- Detecting C compiler ABI info - done
[0.431s] -- Check for working C compiler: /usr/bin/cc - skipped
[0.431s] -- Detecting C compile features
[0.431s] -- Detecting C compile features - done
[0.431s] -- Detecting CXX compiler ABI info
[0.462s] -- Detecting CXX compiler ABI info - done
[0.487s] -- Check for working CXX compiler: /usr/bin/c++ - skipped
[0.487s] -- Detecting CXX compile features
[0.488s] -- Detecting CXX compile features - done
[0.513s] -- Found ament_cmake: 1.3.12 (/opt/ros/humble/share/ament_cmake/cmake)
[0.606s] -- Found Python3: /usr/bin/python3 (found version "3.10.12") found components: Interpreter 
[0.754s] -- Configuring done
[0.756s] -- Generating done
[0.757s] -- Build files have been written to: /home/a/ws_nhk/build/dynamixel_sdk
[0.766s] Invoked command in '/home/a/ws_nhk/build/dynamixel_sdk' returned '0': CMAKE_PREFIX_PATH=${CMAKE_PREFIX_PATH}:/home/a/ws_nhk/install/moveit_configs_utils:/home/a/ws_nhk/install/launch_param_builder:/opt/ros/humble /usr/bin/cmake /home/a/ws_nhk/src/dynamixel_ros2/DynamixelSDK/dynamixel_sdk -DCMAKE_INSTALL_PREFIX=/home/a/ws_nhk/install/dynamixel_sdk
[0.766s] Invoking command in '/home/a/ws_nhk/build/dynamixel_sdk': CMAKE_PREFIX_PATH=${CMAKE_PREFIX_PATH}:/home/a/ws_nhk/install/moveit_configs_utils:/home/a/ws_nhk/install/launch_param_builder:/opt/ros/humble /usr/bin/cmake --build /home/a/ws_nhk/build/dynamixel_sdk -- -j22 -l22
[0.821s] [ 10%] [32mBuilding CXX object CMakeFiles/dynamixel_sdk.dir/src/dynamixel_sdk/group_sync_read.cpp.o[0m
[0.822s] [ 20%] [32mBuilding CXX object CMakeFiles/dynamixel_sdk.dir/src/dynamixel_sdk/group_sync_write.cpp.o[0m
[0.822s] [ 30%] [32mBuilding CXX object CMakeFiles/dynamixel_sdk.dir/src/dynamixel_sdk/group_bulk_write.cpp.o[0m
[0.823s] [ 40%] [32mBuilding CXX object CMakeFiles/dynamixel_sdk.dir/src/dynamixel_sdk/protocol2_packet_handler.cpp.o[0m
[0.823s] [ 50%] [32mBuilding CXX object CMakeFiles/dynamixel_sdk.dir/src/dynamixel_sdk/packet_handler.cpp.o[0m
[0.824s] [ 60%] [32mBuilding CXX object CMakeFiles/dynamixel_sdk.dir/src/dynamixel_sdk/protocol1_packet_handler.cpp.o[0m
[0.825s] [ 70%] [32mBuilding CXX object CMakeFiles/dynamixel_sdk.dir/src/dynamixel_sdk/port_handler_linux.cpp.o[0m
[0.826s] [ 80%] [32mBuilding CXX object CMakeFiles/dynamixel_sdk.dir/src/dynamixel_sdk/group_bulk_read.cpp.o[0m
[0.827s] [ 90%] [32mBuilding CXX object CMakeFiles/dynamixel_sdk.dir/src/dynamixel_sdk/port_handler.cpp.o[0m
[1.274s] [100%] [32m[1mLinking CXX shared library libdynamixel_sdk.so[0m
[1.346s] [100%] Built target dynamixel_sdk
[1.402s] Invoked command in '/home/a/ws_nhk/build/dynamixel_sdk' returned '0': CMAKE_PREFIX_PATH=${CMAKE_PREFIX_PATH}:/home/a/ws_nhk/install/moveit_configs_utils:/home/a/ws_nhk/install/launch_param_builder:/opt/ros/humble /usr/bin/cmake --build /home/a/ws_nhk/build/dynamixel_sdk -- -j22 -l22
[1.403s] Invoking command in '/home/a/ws_nhk/build/dynamixel_sdk': CMAKE_PREFIX_PATH=${CMAKE_PREFIX_PATH}:/home/a/ws_nhk/install/moveit_configs_utils:/home/a/ws_nhk/install/launch_param_builder:/opt/ros/humble /usr/bin/cmake --install /home/a/ws_nhk/build/dynamixel_sdk
[1.416s] -- Install configuration: ""
[1.416s] -- Installing: /home/a/ws_nhk/install/dynamixel_sdk/include/
[1.416s] -- Installing: /home/a/ws_nhk/install/dynamixel_sdk/include//dynamixel_sdk
[1.416s] -- Installing: /home/a/ws_nhk/install/dynamixel_sdk/include//dynamixel_sdk/port_handler_mac.h
[1.416s] -- Installing: /home/a/ws_nhk/install/dynamixel_sdk/include//dynamixel_sdk/protocol2_packet_handler.h
[1.416s] -- Installing: /home/a/ws_nhk/install/dynamixel_sdk/include//dynamixel_sdk/packet_handler.h
[1.416s] -- Installing: /home/a/ws_nhk/install/dynamixel_sdk/include//dynamixel_sdk/group_sync_read.h
[1.416s] -- Installing: /home/a/ws_nhk/install/dynamixel_sdk/include//dynamixel_sdk/dynamixel_sdk.h
[1.416s] -- Installing: /home/a/ws_nhk/install/dynamixel_sdk/include//dynamixel_sdk/port_handler.h
[1.416s] -- Installing: /home/a/ws_nhk/install/dynamixel_sdk/include//dynamixel_sdk/group_bulk_read.h
[1.417s] -- Installing: /home/a/ws_nhk/install/dynamixel_sdk/include//dynamixel_sdk/group_bulk_write.h
[1.417s] -- Installing: /home/a/ws_nhk/install/dynamixel_sdk/include//dynamixel_sdk/port_handler_windows.h
[1.417s] -- Installing: /home/a/ws_nhk/install/dynamixel_sdk/include//dynamixel_sdk/port_handler_arduino.h
[1.417s] -- Installing: /home/a/ws_nhk/install/dynamixel_sdk/include//dynamixel_sdk/protocol1_packet_handler.h
[1.417s] -- Installing: /home/a/ws_nhk/install/dynamixel_sdk/include//dynamixel_sdk/port_handler_linux.h
[1.417s] -- Installing: /home/a/ws_nhk/install/dynamixel_sdk/include//dynamixel_sdk/group_sync_write.h
[1.417s] -- Installing: /home/a/ws_nhk/install/dynamixel_sdk/lib/libdynamixel_sdk.so
[1.417s] -- Installing: /home/a/ws_nhk/install/dynamixel_sdk/share/dynamixel_sdk/environment/library_path.sh
[1.417s] -- Installing: /home/a/ws_nhk/install/dynamixel_sdk/share/dynamixel_sdk/environment/library_path.dsv
[1.417s] -- Installing: /home/a/ws_nhk/install/dynamixel_sdk/share/ament_index/resource_index/package_run_dependencies/dynamixel_sdk
[1.417s] -- Installing: /home/a/ws_nhk/install/dynamixel_sdk/share/ament_index/resource_index/parent_prefix_path/dynamixel_sdk
[1.417s] -- Installing: /home/a/ws_nhk/install/dynamixel_sdk/share/dynamixel_sdk/environment/ament_prefix_path.sh
[1.417s] -- Installing: /home/a/ws_nhk/install/dynamixel_sdk/share/dynamixel_sdk/environment/ament_prefix_path.dsv
[1.417s] -- Installing: /home/a/ws_nhk/install/dynamixel_sdk/share/dynamixel_sdk/environment/path.sh
[1.417s] -- Installing: /home/a/ws_nhk/install/dynamixel_sdk/share/dynamixel_sdk/environment/path.dsv
[1.417s] -- Installing: /home/a/ws_nhk/install/dynamixel_sdk/share/dynamixel_sdk/local_setup.bash
[1.417s] -- Installing: /home/a/ws_nhk/install/dynamixel_sdk/share/dynamixel_sdk/local_setup.sh
[1.417s] -- Installing: /home/a/ws_nhk/install/dynamixel_sdk/share/dynamixel_sdk/local_setup.zsh
[1.417s] -- Installing: /home/a/ws_nhk/install/dynamixel_sdk/share/dynamixel_sdk/local_setup.dsv
[1.417s] -- Installing: /home/a/ws_nhk/install/dynamixel_sdk/share/dynamixel_sdk/package.dsv
[1.417s] -- Installing: /home/a/ws_nhk/install/dynamixel_sdk/share/ament_index/resource_index/packages/dynamixel_sdk
[1.417s] -- Installing: /home/a/ws_nhk/install/dynamixel_sdk/share/dynamixel_sdk/cmake/ament_cmake_export_include_directories-extras.cmake
[1.417s] -- Installing: /home/a/ws_nhk/install/dynamixel_sdk/share/dynamixel_sdk/cmake/ament_cmake_export_libraries-extras.cmake
[1.417s] -- Installing: /home/a/ws_nhk/install/dynamixel_sdk/share/dynamixel_sdk/cmake/dynamixel_sdkConfig.cmake
[1.417s] -- Installing: /home/a/ws_nhk/install/dynamixel_sdk/share/dynamixel_sdk/cmake/dynamixel_sdkConfig-version.cmake
[1.417s] -- Installing: /home/a/ws_nhk/install/dynamixel_sdk/share/dynamixel_sdk/package.xml
[1.422s] Invoked command in '/home/a/ws_nhk/build/dynamixel_sdk' returned '0': CMAKE_PREFIX_PATH=${CMAKE_PREFIX_PATH}:/home/a/ws_nhk/install/moveit_configs_utils:/home/a/ws_nhk/install/launch_param_builder:/opt/ros/humble /usr/bin/cmake --install /home/a/ws_nhk/build/dynamixel_sdk
