[0.034s] Invoking command in '/home/a/ws_nhk/build/moveit_core': CMAKE_PREFIX_PATH=/home/a/ws_nhk/install/moveit_resources_panda_moveit_config:/home/a/ws_nhk/install/srdfdom:/home/a/ws_nhk/install/moveit_resources_pr2_description:/home/a/ws_nhk/install/moveit_resources_panda_description:/home/a/ws_nhk/install/moveit_common:/home/a/ws_nhk/install/moveit_runtime:/home/a/ws_nhk/install/moveit_config:/home/a/ws_nhk/install/moveit2_tutorials:/home/a/ws_nhk/install/moveit:/home/a/ws_nhk/install/moveit_planners:/home/a/ws_nhk/install/pilz_industrial_motion_planner:/home/a/ws_nhk/install/moveit_task_constructor_visualization:/home/a/ws_nhk/install/moveit_task_constructor_demo:/home/a/ws_nhk/install/moveit_task_constructor_capabilities:/home/a/ws_nhk/install/moveit_task_constructor_core:/home/a/ws_nhk/install/moveit_setup_assistant:/home/a/ws_nhk/install/moveit_setup_srdf_plugins:/home/a/ws_nhk/install/moveit_setup_core_plugins:/home/a/ws_nhk/install/moveit_setup_controllers:/home/a/ws_nhk/install/moveit_setup_app_plugins:/home/a/ws_nhk/install/moveit_setup_framework:/home/a/ws_nhk/install/moveit_servo:/home/a/ws_nhk/install/moveit_ros:/home/a/ws_nhk/install/moveit_ros_visualization:/home/a/ws_nhk/install/moveit_hybrid_planning:/home/a/ws_nhk/install/moveit_ros_planning_interface:/home/a/ws_nhk/install/moveit_resources_prbt_pg70_support:/home/a/ws_nhk/install/moveit_resources_prbt_moveit_config:/home/a/ws_nhk/install/moveit_ros_move_group:/home/a/ws_nhk/install/moveit_kinematics:/home/a/ws_nhk/install/trac_ik:/home/a/ws_nhk/install/trac_ik_kinematics_plugin:/home/a/ws_nhk/install/trac_ik_lib:/home/a/ws_nhk/install/pilz_industrial_motion_planner_testutils:/home/a/ws_nhk/install/moveit_visual_tools:/home/a/ws_nhk/install/moveit_ros_control_interface:/home/a/ws_nhk/install/moveit_plugins:/home/a/ws_nhk/install/moveit_simple_controller_manager:/home/a/ws_nhk/install/moveit_ros_benchmarks:/home/a/ws_nhk/install/moveit_ros_warehouse:/home/a/ws_nhk/install/moveit_ros_robot_interaction:/home/a/ws_nhk/install/moveit_ros_perception:/home/a/ws_nhk/install/moveit_planners_ompl:/home/a/ws_nhk/install/moveit_ros_planning:/home/a/ws_nhk/install/moveit_ros_occupancy_map_monitor:/home/a/ws_nhk/install/moveit_resources_prbt_ikfast_manipulator_plugin:/home/a/ws_nhk/install/moveit_planners_chomp:/home/a/ws_nhk/install/moveit_chomp_optimizer_adapter:/home/a/ws_nhk/install/chomp_motion_planner:/home/a/ws_nhk/install/moveit_core:/home/a/ws_nhk/install/rviz_marker_tools:/home/a/ws_nhk/install/rosparam_shortcuts:/home/a/ws_nhk/install/moveit_task_constructor_msgs:/home/a/ws_nhk/install/moveit_resources_prbt_support:/home/a/ws_nhk/install/moveit_resources:/home/a/ws_nhk/install/moveit_resources_fanuc_moveit_config:/home/a/ws_nhk/install/moveit_resources_fanuc_description:/home/a/ws_nhk/install/arm_v20_description:/home/a/install/field_description_test:/home/a/ws_nhk/install/moveit_configs_utils:/home/a/ws_nhk/install/launch_param_builder:/opt/ros/humble LD_LIBRARY_PATH=/home/a/ws_nhk/install/srdfdom/lib:/home/a/ws_nhk/install/pilz_industrial_motion_planner/lib:/home/a/ws_nhk/install/moveit_task_constructor_visualization/lib:/home/a/ws_nhk/install/moveit_task_constructor_demo/lib:/home/a/ws_nhk/install/moveit_task_constructor_capabilities/lib:/home/a/ws_nhk/install/moveit_task_constructor_core/lib:/home/a/ws_nhk/install/moveit_setup_assistant/lib:/home/a/ws_nhk/install/moveit_setup_srdf_plugins/lib:/home/a/ws_nhk/install/moveit_setup_core_plugins/lib:/home/a/ws_nhk/install/moveit_setup_controllers/lib:/home/a/ws_nhk/install/moveit_setup_app_plugins/lib:/home/a/ws_nhk/install/moveit_setup_framework/lib:/home/a/ws_nhk/install/moveit_servo/lib:/home/a/ws_nhk/install/moveit_ros_visualization/lib:/home/a/ws_nhk/install/moveit_hybrid_planning/lib:/home/a/ws_nhk/install/moveit_ros_planning_interface/lib:/home/a/ws_nhk/install/moveit_ros_move_group/lib:/home/a/ws_nhk/install/moveit_kinematics/lib:/home/a/ws_nhk/install/trac_ik_kinematics_plugin/lib:/home/a/ws_nhk/install/trac_ik_lib/lib:/home/a/ws_nhk/install/pilz_industrial_motion_planner_testutils/lib:/home/a/ws_nhk/install/moveit_visual_tools/lib:/home/a/ws_nhk/install/moveit_ros_control_interface/lib:/home/a/ws_nhk/install/moveit_simple_controller_manager/lib:/home/a/ws_nhk/install/moveit_ros_benchmarks/lib:/home/a/ws_nhk/install/moveit_ros_warehouse/lib:/home/a/ws_nhk/install/moveit_ros_robot_interaction/lib:/home/a/ws_nhk/install/moveit_ros_perception/lib:/home/a/ws_nhk/install/moveit_planners_ompl/lib:/home/a/ws_nhk/install/moveit_ros_planning/lib:/home/a/ws_nhk/install/moveit_ros_occupancy_map_monitor/lib:/home/a/ws_nhk/install/moveit_resources_prbt_ikfast_manipulator_plugin/lib:/home/a/ws_nhk/install/moveit_planners_chomp/lib:/home/a/ws_nhk/install/moveit_chomp_optimizer_adapter/lib:/home/a/ws_nhk/install/chomp_motion_planner/lib:/home/a/ws_nhk/install/moveit_core/lib:/home/a/ws_nhk/install/rviz_marker_tools/lib:/home/a/ws_nhk/install/rosparam_shortcuts/lib:/home/a/ws_nhk/install/moveit_task_constructor_msgs/lib:/usr/lib/x86_64-linux-gnu/gazebo-11/plugins:/opt/ros/humble/opt/rviz_ogre_vendor/lib:/opt/ros/humble/lib/x86_64-linux-gnu:/opt/ros/humble/lib /usr/bin/cmake --build /home/a/ws_nhk/build/moveit_core -- -j22 -l22
[0.138s] [  4%] Built target moveit_utils
[0.138s] [  4%] Built target gtest_main
[0.139s] [  5%] Built target moveit_exceptions
[0.139s] [  6%] Built target gmock_main
[0.141s] [  7%] Built target moveit_version
[0.141s] [  8%] Built target gtest
[0.145s] [  9%] Built target moveit_smoothing_base
[0.147s] [ 12%] Built target moveit_butterworth_parameters
[0.147s] [ 13%] Built target gmock
[0.155s] [ 14%] Built target moveit_kinematics_base
[0.164s] [ 15%] Built target moveit_transforms
[0.175s] [ 18%] Built target moveit_distance_field
[0.214s] [ 19%] Built target test_transforms
[0.224s] [ 20%] Built target test_distance_field
[0.227s] [ 21%] Built target test_voxel_grid
[0.232s] [ 27%] Built target moveit_robot_model
[0.300s] [ 29%] Built target moveit_butterworth_filter
[0.300s] [ 30%] Built target moveit_test_utils
[0.301s] [ 33%] Built target moveit_robot_state
[0.350s] [ 34%] Built target test_cartesian_interpolator
[0.351s] [ 35%] Built target test_aabb
[0.353s] [ 36%] Built target test_butterworth_filter
[0.357s] [ 37%] Built target test_robot_state_benchmark
[0.370s] [ 40%] Built target test_robot_model
[0.371s] [ 40%] Built target test_robot_state
[0.372s] [ 41%] Built target test_robot_state_complex
[0.402s] [ 42%] Built target moveit_kinematics_metrics
[0.409s] [ 43%] Built target moveit_robot_trajectory
[0.418s] [ 44%] Built target moveit_dynamics_solver
[0.421s] [ 49%] Built target moveit_collision_detection
[0.465s] [ 50%] Built target test_robot_trajectory
[0.474s] [ 52%] Built target test_world_diff
[0.478s] [ 54%] Built target moveit_planning_interface
[0.481s] [ 57%] Built target moveit_trajectory_processing
[0.492s] [ 62%] Built target moveit_collision_detection_bullet
[0.492s] [ 63%] Built target test_world
[0.496s] [ 64%] Built target test_all_valid
[0.502s] [ 66%] Built target moveit_collision_detection_fcl
[0.536s] [ 67%] Built target test_ruckig_traj_smoothing
[0.541s] [ 69%] Built target test_time_optimal_trajectory_generation
[0.552s] [ 70%] Built target test_bullet_collision_detection
[0.553s] [ 71%] Built target test_time_parameterization
[0.567s] [ 72%] Built target test_bullet_continuous_collision_checking
[0.583s] [ 74%] Built target test_bullet_collision_detection_panda
[0.584s] [ 76%] Built target moveit_kinematic_constraints
[0.590s] [ 77%] Built target test_fcl_collision_env
[0.592s] [ 78%] Built target test_fcl_collision_detection
[0.607s] [ 80%] Built target test_fcl_collision_detection_panda
[0.658s] [ 82%] Built target moveit_planning_scene
[0.658s] [ 83%] Built target test_constraints
[0.659s] [ 84%] Built target test_orientation_constraints
[0.725s] [ 85%] Built target collision_detector_bullet_plugin
[0.731s] [ 86%] Built target moveit_planning_request_adapter
[0.732s] [ 87%] Built target test_collision_objects
[0.735s] [ 88%] Built target test_multi_threaded
[0.735s] [ 89%] Built target test_planning_scene
[0.743s] [ 90%] Built target collision_detector_fcl_plugin
[0.759s] [ 93%] Built target moveit_constraint_samplers
[0.763s] [ 96%] Built target moveit_collision_distance_field
[0.842s] [ 99%] Built target test_constraint_samplers
[0.851s] [100%] Built target test_collision_distance_field
[1.286s] Invoked command in '/home/a/ws_nhk/build/moveit_core' returned '0': CMAKE_PREFIX_PATH=/home/a/ws_nhk/install/moveit_resources_panda_moveit_config:/home/a/ws_nhk/install/srdfdom:/home/a/ws_nhk/install/moveit_resources_pr2_description:/home/a/ws_nhk/install/moveit_resources_panda_description:/home/a/ws_nhk/install/moveit_common:/home/a/ws_nhk/install/moveit_runtime:/home/a/ws_nhk/install/moveit_config:/home/a/ws_nhk/install/moveit2_tutorials:/home/a/ws_nhk/install/moveit:/home/a/ws_nhk/install/moveit_planners:/home/a/ws_nhk/install/pilz_industrial_motion_planner:/home/a/ws_nhk/install/moveit_task_constructor_visualization:/home/a/ws_nhk/install/moveit_task_constructor_demo:/home/a/ws_nhk/install/moveit_task_constructor_capabilities:/home/a/ws_nhk/install/moveit_task_constructor_core:/home/a/ws_nhk/install/moveit_setup_assistant:/home/a/ws_nhk/install/moveit_setup_srdf_plugins:/home/a/ws_nhk/install/moveit_setup_core_plugins:/home/a/ws_nhk/install/moveit_setup_controllers:/home/a/ws_nhk/install/moveit_setup_app_plugins:/home/a/ws_nhk/install/moveit_setup_framework:/home/a/ws_nhk/install/moveit_servo:/home/a/ws_nhk/install/moveit_ros:/home/a/ws_nhk/install/moveit_ros_visualization:/home/a/ws_nhk/install/moveit_hybrid_planning:/home/a/ws_nhk/install/moveit_ros_planning_interface:/home/a/ws_nhk/install/moveit_resources_prbt_pg70_support:/home/a/ws_nhk/install/moveit_resources_prbt_moveit_config:/home/a/ws_nhk/install/moveit_ros_move_group:/home/a/ws_nhk/install/moveit_kinematics:/home/a/ws_nhk/install/trac_ik:/home/a/ws_nhk/install/trac_ik_kinematics_plugin:/home/a/ws_nhk/install/trac_ik_lib:/home/a/ws_nhk/install/pilz_industrial_motion_planner_testutils:/home/a/ws_nhk/install/moveit_visual_tools:/home/a/ws_nhk/install/moveit_ros_control_interface:/home/a/ws_nhk/install/moveit_plugins:/home/a/ws_nhk/install/moveit_simple_controller_manager:/home/a/ws_nhk/install/moveit_ros_benchmarks:/home/a/ws_nhk/install/moveit_ros_warehouse:/home/a/ws_nhk/install/moveit_ros_robot_interaction:/home/a/ws_nhk/install/moveit_ros_perception:/home/a/ws_nhk/install/moveit_planners_ompl:/home/a/ws_nhk/install/moveit_ros_planning:/home/a/ws_nhk/install/moveit_ros_occupancy_map_monitor:/home/a/ws_nhk/install/moveit_resources_prbt_ikfast_manipulator_plugin:/home/a/ws_nhk/install/moveit_planners_chomp:/home/a/ws_nhk/install/moveit_chomp_optimizer_adapter:/home/a/ws_nhk/install/chomp_motion_planner:/home/a/ws_nhk/install/moveit_core:/home/a/ws_nhk/install/rviz_marker_tools:/home/a/ws_nhk/install/rosparam_shortcuts:/home/a/ws_nhk/install/moveit_task_constructor_msgs:/home/a/ws_nhk/install/moveit_resources_prbt_support:/home/a/ws_nhk/install/moveit_resources:/home/a/ws_nhk/install/moveit_resources_fanuc_moveit_config:/home/a/ws_nhk/install/moveit_resources_fanuc_description:/home/a/ws_nhk/install/arm_v20_description:/home/a/install/field_description_test:/home/a/ws_nhk/install/moveit_configs_utils:/home/a/ws_nhk/install/launch_param_builder:/opt/ros/humble LD_LIBRARY_PATH=/home/a/ws_nhk/install/srdfdom/lib:/home/a/ws_nhk/install/pilz_industrial_motion_planner/lib:/home/a/ws_nhk/install/moveit_task_constructor_visualization/lib:/home/a/ws_nhk/install/moveit_task_constructor_demo/lib:/home/a/ws_nhk/install/moveit_task_constructor_capabilities/lib:/home/a/ws_nhk/install/moveit_task_constructor_core/lib:/home/a/ws_nhk/install/moveit_setup_assistant/lib:/home/a/ws_nhk/install/moveit_setup_srdf_plugins/lib:/home/a/ws_nhk/install/moveit_setup_core_plugins/lib:/home/a/ws_nhk/install/moveit_setup_controllers/lib:/home/a/ws_nhk/install/moveit_setup_app_plugins/lib:/home/a/ws_nhk/install/moveit_setup_framework/lib:/home/a/ws_nhk/install/moveit_servo/lib:/home/a/ws_nhk/install/moveit_ros_visualization/lib:/home/a/ws_nhk/install/moveit_hybrid_planning/lib:/home/a/ws_nhk/install/moveit_ros_planning_interface/lib:/home/a/ws_nhk/install/moveit_ros_move_group/lib:/home/a/ws_nhk/install/moveit_kinematics/lib:/home/a/ws_nhk/install/trac_ik_kinematics_plugin/lib:/home/a/ws_nhk/install/trac_ik_lib/lib:/home/a/ws_nhk/install/pilz_industrial_motion_planner_testutils/lib:/home/a/ws_nhk/install/moveit_visual_tools/lib:/home/a/ws_nhk/install/moveit_ros_control_interface/lib:/home/a/ws_nhk/install/moveit_simple_controller_manager/lib:/home/a/ws_nhk/install/moveit_ros_benchmarks/lib:/home/a/ws_nhk/install/moveit_ros_warehouse/lib:/home/a/ws_nhk/install/moveit_ros_robot_interaction/lib:/home/a/ws_nhk/install/moveit_ros_perception/lib:/home/a/ws_nhk/install/moveit_planners_ompl/lib:/home/a/ws_nhk/install/moveit_ros_planning/lib:/home/a/ws_nhk/install/moveit_ros_occupancy_map_monitor/lib:/home/a/ws_nhk/install/moveit_resources_prbt_ikfast_manipulator_plugin/lib:/home/a/ws_nhk/install/moveit_planners_chomp/lib:/home/a/ws_nhk/install/moveit_chomp_optimizer_adapter/lib:/home/a/ws_nhk/install/chomp_motion_planner/lib:/home/a/ws_nhk/install/moveit_core/lib:/home/a/ws_nhk/install/rviz_marker_tools/lib:/home/a/ws_nhk/install/rosparam_shortcuts/lib:/home/a/ws_nhk/install/moveit_task_constructor_msgs/lib:/usr/lib/x86_64-linux-gnu/gazebo-11/plugins:/opt/ros/humble/opt/rviz_ogre_vendor/lib:/opt/ros/humble/lib/x86_64-linux-gnu:/opt/ros/humble/lib /usr/bin/cmake --build /home/a/ws_nhk/build/moveit_core -- -j22 -l22
[1.292s] Invoking command in '/home/a/ws_nhk/build/moveit_core': CMAKE_PREFIX_PATH=/home/a/ws_nhk/install/moveit_resources_panda_moveit_config:/home/a/ws_nhk/install/srdfdom:/home/a/ws_nhk/install/moveit_resources_pr2_description:/home/a/ws_nhk/install/moveit_resources_panda_description:/home/a/ws_nhk/install/moveit_common:/home/a/ws_nhk/install/moveit_runtime:/home/a/ws_nhk/install/moveit_config:/home/a/ws_nhk/install/moveit2_tutorials:/home/a/ws_nhk/install/moveit:/home/a/ws_nhk/install/moveit_planners:/home/a/ws_nhk/install/pilz_industrial_motion_planner:/home/a/ws_nhk/install/moveit_task_constructor_visualization:/home/a/ws_nhk/install/moveit_task_constructor_demo:/home/a/ws_nhk/install/moveit_task_constructor_capabilities:/home/a/ws_nhk/install/moveit_task_constructor_core:/home/a/ws_nhk/install/moveit_setup_assistant:/home/a/ws_nhk/install/moveit_setup_srdf_plugins:/home/a/ws_nhk/install/moveit_setup_core_plugins:/home/a/ws_nhk/install/moveit_setup_controllers:/home/a/ws_nhk/install/moveit_setup_app_plugins:/home/a/ws_nhk/install/moveit_setup_framework:/home/a/ws_nhk/install/moveit_servo:/home/a/ws_nhk/install/moveit_ros:/home/a/ws_nhk/install/moveit_ros_visualization:/home/a/ws_nhk/install/moveit_hybrid_planning:/home/a/ws_nhk/install/moveit_ros_planning_interface:/home/a/ws_nhk/install/moveit_resources_prbt_pg70_support:/home/a/ws_nhk/install/moveit_resources_prbt_moveit_config:/home/a/ws_nhk/install/moveit_ros_move_group:/home/a/ws_nhk/install/moveit_kinematics:/home/a/ws_nhk/install/trac_ik:/home/a/ws_nhk/install/trac_ik_kinematics_plugin:/home/a/ws_nhk/install/trac_ik_lib:/home/a/ws_nhk/install/pilz_industrial_motion_planner_testutils:/home/a/ws_nhk/install/moveit_visual_tools:/home/a/ws_nhk/install/moveit_ros_control_interface:/home/a/ws_nhk/install/moveit_plugins:/home/a/ws_nhk/install/moveit_simple_controller_manager:/home/a/ws_nhk/install/moveit_ros_benchmarks:/home/a/ws_nhk/install/moveit_ros_warehouse:/home/a/ws_nhk/install/moveit_ros_robot_interaction:/home/a/ws_nhk/install/moveit_ros_perception:/home/a/ws_nhk/install/moveit_planners_ompl:/home/a/ws_nhk/install/moveit_ros_planning:/home/a/ws_nhk/install/moveit_ros_occupancy_map_monitor:/home/a/ws_nhk/install/moveit_resources_prbt_ikfast_manipulator_plugin:/home/a/ws_nhk/install/moveit_planners_chomp:/home/a/ws_nhk/install/moveit_chomp_optimizer_adapter:/home/a/ws_nhk/install/chomp_motion_planner:/home/a/ws_nhk/install/moveit_core:/home/a/ws_nhk/install/rviz_marker_tools:/home/a/ws_nhk/install/rosparam_shortcuts:/home/a/ws_nhk/install/moveit_task_constructor_msgs:/home/a/ws_nhk/install/moveit_resources_prbt_support:/home/a/ws_nhk/install/moveit_resources:/home/a/ws_nhk/install/moveit_resources_fanuc_moveit_config:/home/a/ws_nhk/install/moveit_resources_fanuc_description:/home/a/ws_nhk/install/arm_v20_description:/home/a/install/field_description_test:/home/a/ws_nhk/install/moveit_configs_utils:/home/a/ws_nhk/install/launch_param_builder:/opt/ros/humble LD_LIBRARY_PATH=/home/a/ws_nhk/install/srdfdom/lib:/home/a/ws_nhk/install/pilz_industrial_motion_planner/lib:/home/a/ws_nhk/install/moveit_task_constructor_visualization/lib:/home/a/ws_nhk/install/moveit_task_constructor_demo/lib:/home/a/ws_nhk/install/moveit_task_constructor_capabilities/lib:/home/a/ws_nhk/install/moveit_task_constructor_core/lib:/home/a/ws_nhk/install/moveit_setup_assistant/lib:/home/a/ws_nhk/install/moveit_setup_srdf_plugins/lib:/home/a/ws_nhk/install/moveit_setup_core_plugins/lib:/home/a/ws_nhk/install/moveit_setup_controllers/lib:/home/a/ws_nhk/install/moveit_setup_app_plugins/lib:/home/a/ws_nhk/install/moveit_setup_framework/lib:/home/a/ws_nhk/install/moveit_servo/lib:/home/a/ws_nhk/install/moveit_ros_visualization/lib:/home/a/ws_nhk/install/moveit_hybrid_planning/lib:/home/a/ws_nhk/install/moveit_ros_planning_interface/lib:/home/a/ws_nhk/install/moveit_ros_move_group/lib:/home/a/ws_nhk/install/moveit_kinematics/lib:/home/a/ws_nhk/install/trac_ik_kinematics_plugin/lib:/home/a/ws_nhk/install/trac_ik_lib/lib:/home/a/ws_nhk/install/pilz_industrial_motion_planner_testutils/lib:/home/a/ws_nhk/install/moveit_visual_tools/lib:/home/a/ws_nhk/install/moveit_ros_control_interface/lib:/home/a/ws_nhk/install/moveit_simple_controller_manager/lib:/home/a/ws_nhk/install/moveit_ros_benchmarks/lib:/home/a/ws_nhk/install/moveit_ros_warehouse/lib:/home/a/ws_nhk/install/moveit_ros_robot_interaction/lib:/home/a/ws_nhk/install/moveit_ros_perception/lib:/home/a/ws_nhk/install/moveit_planners_ompl/lib:/home/a/ws_nhk/install/moveit_ros_planning/lib:/home/a/ws_nhk/install/moveit_ros_occupancy_map_monitor/lib:/home/a/ws_nhk/install/moveit_resources_prbt_ikfast_manipulator_plugin/lib:/home/a/ws_nhk/install/moveit_planners_chomp/lib:/home/a/ws_nhk/install/moveit_chomp_optimizer_adapter/lib:/home/a/ws_nhk/install/chomp_motion_planner/lib:/home/a/ws_nhk/install/moveit_core/lib:/home/a/ws_nhk/install/rviz_marker_tools/lib:/home/a/ws_nhk/install/rosparam_shortcuts/lib:/home/a/ws_nhk/install/moveit_task_constructor_msgs/lib:/usr/lib/x86_64-linux-gnu/gazebo-11/plugins:/opt/ros/humble/opt/rviz_ogre_vendor/lib:/opt/ros/humble/lib/x86_64-linux-gnu:/opt/ros/humble/lib /usr/bin/cmake --install /home/a/ws_nhk/build/moveit_core
[1.308s] -- Install configuration: "Release"
[1.309s] -- Up-to-date: /home/a/ws_nhk/install/moveit_core/include/moveit/version.h
[1.309s] -- Up-to-date: /home/a/ws_nhk/install/moveit_core/include
[1.309s] -- Up-to-date: /home/a/ws_nhk/install/moveit_core/include/moveit
[1.309s] -- Up-to-date: /home/a/ws_nhk/install/moveit_core/include/moveit/collision_distance_field
[1.309s] -- Up-to-date: /home/a/ws_nhk/install/moveit_core/include/moveit/collision_distance_field/collision_distance_field_types.h
[1.309s] -- Up-to-date: /home/a/ws_nhk/install/moveit_core/include/moveit/collision_distance_field/collision_env_hybrid.h
[1.309s] -- Up-to-date: /home/a/ws_nhk/install/moveit_core/include/moveit/collision_distance_field/collision_common_distance_field.h
[1.310s] -- Up-to-date: /home/a/ws_nhk/install/moveit_core/include/moveit/collision_distance_field/collision_detector_allocator_distance_field.h
[1.310s] -- Up-to-date: /home/a/ws_nhk/install/moveit_core/include/moveit/collision_distance_field/collision_env_distance_field.h
[1.310s] -- Up-to-date: /home/a/ws_nhk/install/moveit_core/include/moveit/collision_distance_field/collision_detector_allocator_hybrid.h
[1.310s] -- Up-to-date: /home/a/ws_nhk/install/moveit_core/include/moveit_collision_distance_field_export.h
[1.310s] -- Up-to-date: /home/a/ws_nhk/install/moveit_core/include
[1.310s] -- Up-to-date: /home/a/ws_nhk/install/moveit_core/include/moveit
[1.310s] -- Up-to-date: /home/a/ws_nhk/install/moveit_core/include/moveit/constraint_samplers
[1.310s] -- Up-to-date: /home/a/ws_nhk/install/moveit_core/include/moveit/constraint_samplers/union_constraint_sampler.h
[1.310s] -- Up-to-date: /home/a/ws_nhk/install/moveit_core/include/moveit/constraint_samplers/default_constraint_samplers.h
[1.311s] -- Up-to-date: /home/a/ws_nhk/install/moveit_core/include/moveit/constraint_samplers/constraint_sampler_tools.h
[1.311s] -- Up-to-date: /home/a/ws_nhk/install/moveit_core/include/moveit/constraint_samplers/constraint_sampler_allocator.h
[1.311s] -- Up-to-date: /home/a/ws_nhk/install/moveit_core/include/moveit/constraint_samplers/constraint_sampler.h
[1.311s] -- Up-to-date: /home/a/ws_nhk/install/moveit_core/include/moveit/constraint_samplers/constraint_sampler_manager.h
[1.311s] -- Up-to-date: /home/a/ws_nhk/install/moveit_core/include
[1.311s] -- Up-to-date: /home/a/ws_nhk/install/moveit_core/include/moveit
[1.311s] -- Up-to-date: /home/a/ws_nhk/install/moveit_core/include/moveit/controller_manager
[1.311s] -- Up-to-date: /home/a/ws_nhk/install/moveit_core/include/moveit/controller_manager/controller_manager.h
[1.311s] -- Up-to-date: /home/a/ws_nhk/install/moveit_core/include
[1.311s] -- Up-to-date: /home/a/ws_nhk/install/moveit_core/include/moveit
[1.311s] -- Up-to-date: /home/a/ws_nhk/install/moveit_core/include/moveit/distance_field
[1.312s] -- Up-to-date: /home/a/ws_nhk/install/moveit_core/include/moveit/distance_field/voxel_grid.h
[1.312s] -- Up-to-date: /home/a/ws_nhk/install/moveit_core/include/moveit/distance_field/propagation_distance_field.h
[1.312s] -- Up-to-date: /home/a/ws_nhk/install/moveit_core/include/moveit/distance_field/find_internal_points.h
[1.312s] -- Up-to-date: /home/a/ws_nhk/install/moveit_core/include/moveit/distance_field/distance_field.h
[1.312s] -- Up-to-date: /home/a/ws_nhk/install/moveit_core/include
[1.312s] -- Up-to-date: /home/a/ws_nhk/install/moveit_core/include/moveit
[1.312s] -- Up-to-date: /home/a/ws_nhk/install/moveit_core/include/moveit/dynamics_solver
[1.312s] -- Up-to-date: /home/a/ws_nhk/install/moveit_core/include/moveit/dynamics_solver/dynamics_solver.h
[1.312s] -- Up-to-date: /home/a/ws_nhk/install/moveit_core/include
[1.312s] -- Up-to-date: /home/a/ws_nhk/install/moveit_core/include/moveit
[1.313s] -- Up-to-date: /home/a/ws_nhk/install/moveit_core/include/moveit/exceptions
[1.313s] -- Up-to-date: /home/a/ws_nhk/install/moveit_core/include/moveit/exceptions/exceptions.h
[1.313s] -- Up-to-date: /home/a/ws_nhk/install/moveit_core/include
[1.313s] -- Up-to-date: /home/a/ws_nhk/install/moveit_core/include/moveit
[1.313s] -- Up-to-date: /home/a/ws_nhk/install/moveit_core/include/moveit/kinematics_base
[1.313s] -- Up-to-date: /home/a/ws_nhk/install/moveit_core/include/moveit/kinematics_base/kinematics_base.h
[1.313s] -- Up-to-date: /home/a/ws_nhk/install/moveit_core/include/moveit_kinematics_base_export.h
[1.313s] -- Up-to-date: /home/a/ws_nhk/install/moveit_core/include
[1.313s] -- Up-to-date: /home/a/ws_nhk/install/moveit_core/include/moveit
[1.313s] -- Up-to-date: /home/a/ws_nhk/install/moveit_core/include/moveit/kinematic_constraints
[1.314s] -- Up-to-date: /home/a/ws_nhk/install/moveit_core/include/moveit/kinematic_constraints/utils.h
[1.314s] -- Up-to-date: /home/a/ws_nhk/install/moveit_core/include/moveit/kinematic_constraints/kinematic_constraint.h
[1.314s] -- Up-to-date: /home/a/ws_nhk/install/moveit_core/include
[1.314s] -- Up-to-date: /home/a/ws_nhk/install/moveit_core/include/moveit
[1.314s] -- Up-to-date: /home/a/ws_nhk/install/moveit_core/include/moveit/kinematics_metrics
[1.314s] -- Up-to-date: /home/a/ws_nhk/install/moveit_core/include/moveit/kinematics_metrics/kinematics_metrics.h
[1.314s] -- Up-to-date: /home/a/ws_nhk/install/moveit_core/include
[1.314s] -- Up-to-date: /home/a/ws_nhk/install/moveit_core/include/moveit
[1.314s] -- Up-to-date: /home/a/ws_nhk/install/moveit_core/include/moveit/macros
[1.314s] -- Up-to-date: /home/a/ws_nhk/install/moveit_core/include/moveit/macros/declare_ptr.h
[1.314s] -- Up-to-date: /home/a/ws_nhk/install/moveit_core/include/moveit/macros/deprecation.h
[1.315s] -- Up-to-date: /home/a/ws_nhk/install/moveit_core/include/moveit/macros/class_forward.h
[1.315s] -- Up-to-date: /home/a/ws_nhk/install/moveit_core/include/moveit/macros/console_colors.h
[1.315s] -- Up-to-date: /home/a/ws_nhk/install/moveit_core/include/moveit_core
[1.315s] -- Up-to-date: /home/a/ws_nhk/install/moveit_core/include/moveit_core/moveit_butterworth_parameters.hpp
[1.315s] -- Up-to-date: /home/a/ws_nhk/install/moveit_core/include
[1.315s] -- Up-to-date: /home/a/ws_nhk/install/moveit_core/include/moveit
[1.315s] -- Up-to-date: /home/a/ws_nhk/install/moveit_core/include/moveit/online_signal_smoothing
[1.315s] -- Up-to-date: /home/a/ws_nhk/install/moveit_core/include/moveit/online_signal_smoothing/smoothing_base_class.h
[1.315s] -- Up-to-date: /home/a/ws_nhk/install/moveit_core/include/moveit/online_signal_smoothing/butterworth_filter.h
[1.315s] -- Up-to-date: /home/a/ws_nhk/install/moveit_core/include/moveit_smoothing_base_export.h
[1.316s] -- Up-to-date: /home/a/ws_nhk/install/moveit_core/include/moveit_butterworth_filter_export.h
[1.316s] -- Up-to-date: /home/a/ws_nhk/install/moveit_core/include
[1.316s] -- Up-to-date: /home/a/ws_nhk/install/moveit_core/include/moveit
[1.316s] -- Up-to-date: /home/a/ws_nhk/install/moveit_core/include/moveit/planning_interface
[1.316s] -- Up-to-date: /home/a/ws_nhk/install/moveit_core/include/moveit/planning_interface/planning_request.h
[1.316s] -- Up-to-date: /home/a/ws_nhk/install/moveit_core/include/moveit/planning_interface/planning_interface.h
[1.316s] -- Up-to-date: /home/a/ws_nhk/install/moveit_core/include/moveit/planning_interface/planning_response.h
[1.316s] -- Up-to-date: /home/a/ws_nhk/install/moveit_core/include
[1.316s] -- Up-to-date: /home/a/ws_nhk/install/moveit_core/include/moveit
[1.316s] -- Up-to-date: /home/a/ws_nhk/install/moveit_core/include/moveit/planning_request_adapter
[1.316s] -- Up-to-date: /home/a/ws_nhk/install/moveit_core/include/moveit/planning_request_adapter/planning_request_adapter.h
[1.316s] -- Up-to-date: /home/a/ws_nhk/install/moveit_core/include
[1.317s] -- Up-to-date: /home/a/ws_nhk/install/moveit_core/include/moveit
[1.317s] -- Up-to-date: /home/a/ws_nhk/install/moveit_core/include/moveit/planning_scene
[1.317s] -- Up-to-date: /home/a/ws_nhk/install/moveit_core/include/moveit/planning_scene/planning_scene.h
[1.317s] -- Up-to-date: /home/a/ws_nhk/install/moveit_core/include/moveit_planning_scene_export.h
[1.317s] -- Up-to-date: /home/a/ws_nhk/install/moveit_core/include
[1.317s] -- Up-to-date: /home/a/ws_nhk/install/moveit_core/include/moveit
[1.317s] -- Up-to-date: /home/a/ws_nhk/install/moveit_core/include/moveit/robot_model
[1.317s] -- Up-to-date: /home/a/ws_nhk/install/moveit_core/include/moveit/robot_model/robot_model.h
[1.317s] -- Up-to-date: /home/a/ws_nhk/install/moveit_core/include/moveit/robot_model/link_model.h
[1.317s] -- Up-to-date: /home/a/ws_nhk/install/moveit_core/include/moveit/robot_model/floating_joint_model.h
[1.317s] -- Up-to-date: /home/a/ws_nhk/install/moveit_core/include/moveit/robot_model/joint_model.h
[1.317s] -- Up-to-date: /home/a/ws_nhk/install/moveit_core/include/moveit/robot_model/planar_joint_model.h
[1.318s] -- Up-to-date: /home/a/ws_nhk/install/moveit_core/include/moveit/robot_model/aabb.h
[1.318s] -- Up-to-date: /home/a/ws_nhk/install/moveit_core/include/moveit/robot_model/fixed_joint_model.h
[1.318s] -- Up-to-date: /home/a/ws_nhk/install/moveit_core/include/moveit/robot_model/prismatic_joint_model.h
[1.318s] -- Up-to-date: /home/a/ws_nhk/install/moveit_core/include/moveit/robot_model/revolute_joint_model.h
[1.318s] -- Up-to-date: /home/a/ws_nhk/install/moveit_core/include/moveit/robot_model/joint_model_group.h
[1.318s] -- Up-to-date: /home/a/ws_nhk/install/moveit_core/include
[1.318s] -- Up-to-date: /home/a/ws_nhk/install/moveit_core/include/moveit
[1.318s] -- Up-to-date: /home/a/ws_nhk/install/moveit_core/include/moveit/robot_state
[1.318s] -- Up-to-date: /home/a/ws_nhk/install/moveit_core/include/moveit/robot_state/robot_state.h
[1.318s] -- Up-to-date: /home/a/ws_nhk/install/moveit_core/include/moveit/robot_state/cartesian_interpolator.h
[1.318s] -- Up-to-date: /home/a/ws_nhk/install/moveit_core/include/moveit/robot_state/conversions.h
[1.319s] -- Up-to-date: /home/a/ws_nhk/install/moveit_core/include/moveit/robot_state/attached_body.h
[1.319s] -- Up-to-date: /home/a/ws_nhk/install/moveit_core/include
[1.319s] -- Up-to-date: /home/a/ws_nhk/install/moveit_core/include/moveit
[1.319s] -- Up-to-date: /home/a/ws_nhk/install/moveit_core/include/moveit/robot_trajectory
[1.319s] -- Up-to-date: /home/a/ws_nhk/install/moveit_core/include/moveit/robot_trajectory/robot_trajectory.h
[1.319s] -- Up-to-date: /home/a/ws_nhk/install/moveit_core/include
[1.319s] -- Up-to-date: /home/a/ws_nhk/install/moveit_core/include/moveit
[1.319s] -- Up-to-date: /home/a/ws_nhk/install/moveit_core/include/moveit/sensor_manager
[1.319s] -- Up-to-date: /home/a/ws_nhk/install/moveit_core/include/moveit/sensor_manager/sensor_manager.h
[1.319s] -- Up-to-date: /home/a/ws_nhk/install/moveit_core/include
[1.319s] -- Up-to-date: /home/a/ws_nhk/install/moveit_core/include/moveit
[1.320s] -- Up-to-date: /home/a/ws_nhk/install/moveit_core/include/moveit/trajectory_processing
[1.320s] -- Up-to-date: /home/a/ws_nhk/install/moveit_core/include/moveit/trajectory_processing/iterative_time_parameterization.h
[1.320s] -- Up-to-date: /home/a/ws_nhk/install/moveit_core/include/moveit/trajectory_processing/time_parameterization.h
[1.320s] -- Up-to-date: /home/a/ws_nhk/install/moveit_core/include/moveit/trajectory_processing/trajectory_tools.h
[1.320s] -- Up-to-date: /home/a/ws_nhk/install/moveit_core/include/moveit/trajectory_processing/iterative_spline_parameterization.h
[1.320s] -- Up-to-date: /home/a/ws_nhk/install/moveit_core/include/moveit/trajectory_processing/time_optimal_trajectory_generation.h
[1.320s] -- Up-to-date: /home/a/ws_nhk/install/moveit_core/include/moveit/trajectory_processing/ruckig_traj_smoothing.h
[1.320s] -- Up-to-date: /home/a/ws_nhk/install/moveit_core/include
[1.320s] -- Up-to-date: /home/a/ws_nhk/install/moveit_core/include/moveit
[1.320s] -- Up-to-date: /home/a/ws_nhk/install/moveit_core/include/moveit/transforms
[1.320s] -- Up-to-date: /home/a/ws_nhk/install/moveit_core/include/moveit/transforms/transforms.h
[1.320s] -- Up-to-date: /home/a/ws_nhk/install/moveit_core/include
[1.321s] -- Up-to-date: /home/a/ws_nhk/install/moveit_core/include/moveit
[1.321s] -- Up-to-date: /home/a/ws_nhk/install/moveit_core/include/moveit/utils
[1.321s] -- Up-to-date: /home/a/ws_nhk/install/moveit_core/include/moveit/utils/robot_model_test_utils.h
[1.321s] -- Up-to-date: /home/a/ws_nhk/install/moveit_core/include/moveit/utils/rclcpp_utils.h
[1.321s] -- Up-to-date: /home/a/ws_nhk/install/moveit_core/include/moveit/utils/moveit_error_code.h
[1.321s] -- Up-to-date: /home/a/ws_nhk/install/moveit_core/include/moveit/utils/message_checks.h
[1.321s] -- Up-to-date: /home/a/ws_nhk/install/moveit_core/include/moveit/utils/lexical_casts.h
[1.321s] -- Up-to-date: /home/a/ws_nhk/install/moveit_core/bin/moveit_version
[1.321s] -- Up-to-date: /home/a/ws_nhk/install/moveit_core/include
[1.321s] -- Up-to-date: /home/a/ws_nhk/install/moveit_core/include/moveit
[1.322s] -- Up-to-date: /home/a/ws_nhk/install/moveit_core/include/moveit/collision_detection
[1.322s] -- Up-to-date: /home/a/ws_nhk/install/moveit_core/include/moveit/collision_detection/collision_env.h
[1.322s] -- Up-to-date: /home/a/ws_nhk/install/moveit_core/include/moveit/collision_detection/occupancy_map.h
[1.322s] -- Up-to-date: /home/a/ws_nhk/install/moveit_core/include/moveit/collision_detection/collision_tools.h
[1.322s] -- Up-to-date: /home/a/ws_nhk/install/moveit_core/include/moveit/collision_detection/collision_common.h
[1.322s] -- Up-to-date: /home/a/ws_nhk/install/moveit_core/include/moveit/collision_detection/world_diff.h
[1.322s] -- Up-to-date: /home/a/ws_nhk/install/moveit_core/include/moveit/collision_detection/collision_plugin_cache.h
[1.322s] -- Up-to-date: /home/a/ws_nhk/install/moveit_core/include/moveit/collision_detection/collision_plugin.h
[1.322s] -- Up-to-date: /home/a/ws_nhk/install/moveit_core/include/moveit/collision_detection/test_collision_common_panda.h
[1.322s] -- Up-to-date: /home/a/ws_nhk/install/moveit_core/include/moveit/collision_detection/collision_detector_allocator.h
[1.322s] -- Up-to-date: /home/a/ws_nhk/install/moveit_core/include/moveit/collision_detection/test_collision_common_pr2.h
[1.322s] -- Up-to-date: /home/a/ws_nhk/install/moveit_core/include/moveit/collision_detection/allvalid
[1.323s] -- Up-to-date: /home/a/ws_nhk/install/moveit_core/include/moveit/collision_detection/allvalid/collision_detector_allocator_allvalid.h
[1.323s] -- Up-to-date: /home/a/ws_nhk/install/moveit_core/include/moveit/collision_detection/allvalid/collision_env_allvalid.h
[1.323s] -- Up-to-date: /home/a/ws_nhk/install/moveit_core/include/moveit/collision_detection/collision_matrix.h
[1.323s] -- Up-to-date: /home/a/ws_nhk/install/moveit_core/include/moveit/collision_detection/collision_octomap_filter.h
[1.323s] -- Up-to-date: /home/a/ws_nhk/install/moveit_core/include/moveit/collision_detection/world.h
[1.323s] -- Up-to-date: /home/a/ws_nhk/install/moveit_core/include/moveit_collision_detection_export.h
[1.323s] -- Up-to-date: /home/a/ws_nhk/install/moveit_core/include
[1.323s] -- Up-to-date: /home/a/ws_nhk/install/moveit_core/include/moveit
[1.323s] -- Up-to-date: /home/a/ws_nhk/install/moveit_core/include/moveit/collision_detection_bullet
[1.323s] -- Up-to-date: /home/a/ws_nhk/install/moveit_core/include/moveit/collision_detection_bullet/collision_detector_allocator_bullet.h
[1.323s] -- Up-to-date: /home/a/ws_nhk/install/moveit_core/include/moveit/collision_detection_bullet/collision_env_bullet.h
[1.323s] -- Up-to-date: /home/a/ws_nhk/install/moveit_core/include/moveit/collision_detection_bullet/bullet_integration
[1.323s] -- Up-to-date: /home/a/ws_nhk/install/moveit_core/include/moveit/collision_detection_bullet/bullet_integration/ros_bullet_utils.h
[1.324s] -- Up-to-date: /home/a/ws_nhk/install/moveit_core/include/moveit/collision_detection_bullet/bullet_integration/basic_types.h
[1.324s] -- Up-to-date: /home/a/ws_nhk/install/moveit_core/include/moveit/collision_detection_bullet/bullet_integration/bullet_bvh_manager.h
[1.324s] -- Up-to-date: /home/a/ws_nhk/install/moveit_core/include/moveit/collision_detection_bullet/bullet_integration/bullet_utils.h
[1.324s] -- Up-to-date: /home/a/ws_nhk/install/moveit_core/include/moveit/collision_detection_bullet/bullet_integration/bullet_cast_bvh_manager.h
[1.324s] -- Up-to-date: /home/a/ws_nhk/install/moveit_core/include/moveit/collision_detection_bullet/bullet_integration/bullet_discrete_bvh_manager.h
[1.324s] -- Up-to-date: /home/a/ws_nhk/install/moveit_core/include/moveit/collision_detection_bullet/bullet_integration/contact_checker_common.h
[1.324s] -- Up-to-date: /home/a/ws_nhk/install/moveit_core/include/moveit/collision_detection_bullet/collision_detector_bullet_plugin_loader.h
[1.324s] -- Up-to-date: /home/a/ws_nhk/install/moveit_core/include/moveit_collision_detection_bullet_export.h
[1.324s] -- Up-to-date: /home/a/ws_nhk/install/moveit_core/include
[1.324s] -- Up-to-date: /home/a/ws_nhk/install/moveit_core/include/moveit
[1.324s] -- Up-to-date: /home/a/ws_nhk/install/moveit_core/include/moveit/collision_detection_fcl
[1.324s] -- Up-to-date: /home/a/ws_nhk/install/moveit_core/include/moveit/collision_detection_fcl/collision_common.h
[1.324s] -- Up-to-date: /home/a/ws_nhk/install/moveit_core/include/moveit/collision_detection_fcl/fcl_compat.h
[1.325s] -- Up-to-date: /home/a/ws_nhk/install/moveit_core/include/moveit/collision_detection_fcl/collision_env_fcl.h
[1.325s] -- Up-to-date: /home/a/ws_nhk/install/moveit_core/include/moveit/collision_detection_fcl/collision_detector_fcl_plugin_loader.h
[1.325s] -- Up-to-date: /home/a/ws_nhk/install/moveit_core/include/moveit/collision_detection_fcl/collision_detector_allocator_fcl.h
[1.325s] -- Up-to-date: /home/a/ws_nhk/install/moveit_core/include/moveit_collision_detection_fcl_export.h
[1.325s] -- Up-to-date: /home/a/ws_nhk/install/moveit_core/lib/libcollision_detector_bullet_plugin.so.2.5.9
[1.325s] -- Up-to-date: /home/a/ws_nhk/install/moveit_core/lib/libcollision_detector_bullet_plugin.so
[1.325s] -- Up-to-date: /home/a/ws_nhk/install/moveit_core/lib/libmoveit_butterworth_filter.so.2.5.9
[1.326s] -- Up-to-date: /home/a/ws_nhk/install/moveit_core/lib/libmoveit_butterworth_filter.so
[1.326s] -- Up-to-date: /home/a/ws_nhk/install/moveit_core/lib/libmoveit_collision_distance_field.so.2.5.9
[1.326s] -- Up-to-date: /home/a/ws_nhk/install/moveit_core/lib/libmoveit_collision_distance_field.so
[1.326s] -- Up-to-date: /home/a/ws_nhk/install/moveit_core/lib/libmoveit_collision_detection.so.2.5.9
[1.326s] -- Up-to-date: /home/a/ws_nhk/install/moveit_core/lib/libmoveit_collision_detection.so
[1.327s] -- Up-to-date: /home/a/ws_nhk/install/moveit_core/lib/libmoveit_collision_detection_fcl.so.2.5.9
[1.327s] -- Up-to-date: /home/a/ws_nhk/install/moveit_core/lib/libmoveit_collision_detection_fcl.so
[1.327s] -- Up-to-date: /home/a/ws_nhk/install/moveit_core/lib/libmoveit_collision_detection_bullet.so.2.5.9
[1.327s] -- Up-to-date: /home/a/ws_nhk/install/moveit_core/lib/libmoveit_collision_detection_bullet.so
[1.327s] -- Up-to-date: /home/a/ws_nhk/install/moveit_core/lib/libmoveit_dynamics_solver.so.2.5.9
[1.327s] -- Up-to-date: /home/a/ws_nhk/install/moveit_core/lib/libmoveit_dynamics_solver.so
[1.328s] -- Up-to-date: /home/a/ws_nhk/install/moveit_core/lib/libmoveit_constraint_samplers.so.2.5.9
[1.328s] -- Up-to-date: /home/a/ws_nhk/install/moveit_core/lib/libmoveit_constraint_samplers.so
[1.328s] -- Up-to-date: /home/a/ws_nhk/install/moveit_core/lib/libmoveit_distance_field.so.2.5.9
[1.328s] -- Up-to-date: /home/a/ws_nhk/install/moveit_core/lib/libmoveit_distance_field.so
[1.328s] -- Up-to-date: /home/a/ws_nhk/install/moveit_core/lib/libmoveit_exceptions.so.2.5.9
[1.328s] -- Up-to-date: /home/a/ws_nhk/install/moveit_core/lib/libmoveit_exceptions.so
[1.329s] -- Up-to-date: /home/a/ws_nhk/install/moveit_core/lib/libmoveit_kinematics_base.so
[1.329s] -- Up-to-date: /home/a/ws_nhk/install/moveit_core/lib/libmoveit_kinematic_constraints.so.2.5.9
[1.329s] -- Up-to-date: /home/a/ws_nhk/install/moveit_core/lib/libmoveit_kinematic_constraints.so
[1.329s] -- Up-to-date: /home/a/ws_nhk/install/moveit_core/lib/libmoveit_kinematics_metrics.so.2.5.9
[1.329s] -- Up-to-date: /home/a/ws_nhk/install/moveit_core/lib/libmoveit_kinematics_metrics.so
[1.329s] -- Up-to-date: /home/a/ws_nhk/install/moveit_core/lib/libmoveit_planning_interface.so.2.5.9
[1.330s] -- Up-to-date: /home/a/ws_nhk/install/moveit_core/lib/libmoveit_planning_interface.so
[1.330s] -- Up-to-date: /home/a/ws_nhk/install/moveit_core/lib/libmoveit_planning_scene.so.2.5.9
[1.330s] -- Up-to-date: /home/a/ws_nhk/install/moveit_core/lib/libmoveit_planning_scene.so
[1.330s] -- Up-to-date: /home/a/ws_nhk/install/moveit_core/lib/libmoveit_planning_request_adapter.so.2.5.9
[1.330s] -- Up-to-date: /home/a/ws_nhk/install/moveit_core/lib/libmoveit_planning_request_adapter.so
[1.330s] -- Up-to-date: /home/a/ws_nhk/install/moveit_core/lib/libmoveit_robot_model.so.2.5.9
[1.330s] -- Up-to-date: /home/a/ws_nhk/install/moveit_core/lib/libmoveit_robot_model.so
[1.330s] -- Up-to-date: /home/a/ws_nhk/install/moveit_core/lib/libmoveit_robot_state.so.2.5.9
[1.330s] -- Up-to-date: /home/a/ws_nhk/install/moveit_core/lib/libmoveit_robot_state.so
[1.330s] -- Up-to-date: /home/a/ws_nhk/install/moveit_core/lib/libmoveit_robot_trajectory.so.2.5.9
[1.330s] -- Up-to-date: /home/a/ws_nhk/install/moveit_core/lib/libmoveit_robot_trajectory.so
[1.330s] -- Up-to-date: /home/a/ws_nhk/install/moveit_core/lib/libmoveit_smoothing_base.so.2.5.9
[1.331s] -- Up-to-date: /home/a/ws_nhk/install/moveit_core/lib/libmoveit_smoothing_base.so
[1.331s] -- Up-to-date: /home/a/ws_nhk/install/moveit_core/lib/libmoveit_test_utils.so.2.5.9
[1.331s] -- Up-to-date: /home/a/ws_nhk/install/moveit_core/lib/libmoveit_test_utils.so
[1.331s] -- Up-to-date: /home/a/ws_nhk/install/moveit_core/lib/libmoveit_trajectory_processing.so.2.5.9
[1.331s] -- Up-to-date: /home/a/ws_nhk/install/moveit_core/lib/libmoveit_trajectory_processing.so
[1.331s] -- Up-to-date: /home/a/ws_nhk/install/moveit_core/lib/libmoveit_transforms.so.2.5.9
[1.331s] -- Up-to-date: /home/a/ws_nhk/install/moveit_core/lib/libmoveit_transforms.so
[1.331s] -- Up-to-date: /home/a/ws_nhk/install/moveit_core/lib/libmoveit_utils.so.2.5.9
[1.331s] -- Up-to-date: /home/a/ws_nhk/install/moveit_core/lib/libmoveit_utils.so
[1.331s] -- Up-to-date: /home/a/ws_nhk/install/moveit_core/share/moveit_core/environment/library_path.sh
[1.331s] -- Up-to-date: /home/a/ws_nhk/install/moveit_core/share/moveit_core/environment/library_path.dsv
[1.332s] -- Up-to-date: /home/a/ws_nhk/install/moveit_core/share/moveit_core/collision_detector_fcl_description.xml
[1.332s] -- Up-to-date: /home/a/ws_nhk/install/moveit_core/share/moveit_core/collision_detector_bullet_description.xml
[1.332s] -- Up-to-date: /home/a/ws_nhk/install/moveit_core/share/moveit_core/filter_plugin_butterworth.xml
[1.332s] -- Up-to-date: /home/a/ws_nhk/install/moveit_core/share/ament_index/resource_index/package_run_dependencies/moveit_core
[1.332s] -- Up-to-date: /home/a/ws_nhk/install/moveit_core/share/ament_index/resource_index/parent_prefix_path/moveit_core
[1.332s] -- Up-to-date: /home/a/ws_nhk/install/moveit_core/share/moveit_core/environment/ament_prefix_path.sh
[1.332s] -- Up-to-date: /home/a/ws_nhk/install/moveit_core/share/moveit_core/environment/ament_prefix_path.dsv
[1.332s] -- Up-to-date: /home/a/ws_nhk/install/moveit_core/share/moveit_core/environment/path.sh
[1.332s] -- Up-to-date: /home/a/ws_nhk/install/moveit_core/share/moveit_core/environment/path.dsv
[1.332s] -- Up-to-date: /home/a/ws_nhk/install/moveit_core/share/moveit_core/local_setup.bash
[1.332s] -- Up-to-date: /home/a/ws_nhk/install/moveit_core/share/moveit_core/local_setup.sh
[1.333s] -- Up-to-date: /home/a/ws_nhk/install/moveit_core/share/moveit_core/local_setup.zsh
[1.333s] -- Up-to-date: /home/a/ws_nhk/install/moveit_core/share/moveit_core/local_setup.dsv
[1.333s] -- Installing: /home/a/ws_nhk/install/moveit_core/share/moveit_core/package.dsv
[1.333s] -- Up-to-date: /home/a/ws_nhk/install/moveit_core/share/ament_index/resource_index/packages/moveit_core
[1.333s] -- Up-to-date: /home/a/ws_nhk/install/moveit_core/share/ament_index/resource_index/moveit_core__pluginlib__plugin/moveit_core
[1.333s] -- Up-to-date: /home/a/ws_nhk/install/moveit_core/share/moveit_core/cmake/export_moveit_coreExport.cmake
[1.333s] -- Up-to-date: /home/a/ws_nhk/install/moveit_core/share/moveit_core/cmake/export_moveit_coreExport-release.cmake
[1.333s] -- Up-to-date: /home/a/ws_nhk/install/moveit_core/share/moveit_core/cmake/ConfigExtras.cmake
[1.333s] -- Up-to-date: /home/a/ws_nhk/install/moveit_core/share/moveit_core/cmake/ament_cmake_export_targets-extras.cmake
[1.333s] -- Up-to-date: /home/a/ws_nhk/install/moveit_core/share/moveit_core/cmake/ament_cmake_export_dependencies-extras.cmake
[1.333s] -- Up-to-date: /home/a/ws_nhk/install/moveit_core/share/moveit_core/cmake/moveit_coreConfig.cmake
[1.333s] -- Up-to-date: /home/a/ws_nhk/install/moveit_core/share/moveit_core/cmake/moveit_coreConfig-version.cmake
[1.334s] -- Up-to-date: /home/a/ws_nhk/install/moveit_core/share/moveit_core/package.xml
[1.335s] Invoked command in '/home/a/ws_nhk/build/moveit_core' returned '0': CMAKE_PREFIX_PATH=/home/a/ws_nhk/install/moveit_resources_panda_moveit_config:/home/a/ws_nhk/install/srdfdom:/home/a/ws_nhk/install/moveit_resources_pr2_description:/home/a/ws_nhk/install/moveit_resources_panda_description:/home/a/ws_nhk/install/moveit_common:/home/a/ws_nhk/install/moveit_runtime:/home/a/ws_nhk/install/moveit_config:/home/a/ws_nhk/install/moveit2_tutorials:/home/a/ws_nhk/install/moveit:/home/a/ws_nhk/install/moveit_planners:/home/a/ws_nhk/install/pilz_industrial_motion_planner:/home/a/ws_nhk/install/moveit_task_constructor_visualization:/home/a/ws_nhk/install/moveit_task_constructor_demo:/home/a/ws_nhk/install/moveit_task_constructor_capabilities:/home/a/ws_nhk/install/moveit_task_constructor_core:/home/a/ws_nhk/install/moveit_setup_assistant:/home/a/ws_nhk/install/moveit_setup_srdf_plugins:/home/a/ws_nhk/install/moveit_setup_core_plugins:/home/a/ws_nhk/install/moveit_setup_controllers:/home/a/ws_nhk/install/moveit_setup_app_plugins:/home/a/ws_nhk/install/moveit_setup_framework:/home/a/ws_nhk/install/moveit_servo:/home/a/ws_nhk/install/moveit_ros:/home/a/ws_nhk/install/moveit_ros_visualization:/home/a/ws_nhk/install/moveit_hybrid_planning:/home/a/ws_nhk/install/moveit_ros_planning_interface:/home/a/ws_nhk/install/moveit_resources_prbt_pg70_support:/home/a/ws_nhk/install/moveit_resources_prbt_moveit_config:/home/a/ws_nhk/install/moveit_ros_move_group:/home/a/ws_nhk/install/moveit_kinematics:/home/a/ws_nhk/install/trac_ik:/home/a/ws_nhk/install/trac_ik_kinematics_plugin:/home/a/ws_nhk/install/trac_ik_lib:/home/a/ws_nhk/install/pilz_industrial_motion_planner_testutils:/home/a/ws_nhk/install/moveit_visual_tools:/home/a/ws_nhk/install/moveit_ros_control_interface:/home/a/ws_nhk/install/moveit_plugins:/home/a/ws_nhk/install/moveit_simple_controller_manager:/home/a/ws_nhk/install/moveit_ros_benchmarks:/home/a/ws_nhk/install/moveit_ros_warehouse:/home/a/ws_nhk/install/moveit_ros_robot_interaction:/home/a/ws_nhk/install/moveit_ros_perception:/home/a/ws_nhk/install/moveit_planners_ompl:/home/a/ws_nhk/install/moveit_ros_planning:/home/a/ws_nhk/install/moveit_ros_occupancy_map_monitor:/home/a/ws_nhk/install/moveit_resources_prbt_ikfast_manipulator_plugin:/home/a/ws_nhk/install/moveit_planners_chomp:/home/a/ws_nhk/install/moveit_chomp_optimizer_adapter:/home/a/ws_nhk/install/chomp_motion_planner:/home/a/ws_nhk/install/moveit_core:/home/a/ws_nhk/install/rviz_marker_tools:/home/a/ws_nhk/install/rosparam_shortcuts:/home/a/ws_nhk/install/moveit_task_constructor_msgs:/home/a/ws_nhk/install/moveit_resources_prbt_support:/home/a/ws_nhk/install/moveit_resources:/home/a/ws_nhk/install/moveit_resources_fanuc_moveit_config:/home/a/ws_nhk/install/moveit_resources_fanuc_description:/home/a/ws_nhk/install/arm_v20_description:/home/a/install/field_description_test:/home/a/ws_nhk/install/moveit_configs_utils:/home/a/ws_nhk/install/launch_param_builder:/opt/ros/humble LD_LIBRARY_PATH=/home/a/ws_nhk/install/srdfdom/lib:/home/a/ws_nhk/install/pilz_industrial_motion_planner/lib:/home/a/ws_nhk/install/moveit_task_constructor_visualization/lib:/home/a/ws_nhk/install/moveit_task_constructor_demo/lib:/home/a/ws_nhk/install/moveit_task_constructor_capabilities/lib:/home/a/ws_nhk/install/moveit_task_constructor_core/lib:/home/a/ws_nhk/install/moveit_setup_assistant/lib:/home/a/ws_nhk/install/moveit_setup_srdf_plugins/lib:/home/a/ws_nhk/install/moveit_setup_core_plugins/lib:/home/a/ws_nhk/install/moveit_setup_controllers/lib:/home/a/ws_nhk/install/moveit_setup_app_plugins/lib:/home/a/ws_nhk/install/moveit_setup_framework/lib:/home/a/ws_nhk/install/moveit_servo/lib:/home/a/ws_nhk/install/moveit_ros_visualization/lib:/home/a/ws_nhk/install/moveit_hybrid_planning/lib:/home/a/ws_nhk/install/moveit_ros_planning_interface/lib:/home/a/ws_nhk/install/moveit_ros_move_group/lib:/home/a/ws_nhk/install/moveit_kinematics/lib:/home/a/ws_nhk/install/trac_ik_kinematics_plugin/lib:/home/a/ws_nhk/install/trac_ik_lib/lib:/home/a/ws_nhk/install/pilz_industrial_motion_planner_testutils/lib:/home/a/ws_nhk/install/moveit_visual_tools/lib:/home/a/ws_nhk/install/moveit_ros_control_interface/lib:/home/a/ws_nhk/install/moveit_simple_controller_manager/lib:/home/a/ws_nhk/install/moveit_ros_benchmarks/lib:/home/a/ws_nhk/install/moveit_ros_warehouse/lib:/home/a/ws_nhk/install/moveit_ros_robot_interaction/lib:/home/a/ws_nhk/install/moveit_ros_perception/lib:/home/a/ws_nhk/install/moveit_planners_ompl/lib:/home/a/ws_nhk/install/moveit_ros_planning/lib:/home/a/ws_nhk/install/moveit_ros_occupancy_map_monitor/lib:/home/a/ws_nhk/install/moveit_resources_prbt_ikfast_manipulator_plugin/lib:/home/a/ws_nhk/install/moveit_planners_chomp/lib:/home/a/ws_nhk/install/moveit_chomp_optimizer_adapter/lib:/home/a/ws_nhk/install/chomp_motion_planner/lib:/home/a/ws_nhk/install/moveit_core/lib:/home/a/ws_nhk/install/rviz_marker_tools/lib:/home/a/ws_nhk/install/rosparam_shortcuts/lib:/home/a/ws_nhk/install/moveit_task_constructor_msgs/lib:/usr/lib/x86_64-linux-gnu/gazebo-11/plugins:/opt/ros/humble/opt/rviz_ogre_vendor/lib:/opt/ros/humble/lib/x86_64-linux-gnu:/opt/ros/humble/lib /usr/bin/cmake --install /home/a/ws_nhk/build/moveit_core
