[0.051s] Invoking command in '/home/a/ws_nhk/build/dynamixel_controller': CMAKE_PREFIX_PATH=/home/a/ws_nhk/install/dynamixel_sdk:/home/a/ws_nhk/install/dynamixel_sdk_examples:/home/a/ws_nhk/install/dynamixel_sdk_custom_interfaces:/home/a/ws_nhk/install/dynamixel_controller:/home/a/ws_nhk/install/moveit_runtime:/home/a/ws_nhk/install/moveit_config:/home/a/ws_nhk/install/moveit2_tutorials:/home/a/ws_nhk/install/moveit:/home/a/ws_nhk/install/moveit_planners:/home/a/ws_nhk/install/pilz_industrial_motion_planner:/home/a/ws_nhk/install/moveit_task_constructor_visualization:/home/a/ws_nhk/install/moveit_task_constructor_demo:/home/a/ws_nhk/install/moveit_task_constructor_capabilities:/home/a/ws_nhk/install/moveit_task_constructor_core:/home/a/ws_nhk/install/moveit_setup_assistant:/home/a/ws_nhk/install/moveit_setup_srdf_plugins:/home/a/ws_nhk/install/moveit_setup_core_plugins:/home/a/ws_nhk/install/moveit_setup_controllers:/home/a/ws_nhk/install/moveit_setup_app_plugins:/home/a/ws_nhk/install/moveit_setup_framework:/home/a/ws_nhk/install/moveit_servo:/home/a/ws_nhk/install/moveit_ros:/home/a/ws_nhk/install/moveit_ros_visualization:/home/a/ws_nhk/install/moveit_hybrid_planning:/home/a/ws_nhk/install/moveit_ros_planning_interface:/home/a/ws_nhk/install/moveit_resources_prbt_pg70_support:/home/a/ws_nhk/install/moveit_resources_prbt_moveit_config:/home/a/ws_nhk/install/moveit_ros_move_group:/home/a/ws_nhk/install/moveit_kinematics:/home/a/ws_nhk/install/trac_ik:/home/a/ws_nhk/install/trac_ik_kinematics_plugin:/home/a/ws_nhk/install/trac_ik_lib:/home/a/ws_nhk/install/pilz_industrial_motion_planner_testutils:/home/a/ws_nhk/install/moveit_visual_tools:/home/a/ws_nhk/install/moveit_ros_control_interface:/home/a/ws_nhk/install/moveit_plugins:/home/a/ws_nhk/install/moveit_simple_controller_manager:/home/a/ws_nhk/install/moveit_ros_benchmarks:/home/a/ws_nhk/install/moveit_ros_warehouse:/home/a/ws_nhk/install/moveit_ros_robot_interaction:/home/a/ws_nhk/install/moveit_ros_perception:/home/a/ws_nhk/install/moveit_planners_ompl:/home/a/ws_nhk/install/moveit_ros_planning:/home/a/ws_nhk/install/moveit_ros_occupancy_map_monitor:/home/a/ws_nhk/install/moveit_resources_prbt_ikfast_manipulator_plugin:/home/a/ws_nhk/install/moveit_planners_chomp:/home/a/ws_nhk/install/moveit_chomp_optimizer_adapter:/home/a/ws_nhk/install/chomp_motion_planner:/home/a/ws_nhk/install/moveit_core:/home/a/ws_nhk/install/srdfdom:/home/a/ws_nhk/install/rviz_marker_tools:/home/a/ws_nhk/install/rosparam_shortcuts:/home/a/ws_nhk/install/moveit_task_constructor_msgs:/home/a/ws_nhk/install/moveit_resources_prbt_support:/home/a/ws_nhk/install/moveit_resources:/home/a/ws_nhk/install/moveit_resources_pr2_description:/home/a/ws_nhk/install/moveit_resources_panda_moveit_config:/home/a/ws_nhk/install/moveit_resources_panda_description:/home/a/ws_nhk/install/moveit_resources_fanuc_moveit_config:/home/a/ws_nhk/install/moveit_resources_fanuc_description:/home/a/ws_nhk/install/moveit_common:/home/a/ws_nhk/install/arm_v20_description:/home/a/install/field_description_test:/home/a/ws_nhk/install/dynamixel_controller_gui:/home/a/ws_nhk/install/dynamixel_controller_client:/home/a/ws_nhk/install/moveit_configs_utils:/home/a/ws_nhk/install/launch_param_builder:/opt/ros/humble LD_LIBRARY_PATH=/home/a/ws_nhk/install/dynamixel_sdk/lib:/home/a/ws_nhk/install/dynamixel_sdk_custom_interfaces/lib:/home/a/ws_nhk/install/dynamixel_controller/lib:/home/a/ws_nhk/install/pilz_industrial_motion_planner/lib:/home/a/ws_nhk/install/moveit_task_constructor_visualization/lib:/home/a/ws_nhk/install/moveit_task_constructor_demo/lib:/home/a/ws_nhk/install/moveit_task_constructor_capabilities/lib:/home/a/ws_nhk/install/moveit_task_constructor_core/lib:/home/a/ws_nhk/install/moveit_setup_assistant/lib:/home/a/ws_nhk/install/moveit_setup_srdf_plugins/lib:/home/a/ws_nhk/install/moveit_setup_core_plugins/lib:/home/a/ws_nhk/install/moveit_setup_controllers/lib:/home/a/ws_nhk/install/moveit_setup_app_plugins/lib:/home/a/ws_nhk/install/moveit_setup_framework/lib:/home/a/ws_nhk/install/moveit_servo/lib:/home/a/ws_nhk/install/moveit_ros_visualization/lib:/home/a/ws_nhk/install/moveit_hybrid_planning/lib:/home/a/ws_nhk/install/moveit_ros_planning_interface/lib:/home/a/ws_nhk/install/moveit_ros_move_group/lib:/home/a/ws_nhk/install/moveit_kinematics/lib:/home/a/ws_nhk/install/trac_ik_kinematics_plugin/lib:/home/a/ws_nhk/install/trac_ik_lib/lib:/home/a/ws_nhk/install/pilz_industrial_motion_planner_testutils/lib:/home/a/ws_nhk/install/moveit_visual_tools/lib:/home/a/ws_nhk/install/moveit_ros_control_interface/lib:/home/a/ws_nhk/install/moveit_simple_controller_manager/lib:/home/a/ws_nhk/install/moveit_ros_benchmarks/lib:/home/a/ws_nhk/install/moveit_ros_warehouse/lib:/home/a/ws_nhk/install/moveit_ros_robot_interaction/lib:/home/a/ws_nhk/install/moveit_ros_perception/lib:/home/a/ws_nhk/install/moveit_planners_ompl/lib:/home/a/ws_nhk/install/moveit_ros_planning/lib:/home/a/ws_nhk/install/moveit_ros_occupancy_map_monitor/lib:/home/a/ws_nhk/install/moveit_resources_prbt_ikfast_manipulator_plugin/lib:/home/a/ws_nhk/install/moveit_planners_chomp/lib:/home/a/ws_nhk/install/moveit_chomp_optimizer_adapter/lib:/home/a/ws_nhk/install/chomp_motion_planner/lib:/home/a/ws_nhk/install/moveit_core/lib:/home/a/ws_nhk/install/srdfdom/lib:/home/a/ws_nhk/install/rviz_marker_tools/lib:/home/a/ws_nhk/install/rosparam_shortcuts/lib:/home/a/ws_nhk/install/moveit_task_constructor_msgs/lib:/usr/lib/x86_64-linux-gnu/gazebo-11/plugins:/opt/ros/humble/opt/rviz_ogre_vendor/lib:/opt/ros/humble/lib/x86_64-linux-gnu:/opt/ros/humble/lib /usr/bin/cmake --build /home/a/ws_nhk/build/dynamixel_controller -- -j22 -l22
[0.106s] [  2%] Built target dynamixel_controller__cpp
[0.114s] [ 12%] Built target dynamixel_controller__rosidl_generator_c
[0.114s] [ 12%] Built target ament_cmake_python_copy_dynamixel_controller
[0.126s] [ 22%] Built target dynamixel_controller__rosidl_typesupport_cpp
[0.127s] [ 32%] Built target dynamixel_controller__rosidl_typesupport_fastrtps_cpp
[0.127s] [ 42%] Built target dynamixel_controller__rosidl_typesupport_introspection_cpp
[0.138s] [ 53%] Built target dynamixel_controller__rosidl_typesupport_introspection_c
[0.141s] [ 63%] Built target dynamixel_controller__rosidl_typesupport_fastrtps_c
[0.143s] [ 73%] Built target dynamixel_controller__rosidl_typesupport_c
[0.160s] [ 77%] Built target dynamixel_controller_node
[0.166s] [ 77%] Built target dynamixel_controller
[0.187s] [ 79%] Built target dynamixel_controller__py
[0.219s] [ 87%] Built target dynamixel_controller__rosidl_generator_py
[0.242s] [ 91%] Built target dynamixel_controller__rosidl_typesupport_introspection_c__pyext
[0.243s] [ 95%] Built target dynamixel_controller__rosidl_typesupport_c__pyext
[0.247s] [100%] Built target dynamixel_controller__rosidl_typesupport_fastrtps_c__pyext
[0.317s] running egg_info
[0.317s] writing dynamixel_controller.egg-info/PKG-INFO
[0.318s] writing dependency_links to dynamixel_controller.egg-info/dependency_links.txt
[0.318s] writing top-level names to dynamixel_controller.egg-info/top_level.txt
[0.319s] reading manifest file 'dynamixel_controller.egg-info/SOURCES.txt'
[0.319s] writing manifest file 'dynamixel_controller.egg-info/SOURCES.txt'
[0.340s] [100%] Built target ament_cmake_python_build_dynamixel_controller_egg
[0.565s] Invoked command in '/home/a/ws_nhk/build/dynamixel_controller' returned '0': CMAKE_PREFIX_PATH=/home/a/ws_nhk/install/dynamixel_sdk:/home/a/ws_nhk/install/dynamixel_sdk_examples:/home/a/ws_nhk/install/dynamixel_sdk_custom_interfaces:/home/a/ws_nhk/install/dynamixel_controller:/home/a/ws_nhk/install/moveit_runtime:/home/a/ws_nhk/install/moveit_config:/home/a/ws_nhk/install/moveit2_tutorials:/home/a/ws_nhk/install/moveit:/home/a/ws_nhk/install/moveit_planners:/home/a/ws_nhk/install/pilz_industrial_motion_planner:/home/a/ws_nhk/install/moveit_task_constructor_visualization:/home/a/ws_nhk/install/moveit_task_constructor_demo:/home/a/ws_nhk/install/moveit_task_constructor_capabilities:/home/a/ws_nhk/install/moveit_task_constructor_core:/home/a/ws_nhk/install/moveit_setup_assistant:/home/a/ws_nhk/install/moveit_setup_srdf_plugins:/home/a/ws_nhk/install/moveit_setup_core_plugins:/home/a/ws_nhk/install/moveit_setup_controllers:/home/a/ws_nhk/install/moveit_setup_app_plugins:/home/a/ws_nhk/install/moveit_setup_framework:/home/a/ws_nhk/install/moveit_servo:/home/a/ws_nhk/install/moveit_ros:/home/a/ws_nhk/install/moveit_ros_visualization:/home/a/ws_nhk/install/moveit_hybrid_planning:/home/a/ws_nhk/install/moveit_ros_planning_interface:/home/a/ws_nhk/install/moveit_resources_prbt_pg70_support:/home/a/ws_nhk/install/moveit_resources_prbt_moveit_config:/home/a/ws_nhk/install/moveit_ros_move_group:/home/a/ws_nhk/install/moveit_kinematics:/home/a/ws_nhk/install/trac_ik:/home/a/ws_nhk/install/trac_ik_kinematics_plugin:/home/a/ws_nhk/install/trac_ik_lib:/home/a/ws_nhk/install/pilz_industrial_motion_planner_testutils:/home/a/ws_nhk/install/moveit_visual_tools:/home/a/ws_nhk/install/moveit_ros_control_interface:/home/a/ws_nhk/install/moveit_plugins:/home/a/ws_nhk/install/moveit_simple_controller_manager:/home/a/ws_nhk/install/moveit_ros_benchmarks:/home/a/ws_nhk/install/moveit_ros_warehouse:/home/a/ws_nhk/install/moveit_ros_robot_interaction:/home/a/ws_nhk/install/moveit_ros_perception:/home/a/ws_nhk/install/moveit_planners_ompl:/home/a/ws_nhk/install/moveit_ros_planning:/home/a/ws_nhk/install/moveit_ros_occupancy_map_monitor:/home/a/ws_nhk/install/moveit_resources_prbt_ikfast_manipulator_plugin:/home/a/ws_nhk/install/moveit_planners_chomp:/home/a/ws_nhk/install/moveit_chomp_optimizer_adapter:/home/a/ws_nhk/install/chomp_motion_planner:/home/a/ws_nhk/install/moveit_core:/home/a/ws_nhk/install/srdfdom:/home/a/ws_nhk/install/rviz_marker_tools:/home/a/ws_nhk/install/rosparam_shortcuts:/home/a/ws_nhk/install/moveit_task_constructor_msgs:/home/a/ws_nhk/install/moveit_resources_prbt_support:/home/a/ws_nhk/install/moveit_resources:/home/a/ws_nhk/install/moveit_resources_pr2_description:/home/a/ws_nhk/install/moveit_resources_panda_moveit_config:/home/a/ws_nhk/install/moveit_resources_panda_description:/home/a/ws_nhk/install/moveit_resources_fanuc_moveit_config:/home/a/ws_nhk/install/moveit_resources_fanuc_description:/home/a/ws_nhk/install/moveit_common:/home/a/ws_nhk/install/arm_v20_description:/home/a/install/field_description_test:/home/a/ws_nhk/install/dynamixel_controller_gui:/home/a/ws_nhk/install/dynamixel_controller_client:/home/a/ws_nhk/install/moveit_configs_utils:/home/a/ws_nhk/install/launch_param_builder:/opt/ros/humble LD_LIBRARY_PATH=/home/a/ws_nhk/install/dynamixel_sdk/lib:/home/a/ws_nhk/install/dynamixel_sdk_custom_interfaces/lib:/home/a/ws_nhk/install/dynamixel_controller/lib:/home/a/ws_nhk/install/pilz_industrial_motion_planner/lib:/home/a/ws_nhk/install/moveit_task_constructor_visualization/lib:/home/a/ws_nhk/install/moveit_task_constructor_demo/lib:/home/a/ws_nhk/install/moveit_task_constructor_capabilities/lib:/home/a/ws_nhk/install/moveit_task_constructor_core/lib:/home/a/ws_nhk/install/moveit_setup_assistant/lib:/home/a/ws_nhk/install/moveit_setup_srdf_plugins/lib:/home/a/ws_nhk/install/moveit_setup_core_plugins/lib:/home/a/ws_nhk/install/moveit_setup_controllers/lib:/home/a/ws_nhk/install/moveit_setup_app_plugins/lib:/home/a/ws_nhk/install/moveit_setup_framework/lib:/home/a/ws_nhk/install/moveit_servo/lib:/home/a/ws_nhk/install/moveit_ros_visualization/lib:/home/a/ws_nhk/install/moveit_hybrid_planning/lib:/home/a/ws_nhk/install/moveit_ros_planning_interface/lib:/home/a/ws_nhk/install/moveit_ros_move_group/lib:/home/a/ws_nhk/install/moveit_kinematics/lib:/home/a/ws_nhk/install/trac_ik_kinematics_plugin/lib:/home/a/ws_nhk/install/trac_ik_lib/lib:/home/a/ws_nhk/install/pilz_industrial_motion_planner_testutils/lib:/home/a/ws_nhk/install/moveit_visual_tools/lib:/home/a/ws_nhk/install/moveit_ros_control_interface/lib:/home/a/ws_nhk/install/moveit_simple_controller_manager/lib:/home/a/ws_nhk/install/moveit_ros_benchmarks/lib:/home/a/ws_nhk/install/moveit_ros_warehouse/lib:/home/a/ws_nhk/install/moveit_ros_robot_interaction/lib:/home/a/ws_nhk/install/moveit_ros_perception/lib:/home/a/ws_nhk/install/moveit_planners_ompl/lib:/home/a/ws_nhk/install/moveit_ros_planning/lib:/home/a/ws_nhk/install/moveit_ros_occupancy_map_monitor/lib:/home/a/ws_nhk/install/moveit_resources_prbt_ikfast_manipulator_plugin/lib:/home/a/ws_nhk/install/moveit_planners_chomp/lib:/home/a/ws_nhk/install/moveit_chomp_optimizer_adapter/lib:/home/a/ws_nhk/install/chomp_motion_planner/lib:/home/a/ws_nhk/install/moveit_core/lib:/home/a/ws_nhk/install/srdfdom/lib:/home/a/ws_nhk/install/rviz_marker_tools/lib:/home/a/ws_nhk/install/rosparam_shortcuts/lib:/home/a/ws_nhk/install/moveit_task_constructor_msgs/lib:/usr/lib/x86_64-linux-gnu/gazebo-11/plugins:/opt/ros/humble/opt/rviz_ogre_vendor/lib:/opt/ros/humble/lib/x86_64-linux-gnu:/opt/ros/humble/lib /usr/bin/cmake --build /home/a/ws_nhk/build/dynamixel_controller -- -j22 -l22
[0.567s] Invoking command in '/home/a/ws_nhk/build/dynamixel_controller': CMAKE_PREFIX_PATH=/home/a/ws_nhk/install/dynamixel_sdk:/home/a/ws_nhk/install/dynamixel_sdk_examples:/home/a/ws_nhk/install/dynamixel_sdk_custom_interfaces:/home/a/ws_nhk/install/dynamixel_controller:/home/a/ws_nhk/install/moveit_runtime:/home/a/ws_nhk/install/moveit_config:/home/a/ws_nhk/install/moveit2_tutorials:/home/a/ws_nhk/install/moveit:/home/a/ws_nhk/install/moveit_planners:/home/a/ws_nhk/install/pilz_industrial_motion_planner:/home/a/ws_nhk/install/moveit_task_constructor_visualization:/home/a/ws_nhk/install/moveit_task_constructor_demo:/home/a/ws_nhk/install/moveit_task_constructor_capabilities:/home/a/ws_nhk/install/moveit_task_constructor_core:/home/a/ws_nhk/install/moveit_setup_assistant:/home/a/ws_nhk/install/moveit_setup_srdf_plugins:/home/a/ws_nhk/install/moveit_setup_core_plugins:/home/a/ws_nhk/install/moveit_setup_controllers:/home/a/ws_nhk/install/moveit_setup_app_plugins:/home/a/ws_nhk/install/moveit_setup_framework:/home/a/ws_nhk/install/moveit_servo:/home/a/ws_nhk/install/moveit_ros:/home/a/ws_nhk/install/moveit_ros_visualization:/home/a/ws_nhk/install/moveit_hybrid_planning:/home/a/ws_nhk/install/moveit_ros_planning_interface:/home/a/ws_nhk/install/moveit_resources_prbt_pg70_support:/home/a/ws_nhk/install/moveit_resources_prbt_moveit_config:/home/a/ws_nhk/install/moveit_ros_move_group:/home/a/ws_nhk/install/moveit_kinematics:/home/a/ws_nhk/install/trac_ik:/home/a/ws_nhk/install/trac_ik_kinematics_plugin:/home/a/ws_nhk/install/trac_ik_lib:/home/a/ws_nhk/install/pilz_industrial_motion_planner_testutils:/home/a/ws_nhk/install/moveit_visual_tools:/home/a/ws_nhk/install/moveit_ros_control_interface:/home/a/ws_nhk/install/moveit_plugins:/home/a/ws_nhk/install/moveit_simple_controller_manager:/home/a/ws_nhk/install/moveit_ros_benchmarks:/home/a/ws_nhk/install/moveit_ros_warehouse:/home/a/ws_nhk/install/moveit_ros_robot_interaction:/home/a/ws_nhk/install/moveit_ros_perception:/home/a/ws_nhk/install/moveit_planners_ompl:/home/a/ws_nhk/install/moveit_ros_planning:/home/a/ws_nhk/install/moveit_ros_occupancy_map_monitor:/home/a/ws_nhk/install/moveit_resources_prbt_ikfast_manipulator_plugin:/home/a/ws_nhk/install/moveit_planners_chomp:/home/a/ws_nhk/install/moveit_chomp_optimizer_adapter:/home/a/ws_nhk/install/chomp_motion_planner:/home/a/ws_nhk/install/moveit_core:/home/a/ws_nhk/install/srdfdom:/home/a/ws_nhk/install/rviz_marker_tools:/home/a/ws_nhk/install/rosparam_shortcuts:/home/a/ws_nhk/install/moveit_task_constructor_msgs:/home/a/ws_nhk/install/moveit_resources_prbt_support:/home/a/ws_nhk/install/moveit_resources:/home/a/ws_nhk/install/moveit_resources_pr2_description:/home/a/ws_nhk/install/moveit_resources_panda_moveit_config:/home/a/ws_nhk/install/moveit_resources_panda_description:/home/a/ws_nhk/install/moveit_resources_fanuc_moveit_config:/home/a/ws_nhk/install/moveit_resources_fanuc_description:/home/a/ws_nhk/install/moveit_common:/home/a/ws_nhk/install/arm_v20_description:/home/a/install/field_description_test:/home/a/ws_nhk/install/dynamixel_controller_gui:/home/a/ws_nhk/install/dynamixel_controller_client:/home/a/ws_nhk/install/moveit_configs_utils:/home/a/ws_nhk/install/launch_param_builder:/opt/ros/humble LD_LIBRARY_PATH=/home/a/ws_nhk/install/dynamixel_sdk/lib:/home/a/ws_nhk/install/dynamixel_sdk_custom_interfaces/lib:/home/a/ws_nhk/install/dynamixel_controller/lib:/home/a/ws_nhk/install/pilz_industrial_motion_planner/lib:/home/a/ws_nhk/install/moveit_task_constructor_visualization/lib:/home/a/ws_nhk/install/moveit_task_constructor_demo/lib:/home/a/ws_nhk/install/moveit_task_constructor_capabilities/lib:/home/a/ws_nhk/install/moveit_task_constructor_core/lib:/home/a/ws_nhk/install/moveit_setup_assistant/lib:/home/a/ws_nhk/install/moveit_setup_srdf_plugins/lib:/home/a/ws_nhk/install/moveit_setup_core_plugins/lib:/home/a/ws_nhk/install/moveit_setup_controllers/lib:/home/a/ws_nhk/install/moveit_setup_app_plugins/lib:/home/a/ws_nhk/install/moveit_setup_framework/lib:/home/a/ws_nhk/install/moveit_servo/lib:/home/a/ws_nhk/install/moveit_ros_visualization/lib:/home/a/ws_nhk/install/moveit_hybrid_planning/lib:/home/a/ws_nhk/install/moveit_ros_planning_interface/lib:/home/a/ws_nhk/install/moveit_ros_move_group/lib:/home/a/ws_nhk/install/moveit_kinematics/lib:/home/a/ws_nhk/install/trac_ik_kinematics_plugin/lib:/home/a/ws_nhk/install/trac_ik_lib/lib:/home/a/ws_nhk/install/pilz_industrial_motion_planner_testutils/lib:/home/a/ws_nhk/install/moveit_visual_tools/lib:/home/a/ws_nhk/install/moveit_ros_control_interface/lib:/home/a/ws_nhk/install/moveit_simple_controller_manager/lib:/home/a/ws_nhk/install/moveit_ros_benchmarks/lib:/home/a/ws_nhk/install/moveit_ros_warehouse/lib:/home/a/ws_nhk/install/moveit_ros_robot_interaction/lib:/home/a/ws_nhk/install/moveit_ros_perception/lib:/home/a/ws_nhk/install/moveit_planners_ompl/lib:/home/a/ws_nhk/install/moveit_ros_planning/lib:/home/a/ws_nhk/install/moveit_ros_occupancy_map_monitor/lib:/home/a/ws_nhk/install/moveit_resources_prbt_ikfast_manipulator_plugin/lib:/home/a/ws_nhk/install/moveit_planners_chomp/lib:/home/a/ws_nhk/install/moveit_chomp_optimizer_adapter/lib:/home/a/ws_nhk/install/chomp_motion_planner/lib:/home/a/ws_nhk/install/moveit_core/lib:/home/a/ws_nhk/install/srdfdom/lib:/home/a/ws_nhk/install/rviz_marker_tools/lib:/home/a/ws_nhk/install/rosparam_shortcuts/lib:/home/a/ws_nhk/install/moveit_task_constructor_msgs/lib:/usr/lib/x86_64-linux-gnu/gazebo-11/plugins:/opt/ros/humble/opt/rviz_ogre_vendor/lib:/opt/ros/humble/lib/x86_64-linux-gnu:/opt/ros/humble/lib /usr/bin/cmake --install /home/a/ws_nhk/build/dynamixel_controller
[0.579s] -- Install configuration: ""
[0.579s] -- Up-to-date: /home/a/ws_nhk/install/dynamixel_controller/share/ament_index/resource_index/rosidl_interfaces/dynamixel_controller
[0.579s] -- Up-to-date: /home/a/ws_nhk/install/dynamixel_controller/include/dynamixel_controller/dynamixel_controller
[0.579s] -- Up-to-date: /home/a/ws_nhk/install/dynamixel_controller/include/dynamixel_controller/dynamixel_controller/msg
[0.579s] -- Up-to-date: /home/a/ws_nhk/install/dynamixel_controller/include/dynamixel_controller/dynamixel_controller/msg/rosidl_generator_c__visibility_control.h
[0.579s] -- Up-to-date: /home/a/ws_nhk/install/dynamixel_controller/include/dynamixel_controller/dynamixel_controller/msg/dynamixel_controller.h
[0.579s] -- Up-to-date: /home/a/ws_nhk/install/dynamixel_controller/include/dynamixel_controller/dynamixel_controller/msg/dynamixel_response.h
[0.579s] -- Up-to-date: /home/a/ws_nhk/install/dynamixel_controller/include/dynamixel_controller/dynamixel_controller/msg/detail
[0.579s] -- Up-to-date: /home/a/ws_nhk/install/dynamixel_controller/include/dynamixel_controller/dynamixel_controller/msg/detail/dynamixel_command__functions.c
[0.579s] -- Up-to-date: /home/a/ws_nhk/install/dynamixel_controller/include/dynamixel_controller/dynamixel_controller/msg/detail/dynamixel_controller__functions.c
[0.580s] -- Up-to-date: /home/a/ws_nhk/install/dynamixel_controller/include/dynamixel_controller/dynamixel_controller/msg/detail/dynamixel_controller__functions.h
[0.580s] -- Up-to-date: /home/a/ws_nhk/install/dynamixel_controller/include/dynamixel_controller/dynamixel_controller/msg/detail/dynamixel_command__type_support.h
[0.580s] -- Up-to-date: /home/a/ws_nhk/install/dynamixel_controller/include/dynamixel_controller/dynamixel_controller/msg/detail/dynamixel_command__functions.h
[0.580s] -- Up-to-date: /home/a/ws_nhk/install/dynamixel_controller/include/dynamixel_controller/dynamixel_controller/msg/detail/dynamixel_response__functions.h
[0.580s] -- Up-to-date: /home/a/ws_nhk/install/dynamixel_controller/include/dynamixel_controller/dynamixel_controller/msg/detail/dynamixel_controller__type_support.h
[0.580s] -- Up-to-date: /home/a/ws_nhk/install/dynamixel_controller/include/dynamixel_controller/dynamixel_controller/msg/detail/dynamixel_response__struct.h
[0.580s] -- Up-to-date: /home/a/ws_nhk/install/dynamixel_controller/include/dynamixel_controller/dynamixel_controller/msg/detail/dynamixel_controller__struct.h
[0.580s] -- Up-to-date: /home/a/ws_nhk/install/dynamixel_controller/include/dynamixel_controller/dynamixel_controller/msg/detail/dynamixel_response__type_support.h
[0.580s] -- Up-to-date: /home/a/ws_nhk/install/dynamixel_controller/include/dynamixel_controller/dynamixel_controller/msg/detail/dynamixel_response__functions.c
[0.580s] -- Up-to-date: /home/a/ws_nhk/install/dynamixel_controller/include/dynamixel_controller/dynamixel_controller/msg/detail/dynamixel_command__struct.h
[0.580s] -- Up-to-date: /home/a/ws_nhk/install/dynamixel_controller/include/dynamixel_controller/dynamixel_controller/msg/dynamixel_command.h
[0.580s] -- Up-to-date: /home/a/ws_nhk/install/dynamixel_controller/share/dynamixel_controller/environment/library_path.sh
[0.580s] -- Up-to-date: /home/a/ws_nhk/install/dynamixel_controller/share/dynamixel_controller/environment/library_path.dsv
[0.580s] -- Up-to-date: /home/a/ws_nhk/install/dynamixel_controller/lib/libdynamixel_controller__rosidl_generator_c.so
[0.581s] -- Up-to-date: /home/a/ws_nhk/install/dynamixel_controller/include/dynamixel_controller/dynamixel_controller
[0.581s] -- Up-to-date: /home/a/ws_nhk/install/dynamixel_controller/include/dynamixel_controller/dynamixel_controller/msg
[0.581s] -- Up-to-date: /home/a/ws_nhk/install/dynamixel_controller/include/dynamixel_controller/dynamixel_controller/msg/rosidl_typesupport_fastrtps_c__visibility_control.h
[0.581s] -- Up-to-date: /home/a/ws_nhk/install/dynamixel_controller/include/dynamixel_controller/dynamixel_controller/msg/detail
[0.581s] -- Up-to-date: /home/a/ws_nhk/install/dynamixel_controller/include/dynamixel_controller/dynamixel_controller/msg/detail/dynamixel_controller__rosidl_typesupport_fastrtps_c.h
[0.581s] -- Up-to-date: /home/a/ws_nhk/install/dynamixel_controller/include/dynamixel_controller/dynamixel_controller/msg/detail/dynamixel_response__rosidl_typesupport_fastrtps_c.h
[0.581s] -- Up-to-date: /home/a/ws_nhk/install/dynamixel_controller/include/dynamixel_controller/dynamixel_controller/msg/detail/dynamixel_command__rosidl_typesupport_fastrtps_c.h
[0.581s] -- Up-to-date: /home/a/ws_nhk/install/dynamixel_controller/lib/libdynamixel_controller__rosidl_typesupport_fastrtps_c.so
[0.581s] -- Up-to-date: /home/a/ws_nhk/install/dynamixel_controller/include/dynamixel_controller/dynamixel_controller
[0.581s] -- Up-to-date: /home/a/ws_nhk/install/dynamixel_controller/include/dynamixel_controller/dynamixel_controller/msg
[0.581s] -- Up-to-date: /home/a/ws_nhk/install/dynamixel_controller/include/dynamixel_controller/dynamixel_controller/msg/dynamixel_command.hpp
[0.581s] -- Up-to-date: /home/a/ws_nhk/install/dynamixel_controller/include/dynamixel_controller/dynamixel_controller/msg/dynamixel_response.hpp
[0.581s] -- Up-to-date: /home/a/ws_nhk/install/dynamixel_controller/include/dynamixel_controller/dynamixel_controller/msg/rosidl_generator_cpp__visibility_control.hpp
[0.581s] -- Up-to-date: /home/a/ws_nhk/install/dynamixel_controller/include/dynamixel_controller/dynamixel_controller/msg/dynamixel_controller.hpp
[0.581s] -- Up-to-date: /home/a/ws_nhk/install/dynamixel_controller/include/dynamixel_controller/dynamixel_controller/msg/detail
[0.581s] -- Up-to-date: /home/a/ws_nhk/install/dynamixel_controller/include/dynamixel_controller/dynamixel_controller/msg/detail/dynamixel_controller__type_support.hpp
[0.581s] -- Up-to-date: /home/a/ws_nhk/install/dynamixel_controller/include/dynamixel_controller/dynamixel_controller/msg/detail/dynamixel_response__struct.hpp
[0.582s] -- Up-to-date: /home/a/ws_nhk/install/dynamixel_controller/include/dynamixel_controller/dynamixel_controller/msg/detail/dynamixel_controller__struct.hpp
[0.582s] -- Up-to-date: /home/a/ws_nhk/install/dynamixel_controller/include/dynamixel_controller/dynamixel_controller/msg/detail/dynamixel_controller__builder.hpp
[0.582s] -- Up-to-date: /home/a/ws_nhk/install/dynamixel_controller/include/dynamixel_controller/dynamixel_controller/msg/detail/dynamixel_response__builder.hpp
[0.582s] -- Up-to-date: /home/a/ws_nhk/install/dynamixel_controller/include/dynamixel_controller/dynamixel_controller/msg/detail/dynamixel_response__traits.hpp
[0.582s] -- Up-to-date: /home/a/ws_nhk/install/dynamixel_controller/include/dynamixel_controller/dynamixel_controller/msg/detail/dynamixel_command__type_support.hpp
[0.582s] -- Up-to-date: /home/a/ws_nhk/install/dynamixel_controller/include/dynamixel_controller/dynamixel_controller/msg/detail/dynamixel_command__traits.hpp
[0.582s] -- Up-to-date: /home/a/ws_nhk/install/dynamixel_controller/include/dynamixel_controller/dynamixel_controller/msg/detail/dynamixel_command__builder.hpp
[0.582s] -- Up-to-date: /home/a/ws_nhk/install/dynamixel_controller/include/dynamixel_controller/dynamixel_controller/msg/detail/dynamixel_command__struct.hpp
[0.582s] -- Up-to-date: /home/a/ws_nhk/install/dynamixel_controller/include/dynamixel_controller/dynamixel_controller/msg/detail/dynamixel_response__type_support.hpp
[0.582s] -- Up-to-date: /home/a/ws_nhk/install/dynamixel_controller/include/dynamixel_controller/dynamixel_controller/msg/detail/dynamixel_controller__traits.hpp
[0.582s] -- Up-to-date: /home/a/ws_nhk/install/dynamixel_controller/include/dynamixel_controller/dynamixel_controller
[0.582s] -- Up-to-date: /home/a/ws_nhk/install/dynamixel_controller/include/dynamixel_controller/dynamixel_controller/msg
[0.582s] -- Up-to-date: /home/a/ws_nhk/install/dynamixel_controller/include/dynamixel_controller/dynamixel_controller/msg/detail
[0.582s] -- Up-to-date: /home/a/ws_nhk/install/dynamixel_controller/include/dynamixel_controller/dynamixel_controller/msg/detail/dynamixel_command__rosidl_typesupport_fastrtps_cpp.hpp
[0.582s] -- Up-to-date: /home/a/ws_nhk/install/dynamixel_controller/include/dynamixel_controller/dynamixel_controller/msg/detail/dynamixel_controller__rosidl_typesupport_fastrtps_cpp.hpp
[0.582s] -- Up-to-date: /home/a/ws_nhk/install/dynamixel_controller/include/dynamixel_controller/dynamixel_controller/msg/detail/dynamixel_response__rosidl_typesupport_fastrtps_cpp.hpp
[0.582s] -- Up-to-date: /home/a/ws_nhk/install/dynamixel_controller/include/dynamixel_controller/dynamixel_controller/msg/detail/dds_fastrtps
[0.582s] -- Up-to-date: /home/a/ws_nhk/install/dynamixel_controller/include/dynamixel_controller/dynamixel_controller/msg/rosidl_typesupport_fastrtps_cpp__visibility_control.h
[0.582s] -- Up-to-date: /home/a/ws_nhk/install/dynamixel_controller/lib/libdynamixel_controller__rosidl_typesupport_fastrtps_cpp.so
[0.582s] -- Up-to-date: /home/a/ws_nhk/install/dynamixel_controller/include/dynamixel_controller/dynamixel_controller
[0.582s] -- Up-to-date: /home/a/ws_nhk/install/dynamixel_controller/include/dynamixel_controller/dynamixel_controller/msg
[0.582s] -- Up-to-date: /home/a/ws_nhk/install/dynamixel_controller/include/dynamixel_controller/dynamixel_controller/msg/rosidl_typesupport_introspection_c__visibility_control.h
[0.582s] -- Up-to-date: /home/a/ws_nhk/install/dynamixel_controller/include/dynamixel_controller/dynamixel_controller/msg/detail
[0.582s] -- Up-to-date: /home/a/ws_nhk/install/dynamixel_controller/include/dynamixel_controller/dynamixel_controller/msg/detail/dynamixel_response__type_support.c
[0.583s] -- Up-to-date: /home/a/ws_nhk/install/dynamixel_controller/include/dynamixel_controller/dynamixel_controller/msg/detail/dynamixel_command__type_support.c
[0.583s] -- Up-to-date: /home/a/ws_nhk/install/dynamixel_controller/include/dynamixel_controller/dynamixel_controller/msg/detail/dynamixel_controller__type_support.c
[0.583s] -- Up-to-date: /home/a/ws_nhk/install/dynamixel_controller/include/dynamixel_controller/dynamixel_controller/msg/detail/dynamixel_controller__rosidl_typesupport_introspection_c.h
[0.583s] -- Up-to-date: /home/a/ws_nhk/install/dynamixel_controller/include/dynamixel_controller/dynamixel_controller/msg/detail/dynamixel_command__rosidl_typesupport_introspection_c.h
[0.583s] -- Up-to-date: /home/a/ws_nhk/install/dynamixel_controller/include/dynamixel_controller/dynamixel_controller/msg/detail/dynamixel_response__rosidl_typesupport_introspection_c.h
[0.583s] -- Up-to-date: /home/a/ws_nhk/install/dynamixel_controller/lib/libdynamixel_controller__rosidl_typesupport_introspection_c.so
[0.583s] -- Up-to-date: /home/a/ws_nhk/install/dynamixel_controller/lib/libdynamixel_controller__rosidl_typesupport_c.so
[0.583s] -- Up-to-date: /home/a/ws_nhk/install/dynamixel_controller/include/dynamixel_controller/dynamixel_controller
[0.583s] -- Up-to-date: /home/a/ws_nhk/install/dynamixel_controller/include/dynamixel_controller/dynamixel_controller/msg
[0.583s] -- Up-to-date: /home/a/ws_nhk/install/dynamixel_controller/include/dynamixel_controller/dynamixel_controller/msg/detail
[0.583s] -- Up-to-date: /home/a/ws_nhk/install/dynamixel_controller/include/dynamixel_controller/dynamixel_controller/msg/detail/dynamixel_controller__type_support.cpp
[0.583s] -- Up-to-date: /home/a/ws_nhk/install/dynamixel_controller/include/dynamixel_controller/dynamixel_controller/msg/detail/dynamixel_response__type_support.cpp
[0.583s] -- Up-to-date: /home/a/ws_nhk/install/dynamixel_controller/include/dynamixel_controller/dynamixel_controller/msg/detail/dynamixel_response__rosidl_typesupport_introspection_cpp.hpp
[0.583s] -- Up-to-date: /home/a/ws_nhk/install/dynamixel_controller/include/dynamixel_controller/dynamixel_controller/msg/detail/dynamixel_command__type_support.cpp
[0.583s] -- Up-to-date: /home/a/ws_nhk/install/dynamixel_controller/include/dynamixel_controller/dynamixel_controller/msg/detail/dynamixel_controller__rosidl_typesupport_introspection_cpp.hpp
[0.583s] -- Up-to-date: /home/a/ws_nhk/install/dynamixel_controller/include/dynamixel_controller/dynamixel_controller/msg/detail/dynamixel_command__rosidl_typesupport_introspection_cpp.hpp
[0.583s] -- Up-to-date: /home/a/ws_nhk/install/dynamixel_controller/lib/libdynamixel_controller__rosidl_typesupport_introspection_cpp.so
[0.583s] -- Up-to-date: /home/a/ws_nhk/install/dynamixel_controller/lib/libdynamixel_controller__rosidl_typesupport_cpp.so
[0.583s] -- Up-to-date: /home/a/ws_nhk/install/dynamixel_controller/share/dynamixel_controller/environment/pythonpath.sh
[0.583s] -- Up-to-date: /home/a/ws_nhk/install/dynamixel_controller/share/dynamixel_controller/environment/pythonpath.dsv
[0.583s] -- Up-to-date: /home/a/ws_nhk/install/dynamixel_controller/local/lib/python3.10/dist-packages/dynamixel_controller-0.0.0-py3.10.egg-info
[0.583s] -- Installing: /home/a/ws_nhk/install/dynamixel_controller/local/lib/python3.10/dist-packages/dynamixel_controller-0.0.0-py3.10.egg-info/top_level.txt
[0.583s] -- Installing: /home/a/ws_nhk/install/dynamixel_controller/local/lib/python3.10/dist-packages/dynamixel_controller-0.0.0-py3.10.egg-info/SOURCES.txt
[0.583s] -- Installing: /home/a/ws_nhk/install/dynamixel_controller/local/lib/python3.10/dist-packages/dynamixel_controller-0.0.0-py3.10.egg-info/PKG-INFO
[0.583s] -- Installing: /home/a/ws_nhk/install/dynamixel_controller/local/lib/python3.10/dist-packages/dynamixel_controller-0.0.0-py3.10.egg-info/dependency_links.txt
[0.584s] -- Up-to-date: /home/a/ws_nhk/install/dynamixel_controller/local/lib/python3.10/dist-packages/dynamixel_controller
[0.584s] -- Up-to-date: /home/a/ws_nhk/install/dynamixel_controller/local/lib/python3.10/dist-packages/dynamixel_controller/msg
[0.584s] -- Up-to-date: /home/a/ws_nhk/install/dynamixel_controller/local/lib/python3.10/dist-packages/dynamixel_controller/msg/_dynamixel_response.py
[0.584s] -- Up-to-date: /home/a/ws_nhk/install/dynamixel_controller/local/lib/python3.10/dist-packages/dynamixel_controller/msg/_dynamixel_controller_s.c
[0.584s] -- Up-to-date: /home/a/ws_nhk/install/dynamixel_controller/local/lib/python3.10/dist-packages/dynamixel_controller/msg/_dynamixel_controller.py
[0.584s] -- Up-to-date: /home/a/ws_nhk/install/dynamixel_controller/local/lib/python3.10/dist-packages/dynamixel_controller/msg/__init__.py
[0.584s] -- Up-to-date: /home/a/ws_nhk/install/dynamixel_controller/local/lib/python3.10/dist-packages/dynamixel_controller/msg/_dynamixel_response_s.c
[0.584s] -- Up-to-date: /home/a/ws_nhk/install/dynamixel_controller/local/lib/python3.10/dist-packages/dynamixel_controller/msg/_dynamixel_command.py
[0.584s] -- Up-to-date: /home/a/ws_nhk/install/dynamixel_controller/local/lib/python3.10/dist-packages/dynamixel_controller/msg/_dynamixel_command_s.c
[0.584s] -- Up-to-date: /home/a/ws_nhk/install/dynamixel_controller/local/lib/python3.10/dist-packages/dynamixel_controller/_dynamixel_controller_s.ep.rosidl_typesupport_introspection_c.c
[0.584s] -- Up-to-date: /home/a/ws_nhk/install/dynamixel_controller/local/lib/python3.10/dist-packages/dynamixel_controller/dynamixel_controller_s__rosidl_typesupport_fastrtps_c.cpython-310-x86_64-linux-gnu.so
[0.584s] -- Up-to-date: /home/a/ws_nhk/install/dynamixel_controller/local/lib/python3.10/dist-packages/dynamixel_controller/__init__.py
[0.584s] -- Up-to-date: /home/a/ws_nhk/install/dynamixel_controller/local/lib/python3.10/dist-packages/dynamixel_controller/dynamixel_controller_s__rosidl_typesupport_introspection_c.cpython-310-x86_64-linux-gnu.so
[0.584s] -- Up-to-date: /home/a/ws_nhk/install/dynamixel_controller/local/lib/python3.10/dist-packages/dynamixel_controller/_dynamixel_controller_s.ep.rosidl_typesupport_fastrtps_c.c
[0.584s] -- Up-to-date: /home/a/ws_nhk/install/dynamixel_controller/local/lib/python3.10/dist-packages/dynamixel_controller/dynamixel_controller_s__rosidl_typesupport_c.cpython-310-x86_64-linux-gnu.so
[0.584s] -- Up-to-date: /home/a/ws_nhk/install/dynamixel_controller/local/lib/python3.10/dist-packages/dynamixel_controller/_dynamixel_controller_s.ep.rosidl_typesupport_c.c
[0.584s] -- Up-to-date: /home/a/ws_nhk/install/dynamixel_controller/local/lib/python3.10/dist-packages/dynamixel_controller/libdynamixel_controller__rosidl_generator_py.so
[0.616s] Listing '/home/a/ws_nhk/install/dynamixel_controller/local/lib/python3.10/dist-packages/dynamixel_controller'...
[0.616s] Listing '/home/a/ws_nhk/install/dynamixel_controller/local/lib/python3.10/dist-packages/dynamixel_controller/msg'...
[0.621s] -- Up-to-date: /home/a/ws_nhk/install/dynamixel_controller/local/lib/python3.10/dist-packages/dynamixel_controller/dynamixel_controller_s__rosidl_typesupport_fastrtps_c.cpython-310-x86_64-linux-gnu.so
[0.621s] -- Up-to-date: /home/a/ws_nhk/install/dynamixel_controller/local/lib/python3.10/dist-packages/dynamixel_controller/dynamixel_controller_s__rosidl_typesupport_introspection_c.cpython-310-x86_64-linux-gnu.so
[0.621s] -- Up-to-date: /home/a/ws_nhk/install/dynamixel_controller/local/lib/python3.10/dist-packages/dynamixel_controller/dynamixel_controller_s__rosidl_typesupport_c.cpython-310-x86_64-linux-gnu.so
[0.621s] -- Up-to-date: /home/a/ws_nhk/install/dynamixel_controller/lib/libdynamixel_controller__rosidl_generator_py.so
[0.621s] -- Up-to-date: /home/a/ws_nhk/install/dynamixel_controller/share/dynamixel_controller/msg/DynamixelController.idl
[0.621s] -- Up-to-date: /home/a/ws_nhk/install/dynamixel_controller/share/dynamixel_controller/msg/DynamixelCommand.idl
[0.621s] -- Up-to-date: /home/a/ws_nhk/install/dynamixel_controller/share/dynamixel_controller/msg/DynamixelResponse.idl
[0.621s] -- Up-to-date: /home/a/ws_nhk/install/dynamixel_controller/share/dynamixel_controller/msg/DynamixelController.msg
[0.621s] -- Up-to-date: /home/a/ws_nhk/install/dynamixel_controller/share/dynamixel_controller/msg/DynamixelCommand.msg
[0.622s] -- Up-to-date: /home/a/ws_nhk/install/dynamixel_controller/share/dynamixel_controller/msg/DynamixelResponse.msg
[0.622s] -- Up-to-date: /home/a/ws_nhk/install/dynamixel_controller/lib/dynamixel_controller/dynamixel_controller_node
[0.622s] -- Up-to-date: /home/a/ws_nhk/install/dynamixel_controller/share/dynamixel_controller/config
[0.622s] -- Up-to-date: /home/a/ws_nhk/install/dynamixel_controller/share/dynamixel_controller/config/bus_config.yaml
[0.622s] -- Up-to-date: /home/a/ws_nhk/install/dynamixel_controller/share/ament_index/resource_index/package_run_dependencies/dynamixel_controller
[0.622s] -- Up-to-date: /home/a/ws_nhk/install/dynamixel_controller/share/ament_index/resource_index/parent_prefix_path/dynamixel_controller
[0.622s] -- Up-to-date: /home/a/ws_nhk/install/dynamixel_controller/share/dynamixel_controller/environment/ament_prefix_path.sh
[0.622s] -- Up-to-date: /home/a/ws_nhk/install/dynamixel_controller/share/dynamixel_controller/environment/ament_prefix_path.dsv
[0.622s] -- Up-to-date: /home/a/ws_nhk/install/dynamixel_controller/share/dynamixel_controller/environment/path.sh
[0.622s] -- Up-to-date: /home/a/ws_nhk/install/dynamixel_controller/share/dynamixel_controller/environment/path.dsv
[0.622s] -- Up-to-date: /home/a/ws_nhk/install/dynamixel_controller/share/dynamixel_controller/local_setup.bash
[0.622s] -- Up-to-date: /home/a/ws_nhk/install/dynamixel_controller/share/dynamixel_controller/local_setup.sh
[0.622s] -- Up-to-date: /home/a/ws_nhk/install/dynamixel_controller/share/dynamixel_controller/local_setup.zsh
[0.622s] -- Up-to-date: /home/a/ws_nhk/install/dynamixel_controller/share/dynamixel_controller/local_setup.dsv
[0.622s] -- Installing: /home/a/ws_nhk/install/dynamixel_controller/share/dynamixel_controller/package.dsv
[0.622s] -- Up-to-date: /home/a/ws_nhk/install/dynamixel_controller/share/ament_index/resource_index/packages/dynamixel_controller
[0.622s] -- Up-to-date: /home/a/ws_nhk/install/dynamixel_controller/share/dynamixel_controller/cmake/export_dynamixel_controller__rosidl_generator_cExport.cmake
[0.623s] -- Up-to-date: /home/a/ws_nhk/install/dynamixel_controller/share/dynamixel_controller/cmake/export_dynamixel_controller__rosidl_generator_cExport-noconfig.cmake
[0.623s] -- Up-to-date: /home/a/ws_nhk/install/dynamixel_controller/share/dynamixel_controller/cmake/export_dynamixel_controller__rosidl_typesupport_fastrtps_cExport.cmake
[0.623s] -- Up-to-date: /home/a/ws_nhk/install/dynamixel_controller/share/dynamixel_controller/cmake/export_dynamixel_controller__rosidl_typesupport_fastrtps_cExport-noconfig.cmake
[0.623s] -- Up-to-date: /home/a/ws_nhk/install/dynamixel_controller/share/dynamixel_controller/cmake/export_dynamixel_controller__rosidl_generator_cppExport.cmake
[0.623s] -- Up-to-date: /home/a/ws_nhk/install/dynamixel_controller/share/dynamixel_controller/cmake/export_dynamixel_controller__rosidl_typesupport_fastrtps_cppExport.cmake
[0.623s] -- Up-to-date: /home/a/ws_nhk/install/dynamixel_controller/share/dynamixel_controller/cmake/export_dynamixel_controller__rosidl_typesupport_fastrtps_cppExport-noconfig.cmake
[0.623s] -- Up-to-date: /home/a/ws_nhk/install/dynamixel_controller/share/dynamixel_controller/cmake/dynamixel_controller__rosidl_typesupport_introspection_cExport.cmake
[0.623s] -- Up-to-date: /home/a/ws_nhk/install/dynamixel_controller/share/dynamixel_controller/cmake/dynamixel_controller__rosidl_typesupport_introspection_cExport-noconfig.cmake
[0.623s] -- Up-to-date: /home/a/ws_nhk/install/dynamixel_controller/share/dynamixel_controller/cmake/dynamixel_controller__rosidl_typesupport_cExport.cmake
[0.623s] -- Up-to-date: /home/a/ws_nhk/install/dynamixel_controller/share/dynamixel_controller/cmake/dynamixel_controller__rosidl_typesupport_cExport-noconfig.cmake
[0.623s] -- Up-to-date: /home/a/ws_nhk/install/dynamixel_controller/share/dynamixel_controller/cmake/dynamixel_controller__rosidl_typesupport_introspection_cppExport.cmake
[0.623s] -- Up-to-date: /home/a/ws_nhk/install/dynamixel_controller/share/dynamixel_controller/cmake/dynamixel_controller__rosidl_typesupport_introspection_cppExport-noconfig.cmake
[0.623s] -- Up-to-date: /home/a/ws_nhk/install/dynamixel_controller/share/dynamixel_controller/cmake/dynamixel_controller__rosidl_typesupport_cppExport.cmake
[0.623s] -- Up-to-date: /home/a/ws_nhk/install/dynamixel_controller/share/dynamixel_controller/cmake/dynamixel_controller__rosidl_typesupport_cppExport-noconfig.cmake
[0.623s] -- Up-to-date: /home/a/ws_nhk/install/dynamixel_controller/share/dynamixel_controller/cmake/export_dynamixel_controller__rosidl_generator_pyExport.cmake
[0.623s] -- Up-to-date: /home/a/ws_nhk/install/dynamixel_controller/share/dynamixel_controller/cmake/export_dynamixel_controller__rosidl_generator_pyExport-noconfig.cmake
[0.624s] -- Up-to-date: /home/a/ws_nhk/install/dynamixel_controller/share/dynamixel_controller/cmake/rosidl_cmake-extras.cmake
[0.624s] -- Up-to-date: /home/a/ws_nhk/install/dynamixel_controller/share/dynamixel_controller/cmake/ament_cmake_export_dependencies-extras.cmake
[0.624s] -- Up-to-date: /home/a/ws_nhk/install/dynamixel_controller/share/dynamixel_controller/cmake/ament_cmake_export_include_directories-extras.cmake
[0.624s] -- Up-to-date: /home/a/ws_nhk/install/dynamixel_controller/share/dynamixel_controller/cmake/ament_cmake_export_libraries-extras.cmake
[0.624s] -- Up-to-date: /home/a/ws_nhk/install/dynamixel_controller/share/dynamixel_controller/cmake/ament_cmake_export_targets-extras.cmake
[0.624s] -- Up-to-date: /home/a/ws_nhk/install/dynamixel_controller/share/dynamixel_controller/cmake/rosidl_cmake_export_typesupport_targets-extras.cmake
[0.624s] -- Up-to-date: /home/a/ws_nhk/install/dynamixel_controller/share/dynamixel_controller/cmake/rosidl_cmake_export_typesupport_libraries-extras.cmake
[0.624s] -- Up-to-date: /home/a/ws_nhk/install/dynamixel_controller/share/dynamixel_controller/cmake/dynamixel_controllerConfig.cmake
[0.624s] -- Up-to-date: /home/a/ws_nhk/install/dynamixel_controller/share/dynamixel_controller/cmake/dynamixel_controllerConfig-version.cmake
[0.624s] -- Up-to-date: /home/a/ws_nhk/install/dynamixel_controller/share/dynamixel_controller/package.xml
[0.672s] Invoked command in '/home/a/ws_nhk/build/dynamixel_controller' returned '0': CMAKE_PREFIX_PATH=/home/a/ws_nhk/install/dynamixel_sdk:/home/a/ws_nhk/install/dynamixel_sdk_examples:/home/a/ws_nhk/install/dynamixel_sdk_custom_interfaces:/home/a/ws_nhk/install/dynamixel_controller:/home/a/ws_nhk/install/moveit_runtime:/home/a/ws_nhk/install/moveit_config:/home/a/ws_nhk/install/moveit2_tutorials:/home/a/ws_nhk/install/moveit:/home/a/ws_nhk/install/moveit_planners:/home/a/ws_nhk/install/pilz_industrial_motion_planner:/home/a/ws_nhk/install/moveit_task_constructor_visualization:/home/a/ws_nhk/install/moveit_task_constructor_demo:/home/a/ws_nhk/install/moveit_task_constructor_capabilities:/home/a/ws_nhk/install/moveit_task_constructor_core:/home/a/ws_nhk/install/moveit_setup_assistant:/home/a/ws_nhk/install/moveit_setup_srdf_plugins:/home/a/ws_nhk/install/moveit_setup_core_plugins:/home/a/ws_nhk/install/moveit_setup_controllers:/home/a/ws_nhk/install/moveit_setup_app_plugins:/home/a/ws_nhk/install/moveit_setup_framework:/home/a/ws_nhk/install/moveit_servo:/home/a/ws_nhk/install/moveit_ros:/home/a/ws_nhk/install/moveit_ros_visualization:/home/a/ws_nhk/install/moveit_hybrid_planning:/home/a/ws_nhk/install/moveit_ros_planning_interface:/home/a/ws_nhk/install/moveit_resources_prbt_pg70_support:/home/a/ws_nhk/install/moveit_resources_prbt_moveit_config:/home/a/ws_nhk/install/moveit_ros_move_group:/home/a/ws_nhk/install/moveit_kinematics:/home/a/ws_nhk/install/trac_ik:/home/a/ws_nhk/install/trac_ik_kinematics_plugin:/home/a/ws_nhk/install/trac_ik_lib:/home/a/ws_nhk/install/pilz_industrial_motion_planner_testutils:/home/a/ws_nhk/install/moveit_visual_tools:/home/a/ws_nhk/install/moveit_ros_control_interface:/home/a/ws_nhk/install/moveit_plugins:/home/a/ws_nhk/install/moveit_simple_controller_manager:/home/a/ws_nhk/install/moveit_ros_benchmarks:/home/a/ws_nhk/install/moveit_ros_warehouse:/home/a/ws_nhk/install/moveit_ros_robot_interaction:/home/a/ws_nhk/install/moveit_ros_perception:/home/a/ws_nhk/install/moveit_planners_ompl:/home/a/ws_nhk/install/moveit_ros_planning:/home/a/ws_nhk/install/moveit_ros_occupancy_map_monitor:/home/a/ws_nhk/install/moveit_resources_prbt_ikfast_manipulator_plugin:/home/a/ws_nhk/install/moveit_planners_chomp:/home/a/ws_nhk/install/moveit_chomp_optimizer_adapter:/home/a/ws_nhk/install/chomp_motion_planner:/home/a/ws_nhk/install/moveit_core:/home/a/ws_nhk/install/srdfdom:/home/a/ws_nhk/install/rviz_marker_tools:/home/a/ws_nhk/install/rosparam_shortcuts:/home/a/ws_nhk/install/moveit_task_constructor_msgs:/home/a/ws_nhk/install/moveit_resources_prbt_support:/home/a/ws_nhk/install/moveit_resources:/home/a/ws_nhk/install/moveit_resources_pr2_description:/home/a/ws_nhk/install/moveit_resources_panda_moveit_config:/home/a/ws_nhk/install/moveit_resources_panda_description:/home/a/ws_nhk/install/moveit_resources_fanuc_moveit_config:/home/a/ws_nhk/install/moveit_resources_fanuc_description:/home/a/ws_nhk/install/moveit_common:/home/a/ws_nhk/install/arm_v20_description:/home/a/install/field_description_test:/home/a/ws_nhk/install/dynamixel_controller_gui:/home/a/ws_nhk/install/dynamixel_controller_client:/home/a/ws_nhk/install/moveit_configs_utils:/home/a/ws_nhk/install/launch_param_builder:/opt/ros/humble LD_LIBRARY_PATH=/home/a/ws_nhk/install/dynamixel_sdk/lib:/home/a/ws_nhk/install/dynamixel_sdk_custom_interfaces/lib:/home/a/ws_nhk/install/dynamixel_controller/lib:/home/a/ws_nhk/install/pilz_industrial_motion_planner/lib:/home/a/ws_nhk/install/moveit_task_constructor_visualization/lib:/home/a/ws_nhk/install/moveit_task_constructor_demo/lib:/home/a/ws_nhk/install/moveit_task_constructor_capabilities/lib:/home/a/ws_nhk/install/moveit_task_constructor_core/lib:/home/a/ws_nhk/install/moveit_setup_assistant/lib:/home/a/ws_nhk/install/moveit_setup_srdf_plugins/lib:/home/a/ws_nhk/install/moveit_setup_core_plugins/lib:/home/a/ws_nhk/install/moveit_setup_controllers/lib:/home/a/ws_nhk/install/moveit_setup_app_plugins/lib:/home/a/ws_nhk/install/moveit_setup_framework/lib:/home/a/ws_nhk/install/moveit_servo/lib:/home/a/ws_nhk/install/moveit_ros_visualization/lib:/home/a/ws_nhk/install/moveit_hybrid_planning/lib:/home/a/ws_nhk/install/moveit_ros_planning_interface/lib:/home/a/ws_nhk/install/moveit_ros_move_group/lib:/home/a/ws_nhk/install/moveit_kinematics/lib:/home/a/ws_nhk/install/trac_ik_kinematics_plugin/lib:/home/a/ws_nhk/install/trac_ik_lib/lib:/home/a/ws_nhk/install/pilz_industrial_motion_planner_testutils/lib:/home/a/ws_nhk/install/moveit_visual_tools/lib:/home/a/ws_nhk/install/moveit_ros_control_interface/lib:/home/a/ws_nhk/install/moveit_simple_controller_manager/lib:/home/a/ws_nhk/install/moveit_ros_benchmarks/lib:/home/a/ws_nhk/install/moveit_ros_warehouse/lib:/home/a/ws_nhk/install/moveit_ros_robot_interaction/lib:/home/a/ws_nhk/install/moveit_ros_perception/lib:/home/a/ws_nhk/install/moveit_planners_ompl/lib:/home/a/ws_nhk/install/moveit_ros_planning/lib:/home/a/ws_nhk/install/moveit_ros_occupancy_map_monitor/lib:/home/a/ws_nhk/install/moveit_resources_prbt_ikfast_manipulator_plugin/lib:/home/a/ws_nhk/install/moveit_planners_chomp/lib:/home/a/ws_nhk/install/moveit_chomp_optimizer_adapter/lib:/home/a/ws_nhk/install/chomp_motion_planner/lib:/home/a/ws_nhk/install/moveit_core/lib:/home/a/ws_nhk/install/srdfdom/lib:/home/a/ws_nhk/install/rviz_marker_tools/lib:/home/a/ws_nhk/install/rosparam_shortcuts/lib:/home/a/ws_nhk/install/moveit_task_constructor_msgs/lib:/usr/lib/x86_64-linux-gnu/gazebo-11/plugins:/opt/ros/humble/opt/rviz_ogre_vendor/lib:/opt/ros/humble/lib/x86_64-linux-gnu:/opt/ros/humble/lib /usr/bin/cmake --install /home/a/ws_nhk/build/dynamixel_controller
