[0.026s] Invoking command in '/home/a/ws_nhk/build/moveit_ros_occupancy_map_monitor': AMENT_PREFIX_PATH=/home/a/ws_nhk/install/moveit_core:/home/a/ws_nhk/install/moveit_resources_panda_moveit_config:/home/a/ws_nhk/install/srdfdom:/home/a/ws_nhk/install/moveit_resources_pr2_description:/home/a/ws_nhk/install/moveit_resources_panda_description:/home/a/ws_nhk/install/moveit_common:${AMENT_PREFIX_PATH} CMAKE_PREFIX_PATH=/home/a/ws_nhk/install/moveit_core:/home/a/ws_nhk/install/moveit_resources_panda_moveit_config:/home/a/ws_nhk/install/srdfdom:/home/a/ws_nhk/install/moveit_resources_pr2_description:/home/a/ws_nhk/install/moveit_resources_panda_description:/home/a/ws_nhk/install/moveit_common:/home/a/install/field_description_test:/opt/ros/humble LD_LIBRARY_PATH=/home/a/ws_nhk/install/moveit_core/lib:/home/a/ws_nhk/install/srdfdom/lib:${LD_LIBRARY_PATH} PATH=/home/a/ws_nhk/install/moveit_core/bin:${PATH} PYTHONPATH=/home/a/ws_nhk/install/srdfdom/local/lib/python3.10/dist-packages:${PYTHONPATH} /usr/bin/cmake --build /home/a/ws_nhk/build/moveit_ros_occupancy_map_monitor -- -j22 -l22
[0.059s] [ 15%] Built target gmock_main
[0.059s] [ 38%] Built target gmock
[0.070s] [ 69%] Built target moveit_ros_occupancy_map_monitor
[0.089s] [ 84%] Built target occupancy_map_monitor_tests
[0.089s] [100%] Built target moveit_ros_occupancy_map_server
[0.095s] Invoked command in '/home/a/ws_nhk/build/moveit_ros_occupancy_map_monitor' returned '0': AMENT_PREFIX_PATH=/home/a/ws_nhk/install/moveit_core:/home/a/ws_nhk/install/moveit_resources_panda_moveit_config:/home/a/ws_nhk/install/srdfdom:/home/a/ws_nhk/install/moveit_resources_pr2_description:/home/a/ws_nhk/install/moveit_resources_panda_description:/home/a/ws_nhk/install/moveit_common:${AMENT_PREFIX_PATH} CMAKE_PREFIX_PATH=/home/a/ws_nhk/install/moveit_core:/home/a/ws_nhk/install/moveit_resources_panda_moveit_config:/home/a/ws_nhk/install/srdfdom:/home/a/ws_nhk/install/moveit_resources_pr2_description:/home/a/ws_nhk/install/moveit_resources_panda_description:/home/a/ws_nhk/install/moveit_common:/home/a/install/field_description_test:/opt/ros/humble LD_LIBRARY_PATH=/home/a/ws_nhk/install/moveit_core/lib:/home/a/ws_nhk/install/srdfdom/lib:${LD_LIBRARY_PATH} PATH=/home/a/ws_nhk/install/moveit_core/bin:${PATH} PYTHONPATH=/home/a/ws_nhk/install/srdfdom/local/lib/python3.10/dist-packages:${PYTHONPATH} /usr/bin/cmake --build /home/a/ws_nhk/build/moveit_ros_occupancy_map_monitor -- -j22 -l22
[0.096s] Invoking command in '/home/a/ws_nhk/build/moveit_ros_occupancy_map_monitor': AMENT_PREFIX_PATH=/home/a/ws_nhk/install/moveit_core:/home/a/ws_nhk/install/moveit_resources_panda_moveit_config:/home/a/ws_nhk/install/srdfdom:/home/a/ws_nhk/install/moveit_resources_pr2_description:/home/a/ws_nhk/install/moveit_resources_panda_description:/home/a/ws_nhk/install/moveit_common:${AMENT_PREFIX_PATH} CMAKE_PREFIX_PATH=/home/a/ws_nhk/install/moveit_core:/home/a/ws_nhk/install/moveit_resources_panda_moveit_config:/home/a/ws_nhk/install/srdfdom:/home/a/ws_nhk/install/moveit_resources_pr2_description:/home/a/ws_nhk/install/moveit_resources_panda_description:/home/a/ws_nhk/install/moveit_common:/home/a/install/field_description_test:/opt/ros/humble LD_LIBRARY_PATH=/home/a/ws_nhk/install/moveit_core/lib:/home/a/ws_nhk/install/srdfdom/lib:${LD_LIBRARY_PATH} PATH=/home/a/ws_nhk/install/moveit_core/bin:${PATH} PYTHONPATH=/home/a/ws_nhk/install/srdfdom/local/lib/python3.10/dist-packages:${PYTHONPATH} /usr/bin/cmake --install /home/a/ws_nhk/build/moveit_ros_occupancy_map_monitor
[0.101s] -- Install configuration: "Release"
[0.102s] -- Up-to-date: /home/a/ws_nhk/install/moveit_ros_occupancy_map_monitor/lib/libmoveit_ros_occupancy_map_monitor.so.2.5.9
[0.102s] -- Up-to-date: /home/a/ws_nhk/install/moveit_ros_occupancy_map_monitor/lib/libmoveit_ros_occupancy_map_monitor.so
[0.102s] -- Up-to-date: /home/a/ws_nhk/install/moveit_ros_occupancy_map_monitor/lib/moveit_ros_occupancy_map_monitor/moveit_ros_occupancy_map_server
[0.102s] -- Up-to-date: /home/a/ws_nhk/install/moveit_ros_occupancy_map_monitor/include
[0.102s] -- Up-to-date: /home/a/ws_nhk/install/moveit_ros_occupancy_map_monitor/include/moveit
[0.102s] -- Up-to-date: /home/a/ws_nhk/install/moveit_ros_occupancy_map_monitor/include/moveit/occupancy_map_monitor
[0.102s] -- Up-to-date: /home/a/ws_nhk/install/moveit_ros_occupancy_map_monitor/include/moveit/occupancy_map_monitor/occupancy_map_updater.h
[0.103s] -- Up-to-date: /home/a/ws_nhk/install/moveit_ros_occupancy_map_monitor/include/moveit/occupancy_map_monitor/occupancy_map_monitor_middleware_handle.hpp
[0.103s] -- Up-to-date: /home/a/ws_nhk/install/moveit_ros_occupancy_map_monitor/include/moveit/occupancy_map_monitor/occupancy_map_monitor.h
[0.103s] -- Up-to-date: /home/a/ws_nhk/install/moveit_ros_occupancy_map_monitor/share/moveit_ros_occupancy_map_monitor/environment/library_path.sh
[0.103s] -- Up-to-date: /home/a/ws_nhk/install/moveit_ros_occupancy_map_monitor/share/moveit_ros_occupancy_map_monitor/environment/library_path.dsv
[0.103s] -- Up-to-date: /home/a/ws_nhk/install/moveit_ros_occupancy_map_monitor/share/ament_index/resource_index/package_run_dependencies/moveit_ros_occupancy_map_monitor
[0.103s] -- Up-to-date: /home/a/ws_nhk/install/moveit_ros_occupancy_map_monitor/share/ament_index/resource_index/parent_prefix_path/moveit_ros_occupancy_map_monitor
[0.103s] -- Up-to-date: /home/a/ws_nhk/install/moveit_ros_occupancy_map_monitor/share/moveit_ros_occupancy_map_monitor/environment/ament_prefix_path.sh
[0.103s] -- Up-to-date: /home/a/ws_nhk/install/moveit_ros_occupancy_map_monitor/share/moveit_ros_occupancy_map_monitor/environment/ament_prefix_path.dsv
[0.103s] -- Up-to-date: /home/a/ws_nhk/install/moveit_ros_occupancy_map_monitor/share/moveit_ros_occupancy_map_monitor/environment/path.sh
[0.103s] -- Up-to-date: /home/a/ws_nhk/install/moveit_ros_occupancy_map_monitor/share/moveit_ros_occupancy_map_monitor/environment/path.dsv
[0.103s] -- Up-to-date: /home/a/ws_nhk/install/moveit_ros_occupancy_map_monitor/share/moveit_ros_occupancy_map_monitor/local_setup.bash
[0.103s] -- Up-to-date: /home/a/ws_nhk/install/moveit_ros_occupancy_map_monitor/share/moveit_ros_occupancy_map_monitor/local_setup.sh
[0.103s] -- Up-to-date: /home/a/ws_nhk/install/moveit_ros_occupancy_map_monitor/share/moveit_ros_occupancy_map_monitor/local_setup.zsh
[0.103s] -- Up-to-date: /home/a/ws_nhk/install/moveit_ros_occupancy_map_monitor/share/moveit_ros_occupancy_map_monitor/local_setup.dsv
[0.103s] -- Installing: /home/a/ws_nhk/install/moveit_ros_occupancy_map_monitor/share/moveit_ros_occupancy_map_monitor/package.dsv
[0.103s] -- Up-to-date: /home/a/ws_nhk/install/moveit_ros_occupancy_map_monitor/share/ament_index/resource_index/packages/moveit_ros_occupancy_map_monitor
[0.103s] -- Up-to-date: /home/a/ws_nhk/install/moveit_ros_occupancy_map_monitor/share/moveit_ros_occupancy_map_monitor/cmake/export_moveit_ros_occupancy_map_monitorExport.cmake
[0.103s] -- Up-to-date: /home/a/ws_nhk/install/moveit_ros_occupancy_map_monitor/share/moveit_ros_occupancy_map_monitor/cmake/export_moveit_ros_occupancy_map_monitorExport-release.cmake
[0.103s] -- Up-to-date: /home/a/ws_nhk/install/moveit_ros_occupancy_map_monitor/share/moveit_ros_occupancy_map_monitor/cmake/ament_cmake_export_targets-extras.cmake
[0.104s] -- Up-to-date: /home/a/ws_nhk/install/moveit_ros_occupancy_map_monitor/share/moveit_ros_occupancy_map_monitor/cmake/ament_cmake_export_dependencies-extras.cmake
[0.104s] -- Up-to-date: /home/a/ws_nhk/install/moveit_ros_occupancy_map_monitor/share/moveit_ros_occupancy_map_monitor/cmake/moveit_ros_occupancy_map_monitorConfig.cmake
[0.104s] -- Up-to-date: /home/a/ws_nhk/install/moveit_ros_occupancy_map_monitor/share/moveit_ros_occupancy_map_monitor/cmake/moveit_ros_occupancy_map_monitorConfig-version.cmake
[0.104s] -- Up-to-date: /home/a/ws_nhk/install/moveit_ros_occupancy_map_monitor/share/moveit_ros_occupancy_map_monitor/package.xml
[0.117s] Invoked command in '/home/a/ws_nhk/build/moveit_ros_occupancy_map_monitor' returned '0': AMENT_PREFIX_PATH=/home/a/ws_nhk/install/moveit_core:/home/a/ws_nhk/install/moveit_resources_panda_moveit_config:/home/a/ws_nhk/install/srdfdom:/home/a/ws_nhk/install/moveit_resources_pr2_description:/home/a/ws_nhk/install/moveit_resources_panda_description:/home/a/ws_nhk/install/moveit_common:${AMENT_PREFIX_PATH} CMAKE_PREFIX_PATH=/home/a/ws_nhk/install/moveit_core:/home/a/ws_nhk/install/moveit_resources_panda_moveit_config:/home/a/ws_nhk/install/srdfdom:/home/a/ws_nhk/install/moveit_resources_pr2_description:/home/a/ws_nhk/install/moveit_resources_panda_description:/home/a/ws_nhk/install/moveit_common:/home/a/install/field_description_test:/opt/ros/humble LD_LIBRARY_PATH=/home/a/ws_nhk/install/moveit_core/lib:/home/a/ws_nhk/install/srdfdom/lib:${LD_LIBRARY_PATH} PATH=/home/a/ws_nhk/install/moveit_core/bin:${PATH} PYTHONPATH=/home/a/ws_nhk/install/srdfdom/local/lib/python3.10/dist-packages:${PYTHONPATH} /usr/bin/cmake --install /home/a/ws_nhk/build/moveit_ros_occupancy_map_monitor
