running egg_info
creating ../../../build/dynamixel_controller_gui/dynamixel_controller_gui.egg-info
writing ../../../build/dynamixel_controller_gui/dynamixel_controller_gui.egg-info/PKG-INFO
writing dependency_links to ../../../build/dynamixel_controller_gui/dynamixel_controller_gui.egg-info/dependency_links.txt
writing entry points to ../../../build/dynamixel_controller_gui/dynamixel_controller_gui.egg-info/entry_points.txt
writing requirements to ../../../build/dynamixel_controller_gui/dynamixel_controller_gui.egg-info/requires.txt
writing top-level names to ../../../build/dynamixel_controller_gui/dynamixel_controller_gui.egg-info/top_level.txt
writing manifest file '../../../build/dynamixel_controller_gui/dynamixel_controller_gui.egg-info/SOURCES.txt'
reading manifest file '../../../build/dynamixel_controller_gui/dynamixel_controller_gui.egg-info/SOURCES.txt'
writing manifest file '../../../build/dynamixel_controller_gui/dynamixel_controller_gui.egg-info/SOURCES.txt'
running build
running build_py
creating /home/a/ws_nhk/build/dynamixel_controller_gui/build
creating /home/a/ws_nhk/build/dynamixel_controller_gui/build/lib
creating /home/a/ws_nhk/build/dynamixel_controller_gui/build/lib/dynamixel_controller_gui
copying dynamixel_controller_gui/__init__.py -> /home/a/ws_nhk/build/dynamixel_controller_gui/build/lib/dynamixel_controller_gui
copying dynamixel_controller_gui/dynamixel_gui.py -> /home/a/ws_nhk/build/dynamixel_controller_gui/build/lib/dynamixel_controller_gui
running install
running install_lib
creating /home/a/ws_nhk/install/dynamixel_controller_gui/lib/python3.10/site-packages/dynamixel_controller_gui
copying /home/a/ws_nhk/build/dynamixel_controller_gui/build/lib/dynamixel_controller_gui/__init__.py -> /home/a/ws_nhk/install/dynamixel_controller_gui/lib/python3.10/site-packages/dynamixel_controller_gui
copying /home/a/ws_nhk/build/dynamixel_controller_gui/build/lib/dynamixel_controller_gui/dynamixel_gui.py -> /home/a/ws_nhk/install/dynamixel_controller_gui/lib/python3.10/site-packages/dynamixel_controller_gui
byte-compiling /home/a/ws_nhk/install/dynamixel_controller_gui/lib/python3.10/site-packages/dynamixel_controller_gui/__init__.py to __init__.cpython-310.pyc
byte-compiling /home/a/ws_nhk/install/dynamixel_controller_gui/lib/python3.10/site-packages/dynamixel_controller_gui/dynamixel_gui.py to dynamixel_gui.cpython-310.pyc
running install_data
creating /home/a/ws_nhk/install/dynamixel_controller_gui/share/ament_index
creating /home/a/ws_nhk/install/dynamixel_controller_gui/share/ament_index/resource_index
creating /home/a/ws_nhk/install/dynamixel_controller_gui/share/ament_index/resource_index/packages
copying resource/dynamixel_controller_gui -> /home/a/ws_nhk/install/dynamixel_controller_gui/share/ament_index/resource_index/packages
copying package.xml -> /home/a/ws_nhk/install/dynamixel_controller_gui/share/dynamixel_controller_gui
creating /home/a/ws_nhk/install/dynamixel_controller_gui/share/dynamixel_controller_gui/launch
copying launch/test_gui.launch.py -> /home/a/ws_nhk/install/dynamixel_controller_gui/share/dynamixel_controller_gui/launch
running install_egg_info
Copying ../../../build/dynamixel_controller_gui/dynamixel_controller_gui.egg-info to /home/a/ws_nhk/install/dynamixel_controller_gui/lib/python3.10/site-packages/dynamixel_controller_gui-0.0.0-py3.10.egg-info
running install_scripts
Installing dynamixel_gui script to /home/a/ws_nhk/install/dynamixel_controller_gui/lib/dynamixel_controller_gui
writing list of installed files to '/home/a/ws_nhk/build/dynamixel_controller_gui/install.log'
