[2.312s] Invoking command in '/home/a/ws_nhk/src/dynamixel_ros2/dynamixel_controller_gui': AMENT_PREFIX_PATH=/home/a/ws_nhk/install/dynamixel_controller:/home/a/ws_nhk/install/dynamixel_sdk:${AMENT_PREFIX_PATH} CMAKE_PREFIX_PATH=/home/a/ws_nhk/install/dynamixel_controller:/home/a/ws_nhk/install/dynamixel_sdk:${CMAKE_PREFIX_PATH} LD_LIBRARY_PATH=/home/a/ws_nhk/install/dynamixel_controller/lib:/home/a/ws_nhk/install/dynamixel_sdk/lib:${LD_LIBRARY_PATH} PYTHONPATH=/home/a/ws_nhk/build/dynamixel_controller_gui/prefix_override:/usr/lib/python3/dist-packages/colcon_core/task/python/colcon_distutils_commands:/home/a/ws_nhk/install/dynamixel_controller_gui/lib/python3.10/site-packages:/home/a/ws_nhk/install/dynamixel_controller/local/lib/python3.10/dist-packages:${PYTHONPATH} /usr/bin/python3 -W ignore:setup.py install is deprecated -W ignore:easy_install command is deprecated setup.py egg_info --egg-base ../../../build/dynamixel_controller_gui build --build-base /home/a/ws_nhk/build/dynamixel_controller_gui/build install --record /home/a/ws_nhk/build/dynamixel_controller_gui/install.log --single-version-externally-managed install_data
[2.686s] running egg_info
[2.687s] creating ../../../build/dynamixel_controller_gui/dynamixel_controller_gui.egg-info
[2.687s] writing ../../../build/dynamixel_controller_gui/dynamixel_controller_gui.egg-info/PKG-INFO
[2.687s] writing dependency_links to ../../../build/dynamixel_controller_gui/dynamixel_controller_gui.egg-info/dependency_links.txt
[2.688s] writing entry points to ../../../build/dynamixel_controller_gui/dynamixel_controller_gui.egg-info/entry_points.txt
[2.688s] writing requirements to ../../../build/dynamixel_controller_gui/dynamixel_controller_gui.egg-info/requires.txt
[2.688s] writing top-level names to ../../../build/dynamixel_controller_gui/dynamixel_controller_gui.egg-info/top_level.txt
[2.688s] writing manifest file '../../../build/dynamixel_controller_gui/dynamixel_controller_gui.egg-info/SOURCES.txt'
[2.690s] reading manifest file '../../../build/dynamixel_controller_gui/dynamixel_controller_gui.egg-info/SOURCES.txt'
[2.691s] writing manifest file '../../../build/dynamixel_controller_gui/dynamixel_controller_gui.egg-info/SOURCES.txt'
[2.691s] running build
[2.691s] running build_py
[2.692s] creating /home/a/ws_nhk/build/dynamixel_controller_gui/build
[2.692s] creating /home/a/ws_nhk/build/dynamixel_controller_gui/build/lib
[2.692s] creating /home/a/ws_nhk/build/dynamixel_controller_gui/build/lib/dynamixel_controller_gui
[2.692s] copying dynamixel_controller_gui/__init__.py -> /home/a/ws_nhk/build/dynamixel_controller_gui/build/lib/dynamixel_controller_gui
[2.692s] copying dynamixel_controller_gui/dynamixel_gui.py -> /home/a/ws_nhk/build/dynamixel_controller_gui/build/lib/dynamixel_controller_gui
[2.692s] running install
[2.692s] running install_lib
[2.693s] creating /home/a/ws_nhk/install/dynamixel_controller_gui/lib/python3.10/site-packages/dynamixel_controller_gui
[2.693s] copying /home/a/ws_nhk/build/dynamixel_controller_gui/build/lib/dynamixel_controller_gui/__init__.py -> /home/a/ws_nhk/install/dynamixel_controller_gui/lib/python3.10/site-packages/dynamixel_controller_gui
[2.693s] copying /home/a/ws_nhk/build/dynamixel_controller_gui/build/lib/dynamixel_controller_gui/dynamixel_gui.py -> /home/a/ws_nhk/install/dynamixel_controller_gui/lib/python3.10/site-packages/dynamixel_controller_gui
[2.694s] byte-compiling /home/a/ws_nhk/install/dynamixel_controller_gui/lib/python3.10/site-packages/dynamixel_controller_gui/__init__.py to __init__.cpython-310.pyc
[2.694s] byte-compiling /home/a/ws_nhk/install/dynamixel_controller_gui/lib/python3.10/site-packages/dynamixel_controller_gui/dynamixel_gui.py to dynamixel_gui.cpython-310.pyc
[2.703s] running install_data
[2.703s] creating /home/a/ws_nhk/install/dynamixel_controller_gui/share/ament_index
[2.703s] creating /home/a/ws_nhk/install/dynamixel_controller_gui/share/ament_index/resource_index
[2.703s] creating /home/a/ws_nhk/install/dynamixel_controller_gui/share/ament_index/resource_index/packages
[2.703s] copying resource/dynamixel_controller_gui -> /home/a/ws_nhk/install/dynamixel_controller_gui/share/ament_index/resource_index/packages
[2.703s] copying package.xml -> /home/a/ws_nhk/install/dynamixel_controller_gui/share/dynamixel_controller_gui
[2.703s] creating /home/a/ws_nhk/install/dynamixel_controller_gui/share/dynamixel_controller_gui/launch
[2.703s] copying launch/test_gui.launch.py -> /home/a/ws_nhk/install/dynamixel_controller_gui/share/dynamixel_controller_gui/launch
[2.703s] running install_egg_info
[2.705s] Copying ../../../build/dynamixel_controller_gui/dynamixel_controller_gui.egg-info to /home/a/ws_nhk/install/dynamixel_controller_gui/lib/python3.10/site-packages/dynamixel_controller_gui-0.0.0-py3.10.egg-info
[2.706s] running install_scripts
[2.733s] Installing dynamixel_gui script to /home/a/ws_nhk/install/dynamixel_controller_gui/lib/dynamixel_controller_gui
[2.733s] writing list of installed files to '/home/a/ws_nhk/build/dynamixel_controller_gui/install.log'
[2.761s] Invoked command in '/home/a/ws_nhk/src/dynamixel_ros2/dynamixel_controller_gui' returned '0': AMENT_PREFIX_PATH=/home/a/ws_nhk/install/dynamixel_controller:/home/a/ws_nhk/install/dynamixel_sdk:${AMENT_PREFIX_PATH} CMAKE_PREFIX_PATH=/home/a/ws_nhk/install/dynamixel_controller:/home/a/ws_nhk/install/dynamixel_sdk:${CMAKE_PREFIX_PATH} LD_LIBRARY_PATH=/home/a/ws_nhk/install/dynamixel_controller/lib:/home/a/ws_nhk/install/dynamixel_sdk/lib:${LD_LIBRARY_PATH} PYTHONPATH=/home/a/ws_nhk/build/dynamixel_controller_gui/prefix_override:/usr/lib/python3/dist-packages/colcon_core/task/python/colcon_distutils_commands:/home/a/ws_nhk/install/dynamixel_controller_gui/lib/python3.10/site-packages:/home/a/ws_nhk/install/dynamixel_controller/local/lib/python3.10/dist-packages:${PYTHONPATH} /usr/bin/python3 -W ignore:setup.py install is deprecated -W ignore:easy_install command is deprecated setup.py egg_info --egg-base ../../../build/dynamixel_controller_gui build --build-base /home/a/ws_nhk/build/dynamixel_controller_gui/build install --record /home/a/ws_nhk/build/dynamixel_controller_gui/install.log --single-version-externally-managed install_data
