[0.205s] Invoking command in '/home/a/ws_nhk/build/trac_ik_lib': CMAKE_PREFIX_PATH=${CMAKE_PREFIX_PATH}:/home/a/ws_nhk/install/moveit_configs_utils:/home/a/ws_nhk/install/launch_param_builder:/opt/ros/humble /usr/bin/cmake --build /home/a/ws_nhk/build/trac_ik_lib -- -j22 -l22
[0.282s] [100%] Built target trac_ik
[0.350s] Invoked command in '/home/a/ws_nhk/build/trac_ik_lib' returned '0': CMAKE_PREFIX_PATH=${CMAKE_PREFIX_PATH}:/home/a/ws_nhk/install/moveit_configs_utils:/home/a/ws_nhk/install/launch_param_builder:/opt/ros/humble /usr/bin/cmake --build /home/a/ws_nhk/build/trac_ik_lib -- -j22 -l22
[0.351s] Invoking command in '/home/a/ws_nhk/build/trac_ik_lib': CMAKE_PREFIX_PATH=${CMAKE_PREFIX_PATH}:/home/a/ws_nhk/install/moveit_configs_utils:/home/a/ws_nhk/install/launch_param_builder:/opt/ros/humble /usr/bin/cmake --install /home/a/ws_nhk/build/trac_ik_lib
[0.359s] -- Install configuration: ""
[0.359s] -- Up-to-date: /home/a/ws_nhk/install/trac_ik_lib/include
[0.359s] -- Up-to-date: /home/a/ws_nhk/install/trac_ik_lib/include/trac_ik
[0.359s] -- Up-to-date: /home/a/ws_nhk/install/trac_ik_lib/include/trac_ik/math3d.h
[0.359s] -- Up-to-date: /home/a/ws_nhk/install/trac_ik_lib/include/trac_ik/dual_quaternion.h
[0.359s] -- Up-to-date: /home/a/ws_nhk/install/trac_ik_lib/include/trac_ik/kdl_tl.hpp
[0.359s] -- Up-to-date: /home/a/ws_nhk/install/trac_ik_lib/include/trac_ik/nlopt_ik.hpp
[0.359s] -- Up-to-date: /home/a/ws_nhk/install/trac_ik_lib/include/trac_ik/trac_ik.hpp
[0.359s] -- Up-to-date: /home/a/ws_nhk/install/trac_ik_lib/lib/libtrac_ik.so
[0.359s] -- Up-to-date: /home/a/ws_nhk/install/trac_ik_lib/share/trac_ik_lib/environment/library_path.sh
[0.359s] -- Up-to-date: /home/a/ws_nhk/install/trac_ik_lib/share/trac_ik_lib/environment/library_path.dsv
[0.359s] -- Up-to-date: /home/a/ws_nhk/install/trac_ik_lib/share/ament_index/resource_index/package_run_dependencies/trac_ik_lib
[0.359s] -- Up-to-date: /home/a/ws_nhk/install/trac_ik_lib/share/ament_index/resource_index/parent_prefix_path/trac_ik_lib
[0.360s] -- Up-to-date: /home/a/ws_nhk/install/trac_ik_lib/share/trac_ik_lib/environment/ament_prefix_path.sh
[0.360s] -- Up-to-date: /home/a/ws_nhk/install/trac_ik_lib/share/trac_ik_lib/environment/ament_prefix_path.dsv
[0.360s] -- Up-to-date: /home/a/ws_nhk/install/trac_ik_lib/share/trac_ik_lib/environment/path.sh
[0.360s] -- Up-to-date: /home/a/ws_nhk/install/trac_ik_lib/share/trac_ik_lib/environment/path.dsv
[0.360s] -- Up-to-date: /home/a/ws_nhk/install/trac_ik_lib/share/trac_ik_lib/local_setup.bash
[0.360s] -- Up-to-date: /home/a/ws_nhk/install/trac_ik_lib/share/trac_ik_lib/local_setup.sh
[0.360s] -- Up-to-date: /home/a/ws_nhk/install/trac_ik_lib/share/trac_ik_lib/local_setup.zsh
[0.360s] -- Up-to-date: /home/a/ws_nhk/install/trac_ik_lib/share/trac_ik_lib/local_setup.dsv
[0.360s] -- Installing: /home/a/ws_nhk/install/trac_ik_lib/share/trac_ik_lib/package.dsv
[0.360s] -- Up-to-date: /home/a/ws_nhk/install/trac_ik_lib/share/ament_index/resource_index/packages/trac_ik_lib
[0.360s] -- Up-to-date: /home/a/ws_nhk/install/trac_ik_lib/share/trac_ik_lib/cmake/export_trac_ik_libExport.cmake
[0.360s] -- Up-to-date: /home/a/ws_nhk/install/trac_ik_lib/share/trac_ik_lib/cmake/export_trac_ik_libExport-noconfig.cmake
[0.360s] -- Up-to-date: /home/a/ws_nhk/install/trac_ik_lib/share/trac_ik_lib/cmake/ament_cmake_export_targets-extras.cmake
[0.360s] -- Up-to-date: /home/a/ws_nhk/install/trac_ik_lib/share/trac_ik_lib/cmake/ament_cmake_export_dependencies-extras.cmake
[0.360s] -- Up-to-date: /home/a/ws_nhk/install/trac_ik_lib/share/trac_ik_lib/cmake/trac_ik_libConfig.cmake
[0.360s] -- Up-to-date: /home/a/ws_nhk/install/trac_ik_lib/share/trac_ik_lib/cmake/trac_ik_libConfig-version.cmake
[0.360s] -- Up-to-date: /home/a/ws_nhk/install/trac_ik_lib/share/trac_ik_lib/package.xml
[0.381s] Invoked command in '/home/a/ws_nhk/build/trac_ik_lib' returned '0': CMAKE_PREFIX_PATH=${CMAKE_PREFIX_PATH}:/home/a/ws_nhk/install/moveit_configs_utils:/home/a/ws_nhk/install/launch_param_builder:/opt/ros/humble /usr/bin/cmake --install /home/a/ws_nhk/build/trac_ik_lib
