[ 50%] Built target trac_ik_kinematics_plugin_parameters
[35m[1mConsolidate compiler generated dependencies of target trac_ik_kinematics_plugin[0m
[100%] Built target trac_ik_kinematics_plugin
-- Install configuration: ""
-- Up-to-date: /home/a/ws_nhk/install/trac_ik_kinematics_plugin/include/trac_ik_kinematics_plugin
-- Up-to-date: /home/a/ws_nhk/install/trac_ik_kinematics_plugin/include/trac_ik_kinematics_plugin/trac_ik_kinematics_plugin_parameters.hpp
-- Up-to-date: /home/a/ws_nhk/install/trac_ik_kinematics_plugin/include
-- Up-to-date: /home/a/ws_nhk/install/trac_ik_kinematics_plugin/include/trac_ik
-- Up-to-date: /home/a/ws_nhk/install/trac_ik_kinematics_plugin/include/trac_ik/trac_ik_kinematics_plugin.hpp
-- Up-to-date: /home/a/ws_nhk/install/trac_ik_kinematics_plugin/lib/libtrac_ik_kinematics_plugin.so
-- Up-to-date: /home/a/ws_nhk/install/trac_ik_kinematics_plugin/share/trac_ik_kinematics_plugin/trac_ik_kinematics_description.xml
-- Up-to-date: /home/a/ws_nhk/install/trac_ik_kinematics_plugin/share/trac_ik_kinematics_plugin/environment/library_path.sh
-- Up-to-date: /home/a/ws_nhk/install/trac_ik_kinematics_plugin/share/trac_ik_kinematics_plugin/environment/library_path.dsv
-- Up-to-date: /home/a/ws_nhk/install/trac_ik_kinematics_plugin/share/ament_index/resource_index/package_run_dependencies/trac_ik_kinematics_plugin
-- Up-to-date: /home/a/ws_nhk/install/trac_ik_kinematics_plugin/share/ament_index/resource_index/parent_prefix_path/trac_ik_kinematics_plugin
-- Up-to-date: /home/a/ws_nhk/install/trac_ik_kinematics_plugin/share/trac_ik_kinematics_plugin/environment/ament_prefix_path.sh
-- Up-to-date: /home/a/ws_nhk/install/trac_ik_kinematics_plugin/share/trac_ik_kinematics_plugin/environment/ament_prefix_path.dsv
-- Up-to-date: /home/a/ws_nhk/install/trac_ik_kinematics_plugin/share/trac_ik_kinematics_plugin/environment/path.sh
-- Up-to-date: /home/a/ws_nhk/install/trac_ik_kinematics_plugin/share/trac_ik_kinematics_plugin/environment/path.dsv
-- Up-to-date: /home/a/ws_nhk/install/trac_ik_kinematics_plugin/share/trac_ik_kinematics_plugin/local_setup.bash
-- Up-to-date: /home/a/ws_nhk/install/trac_ik_kinematics_plugin/share/trac_ik_kinematics_plugin/local_setup.sh
-- Up-to-date: /home/a/ws_nhk/install/trac_ik_kinematics_plugin/share/trac_ik_kinematics_plugin/local_setup.zsh
-- Up-to-date: /home/a/ws_nhk/install/trac_ik_kinematics_plugin/share/trac_ik_kinematics_plugin/local_setup.dsv
-- Installing: /home/a/ws_nhk/install/trac_ik_kinematics_plugin/share/trac_ik_kinematics_plugin/package.dsv
-- Up-to-date: /home/a/ws_nhk/install/trac_ik_kinematics_plugin/share/ament_index/resource_index/packages/trac_ik_kinematics_plugin
-- Up-to-date: /home/a/ws_nhk/install/trac_ik_kinematics_plugin/share/ament_index/resource_index/moveit_core__pluginlib__plugin/trac_ik_kinematics_plugin
-- Up-to-date: /home/a/ws_nhk/install/trac_ik_kinematics_plugin/share/trac_ik_kinematics_plugin/cmake/export_trac_ik_kinematics_pluginExport.cmake
-- Up-to-date: /home/a/ws_nhk/install/trac_ik_kinematics_plugin/share/trac_ik_kinematics_plugin/cmake/export_trac_ik_kinematics_pluginExport-noconfig.cmake
-- Up-to-date: /home/a/ws_nhk/install/trac_ik_kinematics_plugin/share/trac_ik_kinematics_plugin/cmake/ament_cmake_export_dependencies-extras.cmake
-- Up-to-date: /home/a/ws_nhk/install/trac_ik_kinematics_plugin/share/trac_ik_kinematics_plugin/cmake/ament_cmake_export_targets-extras.cmake
-- Up-to-date: /home/a/ws_nhk/install/trac_ik_kinematics_plugin/share/trac_ik_kinematics_plugin/cmake/trac_ik_kinematics_pluginConfig.cmake
-- Up-to-date: /home/a/ws_nhk/install/trac_ik_kinematics_plugin/share/trac_ik_kinematics_plugin/cmake/trac_ik_kinematics_pluginConfig-version.cmake
-- Up-to-date: /home/a/ws_nhk/install/trac_ik_kinematics_plugin/share/trac_ik_kinematics_plugin/package.xml
