[0.009s] Invoking command in '/home/a/ws_nhk/build/moveit_config': /usr/bin/cmake /home/a/ws_nhk/src/moveit_config -DCMAKE_INSTALL_PREFIX=/home/a/ws_nhk/install/moveit_config
[0.060s] -- The C compiler identification is GNU 11.4.0
[0.099s] -- The CXX compiler identification is GNU 11.4.0
[0.103s] -- Detecting C compiler ABI info
[0.164s] -- Detecting C compiler ABI info - done
[0.170s] -- Check for working C compiler: /usr/bin/cc - skipped
[0.171s] -- Detecting C compile features
[0.171s] -- Detecting C compile features - done
[0.173s] -- Detecting CXX compiler ABI info
[0.239s] -- Detecting CXX compiler ABI info - done
[0.242s] -- Check for working CXX compiler: /usr/bin/c++ - skipped
[0.243s] -- Detecting CXX compile features
[0.243s] -- Detecting CXX compile features - done
[0.246s] -- Found ament_cmake: 1.3.12 (/opt/ros/humble/share/ament_cmake/cmake)
[0.354s] -- Found Python3: /usr/bin/python3 (found version "3.10.12") found components: Interpreter 
[0.472s] Error parsing '/home/a/ws_nhk/src/moveit_config/package.xml':
[0.501s] Traceback (most recent call last):
[0.501s]   File "/opt/ros/humble/share/ament_cmake_core/cmake/core/package_xml_2_cmake.py", line 150, in <module>
[0.501s]     main()
[0.501s]   File "/opt/ros/humble/share/ament_cmake_core/cmake/core/package_xml_2_cmake.py", line 53, in main
[0.501s]     raise e
[0.501s]   File "/opt/ros/humble/share/ament_cmake_core/cmake/core/package_xml_2_cmake.py", line 49, in main
[0.501s]     package = parse_package_string(
[0.502s]   File "/usr/lib/python3/dist-packages/catkin_pkg/package.py", line 788, in parse_package_string
[0.502s]     pkg.validate(warnings=warnings)
[0.502s]   File "/usr/lib/python3/dist-packages/catkin_pkg/package.py", line 330, in validate
[0.502s]     raise InvalidPackage('\n'.join(errors), self.filename)
[0.502s] catkin_pkg.package.InvalidPackage: Error(s) in package '/home/a/ws_nhk/src/moveit_config/package.xml':
[0.502s] Invalid email "kira" for person "kira"
[0.502s] Invalid email "kira" for person "kira"
[0.510s] [31mCMake Error at /opt/ros/humble/share/ament_cmake_core/cmake/core/ament_package_xml.cmake:95 (message):
[0.510s]   execute_process(/usr/bin/python3
[0.510s]   /opt/ros/humble/share/ament_cmake_core/cmake/core/package_xml_2_cmake.py
[0.510s]   /home/a/ws_nhk/src/moveit_config/package.xml
[0.510s]   /home/a/ws_nhk/build/moveit_config/ament_cmake_core/package.cmake) returned
[0.510s]   error code 1
[0.510s] Call Stack (most recent call first):
[0.510s]   /opt/ros/humble/share/ament_cmake_core/cmake/core/ament_package_xml.cmake:49 (_ament_package_xml)
[0.510s]   /opt/ros/humble/share/ament_cmake_core/cmake/core/ament_package.cmake:63 (ament_package_xml)
[0.510s]   CMakeLists.txt:6 (ament_package)
[0.511s] 
[0.511s] [0m
[0.511s] -- Configuring incomplete, errors occurred!
[0.511s] See also "/home/a/ws_nhk/build/moveit_config/CMakeFiles/CMakeOutput.log".
[0.515s] Invoked command in '/home/a/ws_nhk/build/moveit_config' returned '1': /usr/bin/cmake /home/a/ws_nhk/src/moveit_config -DCMAKE_INSTALL_PREFIX=/home/a/ws_nhk/install/moveit_config
