[0.000000] (-) TimerEvent: {}
[0.000183] (-) JobUnselected: {'identifier': 'chomp_motion_planner'}
[0.000219] (-) JobUnselected: {'identifier': 'launch_param_builder'}
[0.000237] (-) JobUnselected: {'identifier': 'mizuki_arm_with_dt35'}
[0.000253] (-) JobUnselected: {'identifier': 'moveit'}
[0.000269] (-) JobUnselected: {'identifier': 'moveit2_tutorials'}
[0.000285] (-) JobUnselected: {'identifier': 'moveit_chomp_optimizer_adapter'}
[0.000300] (-) JobUnselected: {'identifier': 'moveit_common'}
[0.000316] (-) JobUnselected: {'identifier': 'moveit_config'}
[0.000332] (-) JobUnselected: {'identifier': 'moveit_configs_utils'}
[0.000348] (-) JobUnselected: {'identifier': 'moveit_core'}
[0.000362] (-) JobUnselected: {'identifier': 'moveit_hybrid_planning'}
[0.000377] (-) JobUnselected: {'identifier': 'moveit_kinematics'}
[0.000392] (-) JobUnselected: {'identifier': 'moveit_planners'}
[0.000407] (-) JobUnselected: {'identifier': 'moveit_planners_chomp'}
[0.000422] (-) JobUnselected: {'identifier': 'moveit_planners_ompl'}
[0.000437] (-) JobUnselected: {'identifier': 'moveit_plugins'}
[0.000452] (-) JobUnselected: {'identifier': 'moveit_resources'}
[0.000467] (-) JobUnselected: {'identifier': 'moveit_resources_fanuc_description'}
[0.000482] (-) JobUnselected: {'identifier': 'moveit_resources_fanuc_moveit_config'}
[0.000498] (-) JobUnselected: {'identifier': 'moveit_resources_panda_description'}
[0.000513] (-) JobUnselected: {'identifier': 'moveit_resources_panda_moveit_config'}
[0.000528] (-) JobUnselected: {'identifier': 'moveit_resources_pr2_description'}
[0.000543] (-) JobUnselected: {'identifier': 'moveit_resources_prbt_ikfast_manipulator_plugin'}
[0.000558] (-) JobUnselected: {'identifier': 'moveit_resources_prbt_moveit_config'}
[0.000574] (-) JobUnselected: {'identifier': 'moveit_resources_prbt_pg70_support'}
[0.000589] (-) JobUnselected: {'identifier': 'moveit_resources_prbt_support'}
[0.000603] (-) JobUnselected: {'identifier': 'moveit_ros'}
[0.000618] (-) JobUnselected: {'identifier': 'moveit_ros_benchmarks'}
[0.000633] (-) JobUnselected: {'identifier': 'moveit_ros_control_interface'}
[0.000648] (-) JobUnselected: {'identifier': 'moveit_ros_move_group'}
[0.000662] (-) JobUnselected: {'identifier': 'moveit_ros_occupancy_map_monitor'}
[0.000677] (-) JobUnselected: {'identifier': 'moveit_ros_perception'}
[0.000693] (-) JobUnselected: {'identifier': 'moveit_ros_planning'}
[0.000709] (-) JobUnselected: {'identifier': 'moveit_ros_planning_interface'}
[0.000726] (-) JobUnselected: {'identifier': 'moveit_ros_robot_interaction'}
[0.000743] (-) JobUnselected: {'identifier': 'moveit_ros_visualization'}
[0.000760] (-) JobUnselected: {'identifier': 'moveit_ros_warehouse'}
[0.000776] (-) JobUnselected: {'identifier': 'moveit_runtime'}
[0.000793] (-) JobUnselected: {'identifier': 'moveit_servo'}
[0.000810] (-) JobUnselected: {'identifier': 'moveit_setup_app_plugins'}
[0.000827] (-) JobUnselected: {'identifier': 'moveit_setup_assistant'}
[0.000843] (-) JobUnselected: {'identifier': 'moveit_setup_controllers'}
[0.000859] (-) JobUnselected: {'identifier': 'moveit_setup_core_plugins'}
[0.000876] (-) JobUnselected: {'identifier': 'moveit_setup_framework'}
[0.000893] (-) JobUnselected: {'identifier': 'moveit_setup_srdf_plugins'}
[0.000909] (-) JobUnselected: {'identifier': 'moveit_simple_controller_manager'}
[0.000925] (-) JobUnselected: {'identifier': 'moveit_task_constructor_capabilities'}
[0.000943] (-) JobUnselected: {'identifier': 'moveit_task_constructor_core'}
[0.000959] (-) JobUnselected: {'identifier': 'moveit_task_constructor_demo'}
[0.000976] (-) JobUnselected: {'identifier': 'moveit_task_constructor_msgs'}
[0.000991] (-) JobUnselected: {'identifier': 'moveit_task_constructor_visualization'}
[0.001008] (-) JobUnselected: {'identifier': 'moveit_visual_tools'}
[0.001025] (-) JobUnselected: {'identifier': 'pilz_industrial_motion_planner'}
[0.001041] (-) JobUnselected: {'identifier': 'pilz_industrial_motion_planner_testutils'}
[0.001065] (-) JobUnselected: {'identifier': 'rosparam_shortcuts'}
[0.001084] (-) JobUnselected: {'identifier': 'rviz_marker_tools'}
[0.001109] (-) JobUnselected: {'identifier': 'srdfdom'}
[0.001125] (-) JobUnselected: {'identifier': 'trac_ik'}
[0.001142] (-) JobUnselected: {'identifier': 'trac_ik_kinematics_plugin'}
[0.001159] (-) JobUnselected: {'identifier': 'trac_ik_lib'}
[0.001177] (-) EventReactorShutdown: {}
