-- Install configuration: ""
-- Up-to-date: /home/a/ws_nhk/install/mizuki_arm_short/share/mizuki_arm_short/launch
-- Up-to-date: /home/a/ws_nhk/install/mizuki_arm_short/share/mizuki_arm_short/launch/gazebo.launch
-- Up-to-date: /home/a/ws_nhk/install/mizuki_arm_short/share/mizuki_arm_short/launch/display.launch
-- Up-to-date: /home/a/ws_nhk/install/mizuki_arm_short/share/mizuki_arm_short/urdf
-- Up-to-date: /home/a/ws_nhk/install/mizuki_arm_short/share/mizuki_arm_short/urdf/arm_v20(2).SLDASM.csv
-- Up-to-date: /home/a/ws_nhk/install/mizuki_arm_short/share/mizuki_arm_short/urdf/arm_v20(2).SLDASM.urdf
-- Up-to-date: /home/a/ws_nhk/install/mizuki_arm_short/share/mizuki_arm_short/meshes
-- Up-to-date: /home/a/ws_nhk/install/mizuki_arm_short/share/mizuki_arm_short/meshes/hand_link.STL
-- Up-to-date: /home/a/ws_nhk/install/mizuki_arm_short/share/mizuki_arm_short/meshes/forearm_root_Link.STL
-- Up-to-date: /home/a/ws_nhk/install/mizuki_arm_short/share/mizuki_arm_short/meshes/base_link.STL
-- Up-to-date: /home/a/ws_nhk/install/mizuki_arm_short/share/mizuki_arm_short/meshes/2nd_Link.STL
-- Up-to-date: /home/a/ws_nhk/install/mizuki_arm_short/share/mizuki_arm_short/meshes/forearm_tip_link.STL
-- Up-to-date: /home/a/ws_nhk/install/mizuki_arm_short/share/mizuki_arm_short/meshes/wrist_link.STL
-- Up-to-date: /home/a/ws_nhk/install/mizuki_arm_short/share/mizuki_arm_short/meshes/3rd_Link.STL
-- Up-to-date: /home/a/ws_nhk/install/mizuki_arm_short/share/mizuki_arm_short/textures
-- Up-to-date: /home/a/ws_nhk/install/mizuki_arm_short/share/ament_index/resource_index/package_run_dependencies/mizuki_arm_short
-- Up-to-date: /home/a/ws_nhk/install/mizuki_arm_short/share/ament_index/resource_index/parent_prefix_path/mizuki_arm_short
-- Up-to-date: /home/a/ws_nhk/install/mizuki_arm_short/share/mizuki_arm_short/environment/ament_prefix_path.sh
-- Up-to-date: /home/a/ws_nhk/install/mizuki_arm_short/share/mizuki_arm_short/environment/ament_prefix_path.dsv
-- Up-to-date: /home/a/ws_nhk/install/mizuki_arm_short/share/mizuki_arm_short/environment/path.sh
-- Up-to-date: /home/a/ws_nhk/install/mizuki_arm_short/share/mizuki_arm_short/environment/path.dsv
-- Up-to-date: /home/a/ws_nhk/install/mizuki_arm_short/share/mizuki_arm_short/local_setup.bash
-- Up-to-date: /home/a/ws_nhk/install/mizuki_arm_short/share/mizuki_arm_short/local_setup.sh
-- Up-to-date: /home/a/ws_nhk/install/mizuki_arm_short/share/mizuki_arm_short/local_setup.zsh
-- Up-to-date: /home/a/ws_nhk/install/mizuki_arm_short/share/mizuki_arm_short/local_setup.dsv
-- Up-to-date: /home/a/ws_nhk/install/mizuki_arm_short/share/mizuki_arm_short/package.dsv
-- Up-to-date: /home/a/ws_nhk/install/mizuki_arm_short/share/ament_index/resource_index/packages/mizuki_arm_short
-- Up-to-date: /home/a/ws_nhk/install/mizuki_arm_short/share/mizuki_arm_short/cmake/mizuki_arm_shortConfig.cmake
-- Up-to-date: /home/a/ws_nhk/install/mizuki_arm_short/share/mizuki_arm_short/cmake/mizuki_arm_shortConfig-version.cmake
-- Up-to-date: /home/a/ws_nhk/install/mizuki_arm_short/share/mizuki_arm_short/package.xml
