[0.197s] Invoking command in '/home/a/ws_nhk/build/mizuki_arm_short': CMAKE_PREFIX_PATH=${CMAKE_PREFIX_PATH}:/home/a/ws_nhk/install/moveit_configs_utils:/home/a/ws_nhk/install/launch_param_builder:/opt/ros/humble /usr/bin/cmake --build /home/a/ws_nhk/build/mizuki_arm_short -- -j22 -l22
[0.282s] Invoked command in '/home/a/ws_nhk/build/mizuki_arm_short' returned '0': CMAKE_PREFIX_PATH=${CMAKE_PREFIX_PATH}:/home/a/ws_nhk/install/moveit_configs_utils:/home/a/ws_nhk/install/launch_param_builder:/opt/ros/humble /usr/bin/cmake --build /home/a/ws_nhk/build/mizuki_arm_short -- -j22 -l22
[0.283s] Invoking command in '/home/a/ws_nhk/build/mizuki_arm_short': CMAKE_PREFIX_PATH=${CMAKE_PREFIX_PATH}:/home/a/ws_nhk/install/moveit_configs_utils:/home/a/ws_nhk/install/launch_param_builder:/opt/ros/humble /usr/bin/cmake --install /home/a/ws_nhk/build/mizuki_arm_short
[0.306s] -- Install configuration: ""
[0.306s] -- Up-to-date: /home/a/ws_nhk/install/mizuki_arm_short/share/mizuki_arm_short/launch
[0.306s] -- Up-to-date: /home/a/ws_nhk/install/mizuki_arm_short/share/mizuki_arm_short/launch/gazebo.launch
[0.306s] -- Up-to-date: /home/a/ws_nhk/install/mizuki_arm_short/share/mizuki_arm_short/launch/display.launch
[0.306s] -- Up-to-date: /home/a/ws_nhk/install/mizuki_arm_short/share/mizuki_arm_short/urdf
[0.306s] -- Up-to-date: /home/a/ws_nhk/install/mizuki_arm_short/share/mizuki_arm_short/urdf/arm_v20(2).SLDASM.csv
[0.306s] -- Up-to-date: /home/a/ws_nhk/install/mizuki_arm_short/share/mizuki_arm_short/urdf/arm_v20(2).SLDASM.urdf
[0.306s] -- Up-to-date: /home/a/ws_nhk/install/mizuki_arm_short/share/mizuki_arm_short/meshes
[0.307s] -- Up-to-date: /home/a/ws_nhk/install/mizuki_arm_short/share/mizuki_arm_short/meshes/hand_link.STL
[0.307s] -- Up-to-date: /home/a/ws_nhk/install/mizuki_arm_short/share/mizuki_arm_short/meshes/forearm_root_Link.STL
[0.307s] -- Up-to-date: /home/a/ws_nhk/install/mizuki_arm_short/share/mizuki_arm_short/meshes/base_link.STL
[0.307s] -- Up-to-date: /home/a/ws_nhk/install/mizuki_arm_short/share/mizuki_arm_short/meshes/2nd_Link.STL
[0.307s] -- Up-to-date: /home/a/ws_nhk/install/mizuki_arm_short/share/mizuki_arm_short/meshes/forearm_tip_link.STL
[0.307s] -- Up-to-date: /home/a/ws_nhk/install/mizuki_arm_short/share/mizuki_arm_short/meshes/wrist_link.STL
[0.307s] -- Up-to-date: /home/a/ws_nhk/install/mizuki_arm_short/share/mizuki_arm_short/meshes/3rd_Link.STL
[0.307s] -- Up-to-date: /home/a/ws_nhk/install/mizuki_arm_short/share/mizuki_arm_short/textures
[0.307s] -- Up-to-date: /home/a/ws_nhk/install/mizuki_arm_short/share/ament_index/resource_index/package_run_dependencies/mizuki_arm_short
[0.308s] -- Up-to-date: /home/a/ws_nhk/install/mizuki_arm_short/share/ament_index/resource_index/parent_prefix_path/mizuki_arm_short
[0.308s] -- Up-to-date: /home/a/ws_nhk/install/mizuki_arm_short/share/mizuki_arm_short/environment/ament_prefix_path.sh
[0.308s] -- Up-to-date: /home/a/ws_nhk/install/mizuki_arm_short/share/mizuki_arm_short/environment/ament_prefix_path.dsv
[0.308s] -- Up-to-date: /home/a/ws_nhk/install/mizuki_arm_short/share/mizuki_arm_short/environment/path.sh
[0.308s] -- Up-to-date: /home/a/ws_nhk/install/mizuki_arm_short/share/mizuki_arm_short/environment/path.dsv
[0.308s] -- Up-to-date: /home/a/ws_nhk/install/mizuki_arm_short/share/mizuki_arm_short/local_setup.bash
[0.308s] -- Up-to-date: /home/a/ws_nhk/install/mizuki_arm_short/share/mizuki_arm_short/local_setup.sh
[0.308s] -- Up-to-date: /home/a/ws_nhk/install/mizuki_arm_short/share/mizuki_arm_short/local_setup.zsh
[0.308s] -- Up-to-date: /home/a/ws_nhk/install/mizuki_arm_short/share/mizuki_arm_short/local_setup.dsv
[0.308s] -- Up-to-date: /home/a/ws_nhk/install/mizuki_arm_short/share/mizuki_arm_short/package.dsv
[0.308s] -- Up-to-date: /home/a/ws_nhk/install/mizuki_arm_short/share/ament_index/resource_index/packages/mizuki_arm_short
[0.308s] -- Up-to-date: /home/a/ws_nhk/install/mizuki_arm_short/share/mizuki_arm_short/cmake/mizuki_arm_shortConfig.cmake
[0.308s] -- Up-to-date: /home/a/ws_nhk/install/mizuki_arm_short/share/mizuki_arm_short/cmake/mizuki_arm_shortConfig-version.cmake
[0.309s] -- Up-to-date: /home/a/ws_nhk/install/mizuki_arm_short/share/mizuki_arm_short/package.xml
[0.345s] Invoked command in '/home/a/ws_nhk/build/mizuki_arm_short' returned '0': CMAKE_PREFIX_PATH=${CMAKE_PREFIX_PATH}:/home/a/ws_nhk/install/moveit_configs_utils:/home/a/ws_nhk/install/launch_param_builder:/opt/ros/humble /usr/bin/cmake --install /home/a/ws_nhk/build/mizuki_arm_short
