-- Found ament_cmake: 1.3.12 (/opt/ros/humble/share/ament_cmake/cmake)
-- Found Python3: /usr/bin/python3 (found version "3.10.12") found components: Interpreter 
WARNING: Package name "mizukiArm_withDT35_3" does not follow the naming conventions. It should start with a lower case letter and only contain lower case letters, digits, underscores, and dashes.
-- Configuring done
-- Generating done
-- Build files have been written to: /home/a/ws_nhk/build/mizukiArm_withDT35_3
-- Install configuration: ""
-- Installing: /home/a/ws_nhk/install/mizukiArm_withDT35_3/share/mizukiArm_withDT35_3/config
-- Installing: /home/a/ws_nhk/install/mizukiArm_withDT35_3/share/mizukiArm_withDT35_3/config/joint_names_MizukiArm_withDT35_3.yaml
-- Installing: /home/a/ws_nhk/install/mizukiArm_withDT35_3/share/mizukiArm_withDT35_3/launch
-- Installing: /home/a/ws_nhk/install/mizukiArm_withDT35_3/share/mizukiArm_withDT35_3/launch/gazebo.launch
-- Installing: /home/a/ws_nhk/install/mizukiArm_withDT35_3/share/mizukiArm_withDT35_3/launch/display.launch.py
-- Installing: /home/a/ws_nhk/install/mizukiArm_withDT35_3/share/mizukiArm_withDT35_3/launch/display.launch
-- Installing: /home/a/ws_nhk/install/mizukiArm_withDT35_3/share/mizukiArm_withDT35_3/meshes
-- Installing: /home/a/ws_nhk/install/mizukiArm_withDT35_3/share/mizukiArm_withDT35_3/meshes/hand_link.STL
-- Installing: /home/a/ws_nhk/install/mizukiArm_withDT35_3/share/mizukiArm_withDT35_3/meshes/forearm_root_Link.STL
-- Installing: /home/a/ws_nhk/install/mizukiArm_withDT35_3/share/mizukiArm_withDT35_3/meshes/base_link.STL
-- Installing: /home/a/ws_nhk/install/mizukiArm_withDT35_3/share/mizukiArm_withDT35_3/meshes/2nd_Link.STL
-- Installing: /home/a/ws_nhk/install/mizukiArm_withDT35_3/share/mizukiArm_withDT35_3/meshes/forearm_tip_link.STL
-- Installing: /home/a/ws_nhk/install/mizukiArm_withDT35_3/share/mizukiArm_withDT35_3/meshes/wrist_link.STL
-- Installing: /home/a/ws_nhk/install/mizukiArm_withDT35_3/share/mizukiArm_withDT35_3/meshes/3rd_Link.STL
-- Installing: /home/a/ws_nhk/install/mizukiArm_withDT35_3/share/mizukiArm_withDT35_3/textures
-- Installing: /home/a/ws_nhk/install/mizukiArm_withDT35_3/share/mizukiArm_withDT35_3/urdf
-- Installing: /home/a/ws_nhk/install/mizukiArm_withDT35_3/share/mizukiArm_withDT35_3/urdf/MizukiArm_withDT35_3.csv
-- Installing: /home/a/ws_nhk/install/mizukiArm_withDT35_3/share/mizukiArm_withDT35_3/urdf/MizukiArm_withDT35_3.urdf
-- Installing: /home/a/ws_nhk/install/mizukiArm_withDT35_3/share/ament_index/resource_index/package_run_dependencies/mizukiArm_withDT35_3
-- Installing: /home/a/ws_nhk/install/mizukiArm_withDT35_3/share/ament_index/resource_index/parent_prefix_path/mizukiArm_withDT35_3
-- Installing: /home/a/ws_nhk/install/mizukiArm_withDT35_3/share/mizukiArm_withDT35_3/environment/ament_prefix_path.sh
-- Installing: /home/a/ws_nhk/install/mizukiArm_withDT35_3/share/mizukiArm_withDT35_3/environment/ament_prefix_path.dsv
-- Installing: /home/a/ws_nhk/install/mizukiArm_withDT35_3/share/mizukiArm_withDT35_3/environment/path.sh
-- Installing: /home/a/ws_nhk/install/mizukiArm_withDT35_3/share/mizukiArm_withDT35_3/environment/path.dsv
-- Installing: /home/a/ws_nhk/install/mizukiArm_withDT35_3/share/mizukiArm_withDT35_3/local_setup.bash
-- Installing: /home/a/ws_nhk/install/mizukiArm_withDT35_3/share/mizukiArm_withDT35_3/local_setup.sh
-- Installing: /home/a/ws_nhk/install/mizukiArm_withDT35_3/share/mizukiArm_withDT35_3/local_setup.zsh
-- Installing: /home/a/ws_nhk/install/mizukiArm_withDT35_3/share/mizukiArm_withDT35_3/local_setup.dsv
-- Installing: /home/a/ws_nhk/install/mizukiArm_withDT35_3/share/mizukiArm_withDT35_3/package.dsv
-- Installing: /home/a/ws_nhk/install/mizukiArm_withDT35_3/share/ament_index/resource_index/packages/mizukiArm_withDT35_3
-- Installing: /home/a/ws_nhk/install/mizukiArm_withDT35_3/share/mizukiArm_withDT35_3/cmake/mizukiArm_withDT35_3Config.cmake
-- Installing: /home/a/ws_nhk/install/mizukiArm_withDT35_3/share/mizukiArm_withDT35_3/cmake/mizukiArm_withDT35_3Config-version.cmake
-- Installing: /home/a/ws_nhk/install/mizukiArm_withDT35_3/share/mizukiArm_withDT35_3/package.xml
