[0.200s] Invoking command in '/home/a/ws_nhk/build/mizukiArm_withDT35_3': CMAKE_PREFIX_PATH=${CMAKE_PREFIX_PATH}:/opt/ros/humble /usr/bin/cmake /home/a/ws_nhk/src/mizukiArm_withDT35_3 -DCMAKE_INSTALL_PREFIX=/home/a/ws_nhk/install/mizukiArm_withDT35_3
[0.215s] -- Found ament_cmake: 1.3.12 (/opt/ros/humble/share/ament_cmake/cmake)
[0.336s] -- Found Python3: /usr/bin/python3 (found version "3.10.12") found components: Interpreter 
[0.441s] WARNING: Package name "mizukiArm_withDT35_3" does not follow the naming conventions. It should start with a lower case letter and only contain lower case letters, digits, underscores, and dashes.
[0.449s] -- Configuring done
[0.451s] -- Generating done
[0.452s] -- Build files have been written to: /home/a/ws_nhk/build/mizukiArm_withDT35_3
[0.461s] Invoked command in '/home/a/ws_nhk/build/mizukiArm_withDT35_3' returned '0': CMAKE_PREFIX_PATH=${CMAKE_PREFIX_PATH}:/opt/ros/humble /usr/bin/cmake /home/a/ws_nhk/src/mizukiArm_withDT35_3 -DCMAKE_INSTALL_PREFIX=/home/a/ws_nhk/install/mizukiArm_withDT35_3
[0.462s] Invoking command in '/home/a/ws_nhk/build/mizukiArm_withDT35_3': CMAKE_PREFIX_PATH=${CMAKE_PREFIX_PATH}:/opt/ros/humble /usr/bin/cmake --build /home/a/ws_nhk/build/mizukiArm_withDT35_3 -- -j22 -l22
[0.495s] Invoked command in '/home/a/ws_nhk/build/mizukiArm_withDT35_3' returned '0': CMAKE_PREFIX_PATH=${CMAKE_PREFIX_PATH}:/opt/ros/humble /usr/bin/cmake --build /home/a/ws_nhk/build/mizukiArm_withDT35_3 -- -j22 -l22
[0.497s] Invoking command in '/home/a/ws_nhk/build/mizukiArm_withDT35_3': CMAKE_PREFIX_PATH=${CMAKE_PREFIX_PATH}:/opt/ros/humble /usr/bin/cmake --install /home/a/ws_nhk/build/mizukiArm_withDT35_3
[0.503s] -- Install configuration: ""
[0.503s] -- Installing: /home/a/ws_nhk/install/mizukiArm_withDT35_3/share/mizukiArm_withDT35_3/config
[0.505s] -- Installing: /home/a/ws_nhk/install/mizukiArm_withDT35_3/share/mizukiArm_withDT35_3/config/joint_names_MizukiArm_withDT35_3.yaml
[0.505s] -- Installing: /home/a/ws_nhk/install/mizukiArm_withDT35_3/share/mizukiArm_withDT35_3/launch
[0.505s] -- Installing: /home/a/ws_nhk/install/mizukiArm_withDT35_3/share/mizukiArm_withDT35_3/launch/gazebo.launch
[0.505s] -- Installing: /home/a/ws_nhk/install/mizukiArm_withDT35_3/share/mizukiArm_withDT35_3/launch/display.launch.py
[0.505s] -- Installing: /home/a/ws_nhk/install/mizukiArm_withDT35_3/share/mizukiArm_withDT35_3/launch/display.launch
[0.505s] -- Installing: /home/a/ws_nhk/install/mizukiArm_withDT35_3/share/mizukiArm_withDT35_3/meshes
[0.505s] -- Installing: /home/a/ws_nhk/install/mizukiArm_withDT35_3/share/mizukiArm_withDT35_3/meshes/hand_link.STL
[0.506s] -- Installing: /home/a/ws_nhk/install/mizukiArm_withDT35_3/share/mizukiArm_withDT35_3/meshes/forearm_root_Link.STL
[0.507s] -- Installing: /home/a/ws_nhk/install/mizukiArm_withDT35_3/share/mizukiArm_withDT35_3/meshes/base_link.STL
[0.510s] -- Installing: /home/a/ws_nhk/install/mizukiArm_withDT35_3/share/mizukiArm_withDT35_3/meshes/2nd_Link.STL
[0.511s] -- Installing: /home/a/ws_nhk/install/mizukiArm_withDT35_3/share/mizukiArm_withDT35_3/meshes/forearm_tip_link.STL
[0.514s] -- Installing: /home/a/ws_nhk/install/mizukiArm_withDT35_3/share/mizukiArm_withDT35_3/meshes/wrist_link.STL
[0.516s] -- Installing: /home/a/ws_nhk/install/mizukiArm_withDT35_3/share/mizukiArm_withDT35_3/meshes/3rd_Link.STL
[0.516s] -- Installing: /home/a/ws_nhk/install/mizukiArm_withDT35_3/share/mizukiArm_withDT35_3/textures
[0.516s] -- Installing: /home/a/ws_nhk/install/mizukiArm_withDT35_3/share/mizukiArm_withDT35_3/urdf
[0.516s] -- Installing: /home/a/ws_nhk/install/mizukiArm_withDT35_3/share/mizukiArm_withDT35_3/urdf/MizukiArm_withDT35_3.csv
[0.517s] -- Installing: /home/a/ws_nhk/install/mizukiArm_withDT35_3/share/mizukiArm_withDT35_3/urdf/MizukiArm_withDT35_3.urdf
[0.517s] -- Installing: /home/a/ws_nhk/install/mizukiArm_withDT35_3/share/ament_index/resource_index/package_run_dependencies/mizukiArm_withDT35_3
[0.517s] -- Installing: /home/a/ws_nhk/install/mizukiArm_withDT35_3/share/ament_index/resource_index/parent_prefix_path/mizukiArm_withDT35_3
[0.518s] -- Installing: /home/a/ws_nhk/install/mizukiArm_withDT35_3/share/mizukiArm_withDT35_3/environment/ament_prefix_path.sh
[0.518s] -- Installing: /home/a/ws_nhk/install/mizukiArm_withDT35_3/share/mizukiArm_withDT35_3/environment/ament_prefix_path.dsv
[0.519s] -- Installing: /home/a/ws_nhk/install/mizukiArm_withDT35_3/share/mizukiArm_withDT35_3/environment/path.sh
[0.519s] -- Installing: /home/a/ws_nhk/install/mizukiArm_withDT35_3/share/mizukiArm_withDT35_3/environment/path.dsv
[0.521s] -- Installing: /home/a/ws_nhk/install/mizukiArm_withDT35_3/share/mizukiArm_withDT35_3/local_setup.bash
[0.521s] -- Installing: /home/a/ws_nhk/install/mizukiArm_withDT35_3/share/mizukiArm_withDT35_3/local_setup.sh
[0.521s] -- Installing: /home/a/ws_nhk/install/mizukiArm_withDT35_3/share/mizukiArm_withDT35_3/local_setup.zsh
[0.521s] -- Installing: /home/a/ws_nhk/install/mizukiArm_withDT35_3/share/mizukiArm_withDT35_3/local_setup.dsv
[0.521s] -- Installing: /home/a/ws_nhk/install/mizukiArm_withDT35_3/share/mizukiArm_withDT35_3/package.dsv
[0.521s] -- Installing: /home/a/ws_nhk/install/mizukiArm_withDT35_3/share/ament_index/resource_index/packages/mizukiArm_withDT35_3
[0.522s] -- Installing: /home/a/ws_nhk/install/mizukiArm_withDT35_3/share/mizukiArm_withDT35_3/cmake/mizukiArm_withDT35_3Config.cmake
[0.522s] -- Installing: /home/a/ws_nhk/install/mizukiArm_withDT35_3/share/mizukiArm_withDT35_3/cmake/mizukiArm_withDT35_3Config-version.cmake
[0.522s] -- Installing: /home/a/ws_nhk/install/mizukiArm_withDT35_3/share/mizukiArm_withDT35_3/package.xml
[0.524s] Invoked command in '/home/a/ws_nhk/build/mizukiArm_withDT35_3' returned '0': CMAKE_PREFIX_PATH=${CMAKE_PREFIX_PATH}:/opt/ros/humble /usr/bin/cmake --install /home/a/ws_nhk/build/mizukiArm_withDT35_3
