-- Install configuration: ""
-- Up-to-date: /home/a/ws_nhk/install/mizukiArm_withDT35_3/share/mizukiArm_withDT35_3/config
-- Up-to-date: /home/a/ws_nhk/install/mizukiArm_withDT35_3/share/mizukiArm_withDT35_3/config/joint_names_MizukiArm_withDT35_3.yaml
-- Up-to-date: /home/a/ws_nhk/install/mizukiArm_withDT35_3/share/mizukiArm_withDT35_3/launch
-- Up-to-date: /home/a/ws_nhk/install/mizukiArm_withDT35_3/share/mizukiArm_withDT35_3/launch/gazebo.launch
-- Up-to-date: /home/a/ws_nhk/install/mizukiArm_withDT35_3/share/mizukiArm_withDT35_3/launch/display.launch.py
-- Up-to-date: /home/a/ws_nhk/install/mizukiArm_withDT35_3/share/mizukiArm_withDT35_3/launch/display.launch
-- Up-to-date: /home/a/ws_nhk/install/mizukiArm_withDT35_3/share/mizukiArm_withDT35_3/meshes
-- Up-to-date: /home/a/ws_nhk/install/mizukiArm_withDT35_3/share/mizukiArm_withDT35_3/meshes/hand_link.STL
-- Up-to-date: /home/a/ws_nhk/install/mizukiArm_withDT35_3/share/mizukiArm_withDT35_3/meshes/forearm_root_Link.STL
-- Up-to-date: /home/a/ws_nhk/install/mizukiArm_withDT35_3/share/mizukiArm_withDT35_3/meshes/base_link.STL
-- Up-to-date: /home/a/ws_nhk/install/mizukiArm_withDT35_3/share/mizukiArm_withDT35_3/meshes/2nd_Link.STL
-- Up-to-date: /home/a/ws_nhk/install/mizukiArm_withDT35_3/share/mizukiArm_withDT35_3/meshes/forearm_tip_link.STL
-- Up-to-date: /home/a/ws_nhk/install/mizukiArm_withDT35_3/share/mizukiArm_withDT35_3/meshes/wrist_link.STL
-- Up-to-date: /home/a/ws_nhk/install/mizukiArm_withDT35_3/share/mizukiArm_withDT35_3/meshes/3rd_Link.STL
-- Up-to-date: /home/a/ws_nhk/install/mizukiArm_withDT35_3/share/mizukiArm_withDT35_3/textures
-- Up-to-date: /home/a/ws_nhk/install/mizukiArm_withDT35_3/share/mizukiArm_withDT35_3/urdf
-- Up-to-date: /home/a/ws_nhk/install/mizukiArm_withDT35_3/share/mizukiArm_withDT35_3/urdf/MizukiArm_withDT35_3.csv
-- Installing: /home/a/ws_nhk/install/mizukiArm_withDT35_3/share/mizukiArm_withDT35_3/urdf/MizukiArm_withDT35_3.urdf
-- Up-to-date: /home/a/ws_nhk/install/mizukiArm_withDT35_3/share/ament_index/resource_index/package_run_dependencies/mizukiArm_withDT35_3
-- Up-to-date: /home/a/ws_nhk/install/mizukiArm_withDT35_3/share/ament_index/resource_index/parent_prefix_path/mizukiArm_withDT35_3
-- Up-to-date: /home/a/ws_nhk/install/mizukiArm_withDT35_3/share/mizukiArm_withDT35_3/environment/ament_prefix_path.sh
-- Up-to-date: /home/a/ws_nhk/install/mizukiArm_withDT35_3/share/mizukiArm_withDT35_3/environment/ament_prefix_path.dsv
-- Up-to-date: /home/a/ws_nhk/install/mizukiArm_withDT35_3/share/mizukiArm_withDT35_3/environment/path.sh
-- Up-to-date: /home/a/ws_nhk/install/mizukiArm_withDT35_3/share/mizukiArm_withDT35_3/environment/path.dsv
-- Up-to-date: /home/a/ws_nhk/install/mizukiArm_withDT35_3/share/mizukiArm_withDT35_3/local_setup.bash
-- Up-to-date: /home/a/ws_nhk/install/mizukiArm_withDT35_3/share/mizukiArm_withDT35_3/local_setup.sh
-- Up-to-date: /home/a/ws_nhk/install/mizukiArm_withDT35_3/share/mizukiArm_withDT35_3/local_setup.zsh
-- Up-to-date: /home/a/ws_nhk/install/mizukiArm_withDT35_3/share/mizukiArm_withDT35_3/local_setup.dsv
-- Up-to-date: /home/a/ws_nhk/install/mizukiArm_withDT35_3/share/mizukiArm_withDT35_3/package.dsv
-- Up-to-date: /home/a/ws_nhk/install/mizukiArm_withDT35_3/share/ament_index/resource_index/packages/mizukiArm_withDT35_3
-- Up-to-date: /home/a/ws_nhk/install/mizukiArm_withDT35_3/share/mizukiArm_withDT35_3/cmake/mizukiArm_withDT35_3Config.cmake
-- Up-to-date: /home/a/ws_nhk/install/mizukiArm_withDT35_3/share/mizukiArm_withDT35_3/cmake/mizukiArm_withDT35_3Config-version.cmake
-- Up-to-date: /home/a/ws_nhk/install/mizukiArm_withDT35_3/share/mizukiArm_withDT35_3/package.xml
