[0.214s] Invoking command in '/home/a/ws_nhk/build/mizukiArm_withDT35_3': CMAKE_PREFIX_PATH=${CMAKE_PREFIX_PATH}:/opt/ros/humble /usr/bin/cmake --build /home/a/ws_nhk/build/mizukiArm_withDT35_3 -- -j22 -l22
[0.281s] Invoked command in '/home/a/ws_nhk/build/mizukiArm_withDT35_3' returned '0': CMAKE_PREFIX_PATH=${CMAKE_PREFIX_PATH}:/opt/ros/humble /usr/bin/cmake --build /home/a/ws_nhk/build/mizukiArm_withDT35_3 -- -j22 -l22
[0.282s] Invoking command in '/home/a/ws_nhk/build/mizukiArm_withDT35_3': CMAKE_PREFIX_PATH=${CMAKE_PREFIX_PATH}:/opt/ros/humble /usr/bin/cmake --install /home/a/ws_nhk/build/mizukiArm_withDT35_3
[0.284s] -- Install configuration: ""
[0.285s] -- Up-to-date: /home/a/ws_nhk/install/mizukiArm_withDT35_3/share/mizukiArm_withDT35_3/config
[0.285s] -- Up-to-date: /home/a/ws_nhk/install/mizukiArm_withDT35_3/share/mizukiArm_withDT35_3/config/joint_names_MizukiArm_withDT35_3.yaml
[0.285s] -- Up-to-date: /home/a/ws_nhk/install/mizukiArm_withDT35_3/share/mizukiArm_withDT35_3/launch
[0.285s] -- Up-to-date: /home/a/ws_nhk/install/mizukiArm_withDT35_3/share/mizukiArm_withDT35_3/launch/gazebo.launch
[0.285s] -- Up-to-date: /home/a/ws_nhk/install/mizukiArm_withDT35_3/share/mizukiArm_withDT35_3/launch/display.launch.py
[0.285s] -- Up-to-date: /home/a/ws_nhk/install/mizukiArm_withDT35_3/share/mizukiArm_withDT35_3/launch/display.launch
[0.285s] -- Up-to-date: /home/a/ws_nhk/install/mizukiArm_withDT35_3/share/mizukiArm_withDT35_3/meshes
[0.285s] -- Up-to-date: /home/a/ws_nhk/install/mizukiArm_withDT35_3/share/mizukiArm_withDT35_3/meshes/hand_link.STL
[0.285s] -- Up-to-date: /home/a/ws_nhk/install/mizukiArm_withDT35_3/share/mizukiArm_withDT35_3/meshes/forearm_root_Link.STL
[0.285s] -- Up-to-date: /home/a/ws_nhk/install/mizukiArm_withDT35_3/share/mizukiArm_withDT35_3/meshes/base_link.STL
[0.285s] -- Up-to-date: /home/a/ws_nhk/install/mizukiArm_withDT35_3/share/mizukiArm_withDT35_3/meshes/2nd_Link.STL
[0.285s] -- Up-to-date: /home/a/ws_nhk/install/mizukiArm_withDT35_3/share/mizukiArm_withDT35_3/meshes/forearm_tip_link.STL
[0.285s] -- Up-to-date: /home/a/ws_nhk/install/mizukiArm_withDT35_3/share/mizukiArm_withDT35_3/meshes/wrist_link.STL
[0.285s] -- Up-to-date: /home/a/ws_nhk/install/mizukiArm_withDT35_3/share/mizukiArm_withDT35_3/meshes/3rd_Link.STL
[0.285s] -- Up-to-date: /home/a/ws_nhk/install/mizukiArm_withDT35_3/share/mizukiArm_withDT35_3/textures
[0.286s] -- Up-to-date: /home/a/ws_nhk/install/mizukiArm_withDT35_3/share/mizukiArm_withDT35_3/urdf
[0.286s] -- Up-to-date: /home/a/ws_nhk/install/mizukiArm_withDT35_3/share/mizukiArm_withDT35_3/urdf/MizukiArm_withDT35_3.csv
[0.286s] -- Up-to-date: /home/a/ws_nhk/install/mizukiArm_withDT35_3/share/mizukiArm_withDT35_3/urdf/MizukiArm_withDT35_3.urdf
[0.286s] -- Up-to-date: /home/a/ws_nhk/install/mizukiArm_withDT35_3/share/ament_index/resource_index/package_run_dependencies/mizukiArm_withDT35_3
[0.286s] -- Up-to-date: /home/a/ws_nhk/install/mizukiArm_withDT35_3/share/ament_index/resource_index/parent_prefix_path/mizukiArm_withDT35_3
[0.286s] -- Up-to-date: /home/a/ws_nhk/install/mizukiArm_withDT35_3/share/mizukiArm_withDT35_3/environment/ament_prefix_path.sh
[0.286s] -- Up-to-date: /home/a/ws_nhk/install/mizukiArm_withDT35_3/share/mizukiArm_withDT35_3/environment/ament_prefix_path.dsv
[0.286s] -- Up-to-date: /home/a/ws_nhk/install/mizukiArm_withDT35_3/share/mizukiArm_withDT35_3/environment/path.sh
[0.286s] -- Up-to-date: /home/a/ws_nhk/install/mizukiArm_withDT35_3/share/mizukiArm_withDT35_3/environment/path.dsv
[0.286s] -- Up-to-date: /home/a/ws_nhk/install/mizukiArm_withDT35_3/share/mizukiArm_withDT35_3/local_setup.bash
[0.286s] -- Up-to-date: /home/a/ws_nhk/install/mizukiArm_withDT35_3/share/mizukiArm_withDT35_3/local_setup.sh
[0.286s] -- Up-to-date: /home/a/ws_nhk/install/mizukiArm_withDT35_3/share/mizukiArm_withDT35_3/local_setup.zsh
[0.286s] -- Up-to-date: /home/a/ws_nhk/install/mizukiArm_withDT35_3/share/mizukiArm_withDT35_3/local_setup.dsv
[0.286s] -- Installing: /home/a/ws_nhk/install/mizukiArm_withDT35_3/share/mizukiArm_withDT35_3/package.dsv
[0.287s] -- Up-to-date: /home/a/ws_nhk/install/mizukiArm_withDT35_3/share/ament_index/resource_index/packages/mizukiArm_withDT35_3
[0.287s] -- Up-to-date: /home/a/ws_nhk/install/mizukiArm_withDT35_3/share/mizukiArm_withDT35_3/cmake/mizukiArm_withDT35_3Config.cmake
[0.287s] -- Up-to-date: /home/a/ws_nhk/install/mizukiArm_withDT35_3/share/mizukiArm_withDT35_3/cmake/mizukiArm_withDT35_3Config-version.cmake
[0.287s] -- Up-to-date: /home/a/ws_nhk/install/mizukiArm_withDT35_3/share/mizukiArm_withDT35_3/package.xml
[0.325s] Invoked command in '/home/a/ws_nhk/build/mizukiArm_withDT35_3' returned '0': CMAKE_PREFIX_PATH=${CMAKE_PREFIX_PATH}:/opt/ros/humble /usr/bin/cmake --install /home/a/ws_nhk/build/mizukiArm_withDT35_3
