[0.197s] Invoking command in '/home/a/ws_nhk/build/moveit_resources_prbt_support': CMAKE_PREFIX_PATH=${CMAKE_PREFIX_PATH}:/home/a/ws_nhk/install/moveit_configs_utils:/home/a/ws_nhk/install/launch_param_builder:/opt/ros/humble /usr/bin/cmake /home/a/ws_nhk/src/moveit2/moveit_planners/test_configs/prbt_support -DCMAKE_INSTALL_PREFIX=/home/a/ws_nhk/install/moveit_resources_prbt_support
[0.207s] -- Found ament_cmake: 1.3.12 (/opt/ros/humble/share/ament_cmake/cmake)
[0.338s] -- Configuring done
[0.339s] -- Generating done
[0.340s] -- Build files have been written to: /home/a/ws_nhk/build/moveit_resources_prbt_support
[0.362s] Invoked command in '/home/a/ws_nhk/build/moveit_resources_prbt_support' returned '0': CMAKE_PREFIX_PATH=${CMAKE_PREFIX_PATH}:/home/a/ws_nhk/install/moveit_configs_utils:/home/a/ws_nhk/install/launch_param_builder:/opt/ros/humble /usr/bin/cmake /home/a/ws_nhk/src/moveit2/moveit_planners/test_configs/prbt_support -DCMAKE_INSTALL_PREFIX=/home/a/ws_nhk/install/moveit_resources_prbt_support
[0.363s] Invoking command in '/home/a/ws_nhk/build/moveit_resources_prbt_support': CMAKE_PREFIX_PATH=${CMAKE_PREFIX_PATH}:/home/a/ws_nhk/install/moveit_configs_utils:/home/a/ws_nhk/install/launch_param_builder:/opt/ros/humble /usr/bin/cmake --build /home/a/ws_nhk/build/moveit_resources_prbt_support -- -j22 -l22
[0.427s] Invoked command in '/home/a/ws_nhk/build/moveit_resources_prbt_support' returned '0': CMAKE_PREFIX_PATH=${CMAKE_PREFIX_PATH}:/home/a/ws_nhk/install/moveit_configs_utils:/home/a/ws_nhk/install/launch_param_builder:/opt/ros/humble /usr/bin/cmake --build /home/a/ws_nhk/build/moveit_resources_prbt_support -- -j22 -l22
[0.428s] Invoking command in '/home/a/ws_nhk/build/moveit_resources_prbt_support': CMAKE_PREFIX_PATH=${CMAKE_PREFIX_PATH}:/home/a/ws_nhk/install/moveit_configs_utils:/home/a/ws_nhk/install/launch_param_builder:/opt/ros/humble /usr/bin/cmake --install /home/a/ws_nhk/build/moveit_resources_prbt_support
[0.438s] -- Install configuration: "Release"
[0.439s] -- Up-to-date: /home/a/ws_nhk/install/moveit_resources_prbt_support/share/ament_index/resource_index/package_run_dependencies/moveit_resources_prbt_support
[0.439s] -- Installing: /home/a/ws_nhk/install/moveit_resources_prbt_support/share/ament_index/resource_index/parent_prefix_path/moveit_resources_prbt_support
[0.439s] -- Up-to-date: /home/a/ws_nhk/install/moveit_resources_prbt_support/share/moveit_resources_prbt_support/environment/ament_prefix_path.sh
[0.439s] -- Installing: /home/a/ws_nhk/install/moveit_resources_prbt_support/share/moveit_resources_prbt_support/environment/ament_prefix_path.dsv
[0.439s] -- Up-to-date: /home/a/ws_nhk/install/moveit_resources_prbt_support/share/moveit_resources_prbt_support/environment/path.sh
[0.439s] -- Installing: /home/a/ws_nhk/install/moveit_resources_prbt_support/share/moveit_resources_prbt_support/environment/path.dsv
[0.439s] -- Up-to-date: /home/a/ws_nhk/install/moveit_resources_prbt_support/share/moveit_resources_prbt_support/local_setup.bash
[0.439s] -- Up-to-date: /home/a/ws_nhk/install/moveit_resources_prbt_support/share/moveit_resources_prbt_support/local_setup.sh
[0.439s] -- Up-to-date: /home/a/ws_nhk/install/moveit_resources_prbt_support/share/moveit_resources_prbt_support/local_setup.zsh
[0.439s] -- Installing: /home/a/ws_nhk/install/moveit_resources_prbt_support/share/moveit_resources_prbt_support/local_setup.dsv
[0.441s] -- Installing: /home/a/ws_nhk/install/moveit_resources_prbt_support/share/moveit_resources_prbt_support/package.dsv
[0.442s] -- Up-to-date: /home/a/ws_nhk/install/moveit_resources_prbt_support/share/ament_index/resource_index/packages/moveit_resources_prbt_support
[0.442s] -- Up-to-date: /home/a/ws_nhk/install/moveit_resources_prbt_support/share/moveit_resources_prbt_support/cmake/moveit_resources_prbt_supportConfig.cmake
[0.442s] -- Up-to-date: /home/a/ws_nhk/install/moveit_resources_prbt_support/share/moveit_resources_prbt_support/cmake/moveit_resources_prbt_supportConfig-version.cmake
[0.442s] -- Up-to-date: /home/a/ws_nhk/install/moveit_resources_prbt_support/share/moveit_resources_prbt_support/package.xml
[0.442s] -- Up-to-date: /home/a/ws_nhk/install/moveit_resources_prbt_support/share/moveit_resources_prbt_support/urdf
[0.442s] -- Up-to-date: /home/a/ws_nhk/install/moveit_resources_prbt_support/share/moveit_resources_prbt_support/urdf/prbt.ros2_control.xacro
[0.442s] -- Up-to-date: /home/a/ws_nhk/install/moveit_resources_prbt_support/share/moveit_resources_prbt_support/urdf/prbt.xacro
[0.442s] -- Up-to-date: /home/a/ws_nhk/install/moveit_resources_prbt_support/share/moveit_resources_prbt_support/urdf/prbt_macro.xacro
[0.443s] -- Up-to-date: /home/a/ws_nhk/install/moveit_resources_prbt_support/share/moveit_resources_prbt_support/urdf/simple_gripper_brackets.urdf.xacro
[0.443s] -- Up-to-date: /home/a/ws_nhk/install/moveit_resources_prbt_support/share/moveit_resources_prbt_support/meshes
[0.443s] -- Up-to-date: /home/a/ws_nhk/install/moveit_resources_prbt_support/share/moveit_resources_prbt_support/meshes/foot.stl
[0.443s] -- Up-to-date: /home/a/ws_nhk/install/moveit_resources_prbt_support/share/moveit_resources_prbt_support/meshes/link_1.dae
[0.443s] -- Up-to-date: /home/a/ws_nhk/install/moveit_resources_prbt_support/share/moveit_resources_prbt_support/meshes/flange.dae
[0.443s] -- Up-to-date: /home/a/ws_nhk/install/moveit_resources_prbt_support/share/moveit_resources_prbt_support/meshes/link_2.dae
[0.443s] -- Up-to-date: /home/a/ws_nhk/install/moveit_resources_prbt_support/share/moveit_resources_prbt_support/meshes/link_3.dae
[0.443s] -- Up-to-date: /home/a/ws_nhk/install/moveit_resources_prbt_support/share/moveit_resources_prbt_support/meshes/link_5.stl
[0.443s] -- Up-to-date: /home/a/ws_nhk/install/moveit_resources_prbt_support/share/moveit_resources_prbt_support/meshes/foot.dae
[0.443s] -- Up-to-date: /home/a/ws_nhk/install/moveit_resources_prbt_support/share/moveit_resources_prbt_support/meshes/flange.stl
[0.443s] -- Up-to-date: /home/a/ws_nhk/install/moveit_resources_prbt_support/share/moveit_resources_prbt_support/meshes/link_4.dae
[0.443s] -- Up-to-date: /home/a/ws_nhk/install/moveit_resources_prbt_support/share/moveit_resources_prbt_support/meshes/link_3.stl
[0.443s] -- Up-to-date: /home/a/ws_nhk/install/moveit_resources_prbt_support/share/moveit_resources_prbt_support/meshes/link_4.stl
[0.443s] -- Up-to-date: /home/a/ws_nhk/install/moveit_resources_prbt_support/share/moveit_resources_prbt_support/meshes/link_2.stl
[0.443s] -- Up-to-date: /home/a/ws_nhk/install/moveit_resources_prbt_support/share/moveit_resources_prbt_support/meshes/link_5.dae
[0.444s] -- Up-to-date: /home/a/ws_nhk/install/moveit_resources_prbt_support/share/moveit_resources_prbt_support/meshes/link_1.stl
[0.444s] -- Up-to-date: /home/a/ws_nhk/install/moveit_resources_prbt_support/share/moveit_resources_prbt_support/config
[0.444s] -- Up-to-date: /home/a/ws_nhk/install/moveit_resources_prbt_support/share/moveit_resources_prbt_support/config/manipulator_controller.yaml
[0.444s] -- Up-to-date: /home/a/ws_nhk/install/moveit_resources_prbt_support/share/moveit_resources_prbt_support/config/prbt_0_1.dcf
[0.444s] -- Up-to-date: /home/a/ws_nhk/install/moveit_resources_prbt_support/share/moveit_resources_prbt_support/config/manipulator_driver.yaml
[0.459s] Invoked command in '/home/a/ws_nhk/build/moveit_resources_prbt_support' returned '0': CMAKE_PREFIX_PATH=${CMAKE_PREFIX_PATH}:/home/a/ws_nhk/install/moveit_configs_utils:/home/a/ws_nhk/install/launch_param_builder:/opt/ros/humble /usr/bin/cmake --install /home/a/ws_nhk/build/moveit_resources_prbt_support
