[0.222s] Invoking command in '/home/a/ws_nhk/build/arm_v20_description': CMAKE_PREFIX_PATH=${CMAKE_PREFIX_PATH}:/home/a/ws_nhk/install/dynamixel_controller_gui:/home/a/ws_nhk/install/dynamixel_controller_client:/home/a/ws_nhk/install/moveit_configs_utils:/home/a/ws_nhk/install/launch_param_builder:/opt/ros/humble /usr/bin/cmake --build /home/a/ws_nhk/build/arm_v20_description -- -j22 -l22
[0.479s] Invoked command in '/home/a/ws_nhk/build/arm_v20_description' returned '0': CMAKE_PREFIX_PATH=${CMAKE_PREFIX_PATH}:/home/a/ws_nhk/install/dynamixel_controller_gui:/home/a/ws_nhk/install/dynamixel_controller_client:/home/a/ws_nhk/install/moveit_configs_utils:/home/a/ws_nhk/install/launch_param_builder:/opt/ros/humble /usr/bin/cmake --build /home/a/ws_nhk/build/arm_v20_description -- -j22 -l22
[0.480s] Invoking command in '/home/a/ws_nhk/build/arm_v20_description': CMAKE_PREFIX_PATH=${CMAKE_PREFIX_PATH}:/home/a/ws_nhk/install/dynamixel_controller_gui:/home/a/ws_nhk/install/dynamixel_controller_client:/home/a/ws_nhk/install/moveit_configs_utils:/home/a/ws_nhk/install/launch_param_builder:/opt/ros/humble /usr/bin/cmake --install /home/a/ws_nhk/build/arm_v20_description
[0.520s] -- Install configuration: ""
[0.520s] -- Up-to-date: /home/a/ws_nhk/install/arm_v20_description/share/arm_v20_description/meshes
[0.520s] -- Up-to-date: /home/a/ws_nhk/install/arm_v20_description/share/arm_v20_description/meshes/link5_1.stl
[0.520s] -- Up-to-date: /home/a/ws_nhk/install/arm_v20_description/share/arm_v20_description/meshes/base_link.stl
[0.520s] -- Up-to-date: /home/a/ws_nhk/install/arm_v20_description/share/arm_v20_description/meshes/link1_1.stl
[0.520s] -- Up-to-date: /home/a/ws_nhk/install/arm_v20_description/share/arm_v20_description/meshes/link4_1.stl
[0.520s] -- Up-to-date: /home/a/ws_nhk/install/arm_v20_description/share/arm_v20_description/meshes/endeffector_1.stl
[0.520s] -- Up-to-date: /home/a/ws_nhk/install/arm_v20_description/share/arm_v20_description/meshes/link2_1.stl
[0.520s] -- Up-to-date: /home/a/ws_nhk/install/arm_v20_description/share/arm_v20_description/meshes/link3_1.stl
[0.520s] -- Up-to-date: /home/a/ws_nhk/install/arm_v20_description/share/arm_v20_description/urdf
[0.520s] -- Up-to-date: /home/a/ws_nhk/install/arm_v20_description/share/arm_v20_description/urdf/arm_v20.trans
[0.520s] -- Up-to-date: /home/a/ws_nhk/install/arm_v20_description/share/arm_v20_description/urdf/materials.xacro
[0.520s] -- Up-to-date: /home/a/ws_nhk/install/arm_v20_description/share/arm_v20_description/urdf/materials.urdf
[0.520s] -- Up-to-date: /home/a/ws_nhk/install/arm_v20_description/share/arm_v20_description/urdf/arm_v20.xacro
[0.521s] -- Installing: /home/a/ws_nhk/install/arm_v20_description/share/arm_v20_description/urdf/arm_v20.urdf
[0.521s] -- Up-to-date: /home/a/ws_nhk/install/arm_v20_description/share/arm_v20_description/launch
[0.521s] -- Up-to-date: /home/a/ws_nhk/install/arm_v20_description/share/arm_v20_description/launch/robot_description.launch.py
[0.521s] -- Up-to-date: /home/a/ws_nhk/install/arm_v20_description/share/ament_index/resource_index/package_run_dependencies/arm_v20_description
[0.522s] -- Up-to-date: /home/a/ws_nhk/install/arm_v20_description/share/ament_index/resource_index/parent_prefix_path/arm_v20_description
[0.522s] -- Up-to-date: /home/a/ws_nhk/install/arm_v20_description/share/arm_v20_description/environment/ament_prefix_path.sh
[0.522s] -- Up-to-date: /home/a/ws_nhk/install/arm_v20_description/share/arm_v20_description/environment/ament_prefix_path.dsv
[0.522s] -- Up-to-date: /home/a/ws_nhk/install/arm_v20_description/share/arm_v20_description/environment/path.sh
[0.522s] -- Up-to-date: /home/a/ws_nhk/install/arm_v20_description/share/arm_v20_description/environment/path.dsv
[0.522s] -- Up-to-date: /home/a/ws_nhk/install/arm_v20_description/share/arm_v20_description/local_setup.bash
[0.522s] -- Up-to-date: /home/a/ws_nhk/install/arm_v20_description/share/arm_v20_description/local_setup.sh
[0.522s] -- Up-to-date: /home/a/ws_nhk/install/arm_v20_description/share/arm_v20_description/local_setup.zsh
[0.522s] -- Up-to-date: /home/a/ws_nhk/install/arm_v20_description/share/arm_v20_description/local_setup.dsv
[0.522s] -- Installing: /home/a/ws_nhk/install/arm_v20_description/share/arm_v20_description/package.dsv
[0.522s] -- Up-to-date: /home/a/ws_nhk/install/arm_v20_description/share/ament_index/resource_index/packages/arm_v20_description
[0.522s] -- Up-to-date: /home/a/ws_nhk/install/arm_v20_description/share/arm_v20_description/cmake/arm_v20_descriptionConfig.cmake
[0.522s] -- Up-to-date: /home/a/ws_nhk/install/arm_v20_description/share/arm_v20_description/cmake/arm_v20_descriptionConfig-version.cmake
[0.522s] -- Up-to-date: /home/a/ws_nhk/install/arm_v20_description/share/arm_v20_description/package.xml
[0.573s] Invoked command in '/home/a/ws_nhk/build/arm_v20_description' returned '0': CMAKE_PREFIX_PATH=${CMAKE_PREFIX_PATH}:/home/a/ws_nhk/install/dynamixel_controller_gui:/home/a/ws_nhk/install/dynamixel_controller_client:/home/a/ws_nhk/install/moveit_configs_utils:/home/a/ws_nhk/install/launch_param_builder:/opt/ros/humble /usr/bin/cmake --install /home/a/ws_nhk/build/arm_v20_description
